2019-07-03 20:54:54.002 INFO [main]com.acong.MainApp.logStarting:50 -Starting MainApp on zhaoyanandeMacBook-Pro.local with PID 639 (/Users/zhaoyanan/code/springboot_redis/target/classes started by zhaoyanan in /Users/zhaoyanan/code/springboot_redis)
2019-07-03 20:54:54.009 INFO [main]com.acong.MainApp.logStartupProfileInfo:659 -No active profile set, falling back to default profiles: default
2019-07-03 20:54:54.059 INFO [main]o.s.b.w.s.c.AnnotationConfigServletWebServerApplicationContext.prepareRefresh:590 -Refreshing org.springframework.boot.web.servlet.context.AnnotationConfigServletWebServerApplicationContext@2bd08376: startup date [Wed Jul 03 20:54:54 CST 2019]; root of context hierarchy
2019-07-03 20:54:54.723 INFO [main]o.s.d.repository.config.RepositoryConfigurationDelegate.multipleStoresDetected:163 -Multiple Spring Data modules found, entering strict repository configuration mode!
2019-07-03 20:54:55.138 INFO [main]o.s.c.s.PostProcessorRegistrationDelegate$BeanPostProcessorChecker.postProcessAfterInitialization:328 -Bean 'config' of type [com.acong.Config$$EnhancerBySpringCGLIB$$ffbcfaeb] is not eligible for getting processed by all BeanPostProcessors (for example: not eligible for auto-proxying)
2019-07-03 20:54:55.144 INFO [main]o.s.c.s.PostProcessorRegistrationDelegate$BeanPostProcessorChecker.postProcessAfterInitialization:328 -Bean 'org.springframework.transaction.annotation.ProxyTransactionManagementConfiguration' of type [org.springframework.transaction.annotation.ProxyTransactionManagementConfiguration$$EnhancerBySpringCGLIB$$e2a650f] is not eligible for getting processed by all BeanPostProcessors (for example: not eligible for auto-proxying)
2019-07-03 20:54:55.176 INFO [main]o.s.c.s.PostProcessorRegistrationDelegate$BeanPostProcessorChecker.postProcessAfterInitialization:328 -Bean 'org.springframework.cache.annotation.ProxyCachingConfiguration' of type [org.springframework.cache.annotation.ProxyCachingConfiguration$$EnhancerBySpringCGLIB$$573c9b2d] is not eligible for getting processed by all BeanPostProcessors (for example: not eligible for auto-proxying)
2019-07-03 20:54:55.479 INFO [main]o.s.boot.web.embedded.tomcat.TomcatWebServer.initialize:91 -Tomcat initialized with port(s): 8081 (http)
2019-07-03 20:54:55.496 INFO [main]org.apache.coyote.http11.Http11NioProtocol.log:180 -Initializing ProtocolHandler ["http-nio-8081"]
2019-07-03 20:54:55.506 INFO [main]org.apache.catalina.core.StandardService.log:180 -Starting service [Tomcat]
2019-07-03 20:54:55.506 INFO [main]org.apache.catalina.core.StandardEngine.log:180 -Starting Servlet Engine: Apache Tomcat/8.5.29
2019-07-03 20:54:55.511 INFO [localhost-startStop-1]org.apache.catalina.core.AprLifecycleListener.log:180 -The APR based Apache Tomcat Native library which allows optimal performance in production environments was not found on the java.library.path: [/Users/zhaoyanan/Library/Java/Extensions:/Library/Java/Extensions:/Network/Library/Java/Extensions:/System/Library/Java/Extensions:/usr/lib/java:.]
2019-07-03 20:54:55.602 INFO [localhost-startStop-1]o.a.catalina.core.ContainerBase.[Tomcat].[localhost].[/].log:180 -Initializing Spring embedded WebApplicationContext
2019-07-03 20:54:55.602 INFO [localhost-startStop-1]org.springframework.web.context.ContextLoader.prepareWebApplicationContext:285 -Root WebApplicationContext: initialization completed in 1543 ms
2019-07-03 20:54:55.739 INFO [localhost-startStop-1]o.s.boot.web.servlet.ServletRegistrationBean.addRegistration:185 -Servlet dispatcherServlet mapped to [/]
2019-07-03 20:54:55.745 INFO [localhost-startStop-1]o.s.boot.web.servlet.FilterRegistrationBean.configure:244 -Mapping filter: 'characterEncodingFilter' to: [/*]
2019-07-03 20:54:55.746 INFO [localhost-startStop-1]o.s.boot.web.servlet.FilterRegistrationBean.configure:244 -Mapping filter: 'hiddenHttpMethodFilter' to: [/*]
2019-07-03 20:54:55.746 INFO [localhost-startStop-1]o.s.boot.web.servlet.FilterRegistrationBean.configure:244 -Mapping filter: 'httpPutFormContentFilter' to: [/*]
2019-07-03 20:54:55.746 INFO [localhost-startStop-1]o.s.boot.web.servlet.FilterRegistrationBean.configure:244 -Mapping filter: 'requestContextFilter' to: [/*]
2019-07-03 20:54:56.615 INFO [main]o.s.web.servlet.handler.SimpleUrlHandlerMapping.registerHandler:373 -Mapped URL path [/**/favicon.ico] onto handler of type [class org.springframework.web.servlet.resource.ResourceHttpRequestHandler]
2019-07-03 20:54:56.873 INFO [main]o.s.w.s.m.method.annotation.RequestMappingHandlerAdapter.initControllerAdviceCache:574 -Looking for @ControllerAdvice: org.springframework.boot.web.servlet.context.AnnotationConfigServletWebServerApplicationContext@2bd08376: startup date [Wed Jul 03 20:54:54 CST 2019]; root of context hierarchy
2019-07-03 20:54:56.958 INFO [main]o.s.w.s.m.method.annotation.RequestMappingHandlerMapping.register:547 -Mapped "{[/UserAdmin/queryAll]}" onto public java.util.List<com.acong.entity.UserAdmin> com.acong.controller.UserAdminController.queryAll()
2019-07-03 20:54:56.960 INFO [main]o.s.w.s.m.method.annotation.RequestMappingHandlerMapping.register:547 -Mapped "{[/UserAdmin/findUserAdminById]}" onto public com.acong.entity.UserAdmin com.acong.controller.UserAdminController.findUserAdminById(int)
2019-07-03 20:54:56.961 INFO [main]o.s.w.s.m.method.annotation.RequestMappingHandlerMapping.register:547 -Mapped "{[/UserAdmin/updateUserAdmin]}" onto public java.lang.String com.acong.controller.UserAdminController.updateUserAdmin()
2019-07-03 20:54:56.961 INFO [main]o.s.w.s.m.method.annotation.RequestMappingHandlerMapping.register:547 -Mapped "{[/UserAdmin/insertUserAdmin]}" onto public java.lang.String com.acong.controller.UserAdminController.insertUserAdmin()
2019-07-03 20:54:56.961 INFO [main]o.s.w.s.m.method.annotation.RequestMappingHandlerMapping.register:547 -Mapped "{[/UserAdmin/deleteById]}" onto public java.lang.String com.acong.controller.UserAdminController.deleteById(int)
2019-07-03 20:54:56.961 INFO [main]o.s.w.s.m.method.annotation.RequestMappingHandlerMapping.register:547 -Mapped "{[/UserAdmin/findUserAdminByName]}" onto public java.util.List<com.acong.entity.UserAdmin> com.acong.controller.UserAdminController.findUserAdminByName(java.lang.String)
2019-07-03 20:54:56.963 INFO [main]o.s.w.s.m.method.annotation.RequestMappingHandlerMapping.register:547 -Mapped "{[/User/testList]}" onto public java.util.List<java.lang.String> com.acong.controller.UserController.test2()
2019-07-03 20:54:56.963 INFO [main]o.s.w.s.m.method.annotation.RequestMappingHandlerMapping.register:547 -Mapped "{[/User/testMap]}" onto public java.util.Map<java.lang.String, java.lang.String> com.acong.controller.UserController.test1()
2019-07-03 20:54:56.964 INFO [main]o.s.w.s.m.method.annotation.RequestMappingHandlerMapping.register:547 -Mapped "{[/User/queryAll]}" onto public java.util.List<com.acong.entity.User> com.acong.controller.UserController.queryAll()
2019-07-03 20:54:56.964 INFO [main]o.s.w.s.m.method.annotation.RequestMappingHandlerMapping.register:547 -Mapped "{[/User/testController]}" onto public java.lang.String com.acong.controller.UserController.testController()
2019-07-03 20:54:56.964 INFO [main]o.s.w.s.m.method.annotation.RequestMappingHandlerMapping.register:547 -Mapped "{[/User/findUserById]}" onto public java.util.Map<java.lang.String, java.lang.Object> com.acong.controller.UserController.findUserById(int)
2019-07-03 20:54:56.965 INFO [main]o.s.w.s.m.method.annotation.RequestMappingHandlerMapping.register:547 -Mapped "{[/User/updateUser]}" onto public java.lang.String com.acong.controller.UserController.updateUser()
2019-07-03 20:54:56.965 INFO [main]o.s.w.s.m.method.annotation.RequestMappingHandlerMapping.register:547 -Mapped "{[/User/deleteUserById]}" onto public java.lang.String com.acong.controller.UserController.deleteUserById(int)
2019-07-03 20:54:56.967 INFO [main]o.s.w.s.m.method.annotation.RequestMappingHandlerMapping.register:547 -Mapped "{[/error]}" onto public org.springframework.http.ResponseEntity<java.util.Map<java.lang.String, java.lang.Object>> org.springframework.boot.autoconfigure.web.servlet.error.BasicErrorController.error(javax.servlet.http.HttpServletRequest)
2019-07-03 20:54:56.968 INFO [main]o.s.w.s.m.method.annotation.RequestMappingHandlerMapping.register:547 -Mapped "{[/error],produces=[text/html]}" onto public org.springframework.web.servlet.ModelAndView org.springframework.boot.autoconfigure.web.servlet.error.BasicErrorController.errorHtml(javax.servlet.http.HttpServletRequest,javax.servlet.http.HttpServletResponse)
2019-07-03 20:54:56.994 INFO [main]o.s.web.servlet.handler.SimpleUrlHandlerMapping.registerHandler:373 -Mapped URL path [/webjars/**] onto handler of type [class org.springframework.web.servlet.resource.ResourceHttpRequestHandler]
2019-07-03 20:54:56.995 INFO [main]o.s.web.servlet.handler.SimpleUrlHandlerMapping.registerHandler:373 -Mapped URL path [/**] onto handler of type [class org.springframework.web.servlet.resource.ResourceHttpRequestHandler]
2019-07-03 20:54:57.437 INFO [main]o.s.jmx.export.annotation.AnnotationMBeanExporter.afterSingletonsInstantiated:433 -Registering beans for JMX exposure on startup
2019-07-03 20:54:57.438 INFO [main]o.s.jmx.export.annotation.AnnotationMBeanExporter.autodetect:895 -Bean with name 'dataSource' has been autodetected for JMX exposure
2019-07-03 20:54:57.443 INFO [main]o.s.jmx.export.annotation.AnnotationMBeanExporter.registerBeanInstance:668 -Located MBean 'dataSource': registering with JMX server as MBean [com.zaxxer.hikari:name=dataSource,type=HikariDataSource]
2019-07-03 20:54:57.456 INFO [main]org.apache.coyote.http11.Http11NioProtocol.log:180 -Starting ProtocolHandler ["http-nio-8081"]
2019-07-03 20:54:57.481 INFO [main]org.apache.tomcat.util.net.NioSelectorPool.log:180 -Using a shared selector for servlet write/read
2019-07-03 20:54:57.496 INFO [main]o.s.boot.web.embedded.tomcat.TomcatWebServer.start:206 -Tomcat started on port(s): 8081 (http) with context path ''
2019-07-03 20:54:57.501 INFO [main]com.acong.MainApp.logStarted:59 -Started MainApp in 24.051 seconds (JVM running for 30.802)
2019-07-03 20:55:19.150 INFO [Thread-51]o.s.b.w.s.c.AnnotationConfigServletWebServerApplicationContext.doClose:993 -Closing org.springframework.boot.web.servlet.context.AnnotationConfigServletWebServerApplicationContext@2bd08376: startup date [Wed Jul 03 20:54:54 CST 2019]; root of context hierarchy
2019-07-03 20:55:19.153 INFO [Thread-51]o.s.jmx.export.annotation.AnnotationMBeanExporter.destroy:451 -Unregistering JMX-exposed beans on shutdown
2019-07-03 20:55:19.154 INFO [Thread-51]o.s.jmx.export.annotation.AnnotationMBeanExporter.unregisterBeans:183 -Unregistering JMX-exposed beans
2019-07-03 20:59:10.782 INFO [main]com.acong.MainApp.logStarting:50 -Starting MainApp on zhaoyanandeMacBook-Pro.local with PID 683 (/Users/zhaoyanan/code/springboot_redis/target/classes started by zhaoyanan in /Users/zhaoyanan/code/springboot_redis)
2019-07-03 20:59:10.787 INFO [main]com.acong.MainApp.logStartupProfileInfo:659 -No active profile set, falling back to default profiles: default
2019-07-03 20:59:10.826 INFO [main]o.s.b.w.s.c.AnnotationConfigServletWebServerApplicationContext.prepareRefresh:590 -Refreshing org.springframework.boot.web.servlet.context.AnnotationConfigServletWebServerApplicationContext@77128536: startup date [Wed Jul 03 20:59:10 CST 2019]; root of context hierarchy
2019-07-03 20:59:11.291 INFO [main]o.s.d.repository.config.RepositoryConfigurationDelegate.multipleStoresDetected:163 -Multiple Spring Data modules found, entering strict repository configuration mode!
2019-07-03 20:59:11.609 INFO [main]o.s.c.s.PostProcessorRegistrationDelegate$BeanPostProcessorChecker.postProcessAfterInitialization:328 -Bean 'config' of type [com.acong.Config$$EnhancerBySpringCGLIB$$f243cb79] is not eligible for getting processed by all BeanPostProcessors (for example: not eligible for auto-proxying)
2019-07-03 20:59:11.615 INFO [main]o.s.c.s.PostProcessorRegistrationDelegate$BeanPostProcessorChecker.postProcessAfterInitialization:328 -Bean 'org.springframework.transaction.annotation.ProxyTransactionManagementConfiguration' of type [org.springframework.transaction.annotation.ProxyTransactionManagementConfiguration$$EnhancerBySpringCGLIB$$b1359d] is not eligible for getting processed by all BeanPostProcessors (for example: not eligible for auto-proxying)
2019-07-03 20:59:11.643 INFO [main]o.s.c.s.PostProcessorRegistrationDelegate$BeanPostProcessorChecker.postProcessAfterInitialization:328 -Bean 'org.springframework.cache.annotation.ProxyCachingConfiguration' of type [org.springframework.cache.annotation.ProxyCachingConfiguration$$EnhancerBySpringCGLIB$$49c36bbb] is not eligible for getting processed by all BeanPostProcessors (for example: not eligible for auto-proxying)
2019-07-03 20:59:11.911 INFO [main]o.s.boot.web.embedded.tomcat.TomcatWebServer.initialize:91 -Tomcat initialized with port(s): 8081 (http)
2019-07-03 20:59:11.923 INFO [main]org.apache.coyote.http11.Http11NioProtocol.log:180 -Initializing ProtocolHandler ["http-nio-8081"]
2019-07-03 20:59:11.931 INFO [main]org.apache.catalina.core.StandardService.log:180 -Starting service [Tomcat]
2019-07-03 20:59:11.932 INFO [main]org.apache.catalina.core.StandardEngine.log:180 -Starting Servlet Engine: Apache Tomcat/8.5.29
2019-07-03 20:59:11.936 INFO [localhost-startStop-1]org.apache.catalina.core.AprLifecycleListener.log:180 -The APR based Apache Tomcat Native library which allows optimal performance in production environments was not found on the java.library.path: [/Users/zhaoyanan/Library/Java/Extensions:/Library/Java/Extensions:/Network/Library/Java/Extensions:/System/Library/Java/Extensions:/usr/lib/java:.]
2019-07-03 20:59:12.003 INFO [localhost-startStop-1]o.a.catalina.core.ContainerBase.[Tomcat].[localhost].[/].log:180 -Initializing Spring embedded WebApplicationContext
2019-07-03 20:59:12.003 INFO [localhost-startStop-1]org.springframework.web.context.ContextLoader.prepareWebApplicationContext:285 -Root WebApplicationContext: initialization completed in 1177 ms
2019-07-03 20:59:12.125 INFO [localhost-startStop-1]o.s.boot.web.servlet.ServletRegistrationBean.addRegistration:185 -Servlet dispatcherServlet mapped to [/]
2019-07-03 20:59:12.138 INFO [localhost-startStop-1]o.s.boot.web.servlet.FilterRegistrationBean.configure:244 -Mapping filter: 'characterEncodingFilter' to: [/*]
2019-07-03 20:59:12.141 INFO [localhost-startStop-1]o.s.boot.web.servlet.FilterRegistrationBean.configure:244 -Mapping filter: 'hiddenHttpMethodFilter' to: [/*]
2019-07-03 20:59:12.142 INFO [localhost-startStop-1]o.s.boot.web.servlet.FilterRegistrationBean.configure:244 -Mapping filter: 'httpPutFormContentFilter' to: [/*]
2019-07-03 20:59:12.142 INFO [localhost-startStop-1]o.s.boot.web.servlet.FilterRegistrationBean.configure:244 -Mapping filter: 'requestContextFilter' to: [/*]
2019-07-03 20:59:12.772 INFO [main]o.s.web.servlet.handler.SimpleUrlHandlerMapping.registerHandler:373 -Mapped URL path [/**/favicon.ico] onto handler of type [class org.springframework.web.servlet.resource.ResourceHttpRequestHandler]
2019-07-03 20:59:12.984 INFO [main]o.s.w.s.m.method.annotation.RequestMappingHandlerAdapter.initControllerAdviceCache:574 -Looking for @ControllerAdvice: org.springframework.boot.web.servlet.context.AnnotationConfigServletWebServerApplicationContext@77128536: startup date [Wed Jul 03 20:59:10 CST 2019]; root of context hierarchy
2019-07-03 20:59:13.051 INFO [main]o.s.w.s.m.method.annotation.RequestMappingHandlerMapping.register:547 -Mapped "{[/UserAdmin/queryAll]}" onto public java.util.List<com.acong.entity.UserAdmin> com.acong.controller.UserAdminController.queryAll()
2019-07-03 20:59:13.052 INFO [main]o.s.w.s.m.method.annotation.RequestMappingHandlerMapping.register:547 -Mapped "{[/UserAdmin/insertUserAdmin]}" onto public java.lang.String com.acong.controller.UserAdminController.insertUserAdmin()
2019-07-03 20:59:13.053 INFO [main]o.s.w.s.m.method.annotation.RequestMappingHandlerMapping.register:547 -Mapped "{[/UserAdmin/deleteById]}" onto public java.lang.String com.acong.controller.UserAdminController.deleteById(int)
2019-07-03 20:59:13.054 INFO [main]o.s.w.s.m.method.annotation.RequestMappingHandlerMapping.register:547 -Mapped "{[/UserAdmin/findUserAdminByName]}" onto public java.util.List<com.acong.entity.UserAdmin> com.acong.controller.UserAdminController.findUserAdminByName(java.lang.String)
2019-07-03 20:59:13.054 INFO [main]o.s.w.s.m.method.annotation.RequestMappingHandlerMapping.register:547 -Mapped "{[/UserAdmin/findUserAdminById]}" onto public com.acong.entity.UserAdmin com.acong.controller.UserAdminController.findUserAdminById(int)
2019-07-03 20:59:13.054 INFO [main]o.s.w.s.m.method.annotation.RequestMappingHandlerMapping.register:547 -Mapped "{[/UserAdmin/updateUserAdmin]}" onto public java.lang.String com.acong.controller.UserAdminController.updateUserAdmin()
2019-07-03 20:59:13.059 INFO [main]o.s.w.s.m.method.annotation.RequestMappingHandlerMapping.register:547 -Mapped "{[/User/testMap]}" onto public java.util.Map<java.lang.String, java.lang.String> com.acong.controller.UserController.test1()
2019-07-03 20:59:13.061 INFO [main]o.s.w.s.m.method.annotation.RequestMappingHandlerMapping.register:547 -Mapped "{[/User/queryAll]}" onto public java.util.List<com.acong.entity.User> com.acong.controller.UserController.queryAll()
2019-07-03 20:59:13.062 INFO [main]o.s.w.s.m.method.annotation.RequestMappingHandlerMapping.register:547 -Mapped "{[/User/testList]}" onto public java.util.List<java.lang.String> com.acong.controller.UserController.test2()
2019-07-03 20:59:13.063 INFO [main]o.s.w.s.m.method.annotation.RequestMappingHandlerMapping.register:547 -Mapped "{[/User/testController]}" onto public java.lang.String com.acong.controller.UserController.testController()
2019-07-03 20:59:13.064 INFO [main]o.s.w.s.m.method.annotation.RequestMappingHandlerMapping.register:547 -Mapped "{[/User/findUserById]}" onto public java.util.Map<java.lang.String, java.lang.Object> com.acong.controller.UserController.findUserById(int)
2019-07-03 20:59:13.065 INFO [main]o.s.w.s.m.method.annotation.RequestMappingHandlerMapping.register:547 -Mapped "{[/User/updateUser]}" onto public java.lang.String com.acong.controller.UserController.updateUser()
2019-07-03 20:59:13.066 INFO [main]o.s.w.s.m.method.annotation.RequestMappingHandlerMapping.register:547 -Mapped "{[/User/deleteUserById]}" onto public java.lang.String com.acong.controller.UserController.deleteUserById(int)
2019-07-03 20:59:13.071 INFO [main]o.s.w.s.m.method.annotation.RequestMappingHandlerMapping.register:547 -Mapped "{[/error]}" onto public org.springframework.http.ResponseEntity<java.util.Map<java.lang.String, java.lang.Object>> org.springframework.boot.autoconfigure.web.servlet.error.BasicErrorController.error(javax.servlet.http.HttpServletRequest)
2019-07-03 20:59:13.072 INFO [main]o.s.w.s.m.method.annotation.RequestMappingHandlerMapping.register:547 -Mapped "{[/error],produces=[text/html]}" onto public org.springframework.web.servlet.ModelAndView org.springframework.boot.autoconfigure.web.servlet.error.BasicErrorController.errorHtml(javax.servlet.http.HttpServletRequest,javax.servlet.http.HttpServletResponse)
2019-07-03 20:59:13.101 INFO [main]o.s.web.servlet.handler.SimpleUrlHandlerMapping.registerHandler:373 -Mapped URL path [/webjars/**] onto handler of type [class org.springframework.web.servlet.resource.ResourceHttpRequestHandler]
2019-07-03 20:59:13.101 INFO [main]o.s.web.servlet.handler.SimpleUrlHandlerMapping.registerHandler:373 -Mapped URL path [/**] onto handler of type [class org.springframework.web.servlet.resource.ResourceHttpRequestHandler]
2019-07-03 20:59:13.531 INFO [main]o.s.jmx.export.annotation.AnnotationMBeanExporter.afterSingletonsInstantiated:433 -Registering beans for JMX exposure on startup
2019-07-03 20:59:13.532 INFO [main]o.s.jmx.export.annotation.AnnotationMBeanExporter.autodetect:895 -Bean with name 'dataSource' has been autodetected for JMX exposure
2019-07-03 20:59:13.538 INFO [main]o.s.jmx.export.annotation.AnnotationMBeanExporter.registerBeanInstance:668 -Located MBean 'dataSource': registering with JMX server as MBean [com.zaxxer.hikari:name=dataSource,type=HikariDataSource]
2019-07-03 20:59:13.547 INFO [main]org.apache.coyote.http11.Http11NioProtocol.log:180 -Starting ProtocolHandler ["http-nio-8081"]
2019-07-03 20:59:13.576 INFO [main]org.apache.tomcat.util.net.NioSelectorPool.log:180 -Using a shared selector for servlet write/read
2019-07-03 20:59:13.588 INFO [main]o.s.boot.web.embedded.tomcat.TomcatWebServer.start:206 -Tomcat started on port(s): 8081 (http) with context path ''
2019-07-03 20:59:13.593 INFO [main]com.acong.MainApp.logStarted:59 -Started MainApp in 23.225 seconds (JVM running for 28.954)
