2019-07-09 21:14:22.284 INFO [main]com.acong.MainApp.logStarting:50 -Starting MainApp on zhaoyanandeMacBook-Pro.local with PID 597 (/Users/zhaoyanan/code/springboot_redis/target/classes started by zhaoyanan in /Users/zhaoyanan/code/springboot_redis)
2019-07-09 21:14:22.291 INFO [main]com.acong.MainApp.logStartupProfileInfo:659 -No active profile set, falling back to default profiles: default
2019-07-09 21:14:22.348 INFO [main]o.s.b.w.s.c.AnnotationConfigServletWebServerApplicationContext.prepareRefresh:590 -Refreshing org.springframework.boot.web.servlet.context.AnnotationConfigServletWebServerApplicationContext@4241e0f4: startup date [Tue Jul 09 21:14:22 CST 2019]; root of context hierarchy
2019-07-09 21:14:23.032 INFO [main]o.s.d.repository.config.RepositoryConfigurationDelegate.multipleStoresDetected:163 -Multiple Spring Data modules found, entering strict repository configuration mode!
2019-07-09 21:14:23.439 INFO [main]o.s.c.s.PostProcessorRegistrationDelegate$BeanPostProcessorChecker.postProcessAfterInitialization:328 -Bean 'config' of type [com.acong.Config$$EnhancerBySpringCGLIB$$d0ef9884] is not eligible for getting processed by all BeanPostProcessors (for example: not eligible for auto-proxying)
2019-07-09 21:14:23.445 INFO [main]o.s.c.s.PostProcessorRegistrationDelegate$BeanPostProcessorChecker.postProcessAfterInitialization:328 -Bean 'org.springframework.transaction.annotation.ProxyTransactionManagementConfiguration' of type [org.springframework.transaction.annotation.ProxyTransactionManagementConfiguration$$EnhancerBySpringCGLIB$$df5d02a8] is not eligible for getting processed by all BeanPostProcessors (for example: not eligible for auto-proxying)
2019-07-09 21:14:23.482 INFO [main]o.s.c.s.PostProcessorRegistrationDelegate$BeanPostProcessorChecker.postProcessAfterInitialization:328 -Bean 'org.springframework.cache.annotation.ProxyCachingConfiguration' of type [org.springframework.cache.annotation.ProxyCachingConfiguration$$EnhancerBySpringCGLIB$$286f38c6] is not eligible for getting processed by all BeanPostProcessors (for example: not eligible for auto-proxying)
2019-07-09 21:14:23.813 INFO [main]o.s.boot.web.embedded.tomcat.TomcatWebServer.initialize:91 -Tomcat initialized with port(s): 8081 (http)
2019-07-09 21:14:23.833 INFO [main]org.apache.coyote.http11.Http11NioProtocol.log:180 -Initializing ProtocolHandler ["http-nio-8081"]
2019-07-09 21:14:23.843 INFO [main]org.apache.catalina.core.StandardService.log:180 -Starting service [Tomcat]
2019-07-09 21:14:23.844 INFO [main]org.apache.catalina.core.StandardEngine.log:180 -Starting Servlet Engine: Apache Tomcat/8.5.29
2019-07-09 21:14:23.849 INFO [localhost-startStop-1]org.apache.catalina.core.AprLifecycleListener.log:180 -The APR based Apache Tomcat Native library which allows optimal performance in production environments was not found on the java.library.path: [/Users/zhaoyanan/Library/Java/Extensions:/Library/Java/Extensions:/Network/Library/Java/Extensions:/System/Library/Java/Extensions:/usr/lib/java:.]
2019-07-09 21:14:23.935 INFO [localhost-startStop-1]o.a.catalina.core.ContainerBase.[Tomcat].[localhost].[/].log:180 -Initializing Spring embedded WebApplicationContext
2019-07-09 21:14:23.935 INFO [localhost-startStop-1]org.springframework.web.context.ContextLoader.prepareWebApplicationContext:285 -Root WebApplicationContext: initialization completed in 1588 ms
2019-07-09 21:14:24.059 INFO [localhost-startStop-1]o.s.boot.web.servlet.ServletRegistrationBean.addRegistration:185 -Servlet dispatcherServlet mapped to [/]
2019-07-09 21:14:24.063 INFO [localhost-startStop-1]o.s.boot.web.servlet.FilterRegistrationBean.configure:244 -Mapping filter: 'characterEncodingFilter' to: [/*]
2019-07-09 21:14:24.064 INFO [localhost-startStop-1]o.s.boot.web.servlet.FilterRegistrationBean.configure:244 -Mapping filter: 'hiddenHttpMethodFilter' to: [/*]
2019-07-09 21:14:24.064 INFO [localhost-startStop-1]o.s.boot.web.servlet.FilterRegistrationBean.configure:244 -Mapping filter: 'httpPutFormContentFilter' to: [/*]
2019-07-09 21:14:24.064 INFO [localhost-startStop-1]o.s.boot.web.servlet.FilterRegistrationBean.configure:244 -Mapping filter: 'requestContextFilter' to: [/*]
2019-07-09 21:14:25.016 INFO [main]o.s.web.servlet.handler.SimpleUrlHandlerMapping.registerHandler:373 -Mapped URL path [/**/favicon.ico] onto handler of type [class org.springframework.web.servlet.resource.ResourceHttpRequestHandler]
2019-07-09 21:14:25.277 INFO [main]o.s.w.s.m.method.annotation.RequestMappingHandlerAdapter.initControllerAdviceCache:574 -Looking for @ControllerAdvice: org.springframework.boot.web.servlet.context.AnnotationConfigServletWebServerApplicationContext@4241e0f4: startup date [Tue Jul 09 21:14:22 CST 2019]; root of context hierarchy
2019-07-09 21:14:25.345 INFO [main]o.s.w.s.m.method.annotation.RequestMappingHandlerMapping.register:547 -Mapped "{[/UserAdmin/queryAll]}" onto public java.util.List<com.acong.entity.UserAdmin> com.acong.controller.UserAdminController.queryAll()
2019-07-09 21:14:25.347 INFO [main]o.s.w.s.m.method.annotation.RequestMappingHandlerMapping.register:547 -Mapped "{[/UserAdmin/findUserAdminById]}" onto public com.acong.entity.UserAdmin com.acong.controller.UserAdminController.findUserAdminById(int)
2019-07-09 21:14:25.348 INFO [main]o.s.w.s.m.method.annotation.RequestMappingHandlerMapping.register:547 -Mapped "{[/UserAdmin/updateUserAdmin]}" onto public java.lang.String com.acong.controller.UserAdminController.updateUserAdmin()
2019-07-09 21:14:25.348 INFO [main]o.s.w.s.m.method.annotation.RequestMappingHandlerMapping.register:547 -Mapped "{[/UserAdmin/insertUserAdmin]}" onto public java.lang.String com.acong.controller.UserAdminController.insertUserAdmin()
2019-07-09 21:14:25.348 INFO [main]o.s.w.s.m.method.annotation.RequestMappingHandlerMapping.register:547 -Mapped "{[/UserAdmin/deleteById]}" onto public java.lang.String com.acong.controller.UserAdminController.deleteById(int)
2019-07-09 21:14:25.349 INFO [main]o.s.w.s.m.method.annotation.RequestMappingHandlerMapping.register:547 -Mapped "{[/UserAdmin/findUserAdminByName]}" onto public java.util.List<com.acong.entity.UserAdmin> com.acong.controller.UserAdminController.findUserAdminByName(java.lang.String)
2019-07-09 21:14:25.350 INFO [main]o.s.w.s.m.method.annotation.RequestMappingHandlerMapping.register:547 -Mapped "{[/User/testList]}" onto public java.util.List<java.lang.String> com.acong.controller.UserController.test2()
2019-07-09 21:14:25.351 INFO [main]o.s.w.s.m.method.annotation.RequestMappingHandlerMapping.register:547 -Mapped "{[/User/testMap]}" onto public java.util.Map<java.lang.String, java.lang.String> com.acong.controller.UserController.test1()
2019-07-09 21:14:25.351 INFO [main]o.s.w.s.m.method.annotation.RequestMappingHandlerMapping.register:547 -Mapped "{[/User/queryAll]}" onto public java.util.List<com.acong.entity.User> com.acong.controller.UserController.queryAll()
2019-07-09 21:14:25.351 INFO [main]o.s.w.s.m.method.annotation.RequestMappingHandlerMapping.register:547 -Mapped "{[/User/testController]}" onto public java.lang.String com.acong.controller.UserController.testController()
2019-07-09 21:14:25.352 INFO [main]o.s.w.s.m.method.annotation.RequestMappingHandlerMapping.register:547 -Mapped "{[/User/findUserById]}" onto public java.util.Map<java.lang.String, java.lang.Object> com.acong.controller.UserController.findUserById(int)
2019-07-09 21:14:25.352 INFO [main]o.s.w.s.m.method.annotation.RequestMappingHandlerMapping.register:547 -Mapped "{[/User/updateUser]}" onto public java.lang.String com.acong.controller.UserController.updateUser()
2019-07-09 21:14:25.352 INFO [main]o.s.w.s.m.method.annotation.RequestMappingHandlerMapping.register:547 -Mapped "{[/User/deleteUserById]}" onto public java.lang.String com.acong.controller.UserController.deleteUserById(int)
2019-07-09 21:14:25.354 INFO [main]o.s.w.s.m.method.annotation.RequestMappingHandlerMapping.register:547 -Mapped "{[/error]}" onto public org.springframework.http.ResponseEntity<java.util.Map<java.lang.String, java.lang.Object>> org.springframework.boot.autoconfigure.web.servlet.error.BasicErrorController.error(javax.servlet.http.HttpServletRequest)
2019-07-09 21:14:25.355 INFO [main]o.s.w.s.m.method.annotation.RequestMappingHandlerMapping.register:547 -Mapped "{[/error],produces=[text/html]}" onto public org.springframework.web.servlet.ModelAndView org.springframework.boot.autoconfigure.web.servlet.error.BasicErrorController.errorHtml(javax.servlet.http.HttpServletRequest,javax.servlet.http.HttpServletResponse)
2019-07-09 21:14:25.382 INFO [main]o.s.web.servlet.handler.SimpleUrlHandlerMapping.registerHandler:373 -Mapped URL path [/webjars/**] onto handler of type [class org.springframework.web.servlet.resource.ResourceHttpRequestHandler]
2019-07-09 21:14:25.383 INFO [main]o.s.web.servlet.handler.SimpleUrlHandlerMapping.registerHandler:373 -Mapped URL path [/**] onto handler of type [class org.springframework.web.servlet.resource.ResourceHttpRequestHandler]
2019-07-09 21:14:25.814 INFO [main]o.s.jmx.export.annotation.AnnotationMBeanExporter.afterSingletonsInstantiated:433 -Registering beans for JMX exposure on startup
2019-07-09 21:14:25.817 INFO [main]o.s.jmx.export.annotation.AnnotationMBeanExporter.autodetect:895 -Bean with name 'dataSource' has been autodetected for JMX exposure
2019-07-09 21:14:25.822 INFO [main]o.s.jmx.export.annotation.AnnotationMBeanExporter.registerBeanInstance:668 -Located MBean 'dataSource': registering with JMX server as MBean [com.zaxxer.hikari:name=dataSource,type=HikariDataSource]
2019-07-09 21:14:25.836 INFO [main]org.apache.coyote.http11.Http11NioProtocol.log:180 -Starting ProtocolHandler ["http-nio-8081"]
2019-07-09 21:14:25.859 INFO [main]org.apache.tomcat.util.net.NioSelectorPool.log:180 -Using a shared selector for servlet write/read
2019-07-09 21:14:25.874 INFO [main]o.s.boot.web.embedded.tomcat.TomcatWebServer.start:206 -Tomcat started on port(s): 8081 (http) with context path ''
2019-07-09 21:14:25.879 INFO [main]com.acong.MainApp.logStarted:59 -Started MainApp in 24.197 seconds (JVM running for 30.761)
2019-07-09 21:17:05.431 INFO [http-nio-8081-exec-1]o.a.catalina.core.ContainerBase.[Tomcat].[localhost].[/].log:180 -Initializing Spring FrameworkServlet 'dispatcherServlet'
2019-07-09 21:17:05.432 INFO [http-nio-8081-exec-1]org.springframework.web.servlet.DispatcherServlet.initServletBean:494 -FrameworkServlet 'dispatcherServlet': initialization started
2019-07-09 21:17:05.455 INFO [http-nio-8081-exec-1]org.springframework.web.servlet.DispatcherServlet.initServletBean:509 -FrameworkServlet 'dispatcherServlet': initialization completed in 23 ms
2019-07-09 21:17:05.625 INFO [http-nio-8081-exec-1]io.lettuce.core.EpollProvider.info:101 -Starting without optional epoll library
2019-07-09 21:17:05.627 INFO [http-nio-8081-exec-1]io.lettuce.core.KqueueProvider.info:101 -Starting without optional kqueue library
2019-07-09 21:19:14.333 INFO [http-nio-8081-exec-8]com.zaxxer.hikari.HikariDataSource.getConnection:110 -HikariPool-1 - Starting...
2019-07-09 21:19:20.108 INFO [http-nio-8081-exec-8]com.zaxxer.hikari.HikariDataSource.getConnection:123 -HikariPool-1 - Start completed.
2019-07-09 21:19:20.187 DEBUG[http-nio-8081-exec-8]com.acong.dao.UserAdminDao.updateUserAdmin.debug:159 -==>  Preparing: update useradmin set user_name = ?, user_password = ? WHERE user_id = ? 
2019-07-09 21:19:20.217 DEBUG[http-nio-8081-exec-8]com.acong.dao.UserAdminDao.updateUserAdmin.debug:159 -==> Parameters: zhyn(String), 85885849(String), 1(Integer)
2019-07-09 21:19:20.236 DEBUG[http-nio-8081-exec-8]com.acong.dao.UserAdminDao.updateUserAdmin.debug:159 -<==    Updates: 1
2019-07-09 21:37:09.335 INFO [Thread-51]o.s.b.w.s.c.AnnotationConfigServletWebServerApplicationContext.doClose:993 -Closing org.springframework.boot.web.servlet.context.AnnotationConfigServletWebServerApplicationContext@4241e0f4: startup date [Tue Jul 09 21:14:22 CST 2019]; root of context hierarchy
2019-07-09 21:37:09.338 INFO [Thread-51]o.s.jmx.export.annotation.AnnotationMBeanExporter.destroy:451 -Unregistering JMX-exposed beans on shutdown
2019-07-09 21:37:09.339 INFO [Thread-51]o.s.jmx.export.annotation.AnnotationMBeanExporter.unregisterBeans:183 -Unregistering JMX-exposed beans
2019-07-09 21:37:10.463 INFO [Thread-51]com.zaxxer.hikari.HikariDataSource.close:381 -HikariPool-1 - Shutdown initiated...
2019-07-09 21:37:10.473 INFO [Thread-51]com.zaxxer.hikari.HikariDataSource.close:383 -HikariPool-1 - Shutdown completed.
2019-07-09 21:58:18.795 INFO [main]com.acong.MainApp.logStarting:50 -Starting MainApp on zhaoyanandeMacBook-Pro.local with PID 990 (/Users/zhaoyanan/code/springboot_redis/target/classes started by zhaoyanan in /Users/zhaoyanan/code/springboot_redis)
2019-07-09 21:58:18.801 INFO [main]com.acong.MainApp.logStartupProfileInfo:659 -No active profile set, falling back to default profiles: default
2019-07-09 21:58:18.839 INFO [main]o.s.b.w.s.c.AnnotationConfigServletWebServerApplicationContext.prepareRefresh:590 -Refreshing org.springframework.boot.web.servlet.context.AnnotationConfigServletWebServerApplicationContext@77128536: startup date [Tue Jul 09 21:58:18 CST 2019]; root of context hierarchy
2019-07-09 21:58:19.455 INFO [main]o.s.d.repository.config.RepositoryConfigurationDelegate.multipleStoresDetected:163 -Multiple Spring Data modules found, entering strict repository configuration mode!
2019-07-09 21:58:19.826 INFO [main]o.s.c.s.PostProcessorRegistrationDelegate$BeanPostProcessorChecker.postProcessAfterInitialization:328 -Bean 'config' of type [com.acong.Config$$EnhancerBySpringCGLIB$$2048db44] is not eligible for getting processed by all BeanPostProcessors (for example: not eligible for auto-proxying)
2019-07-09 21:58:19.832 INFO [main]o.s.c.s.PostProcessorRegistrationDelegate$BeanPostProcessorChecker.postProcessAfterInitialization:328 -Bean 'org.springframework.transaction.annotation.ProxyTransactionManagementConfiguration' of type [org.springframework.transaction.annotation.ProxyTransactionManagementConfiguration$$EnhancerBySpringCGLIB$$2eb64568] is not eligible for getting processed by all BeanPostProcessors (for example: not eligible for auto-proxying)
2019-07-09 21:58:19.866 INFO [main]o.s.c.s.PostProcessorRegistrationDelegate$BeanPostProcessorChecker.postProcessAfterInitialization:328 -Bean 'org.springframework.cache.annotation.ProxyCachingConfiguration' of type [org.springframework.cache.annotation.ProxyCachingConfiguration$$EnhancerBySpringCGLIB$$77c87b86] is not eligible for getting processed by all BeanPostProcessors (for example: not eligible for auto-proxying)
2019-07-09 21:58:20.184 INFO [main]o.s.boot.web.embedded.tomcat.TomcatWebServer.initialize:91 -Tomcat initialized with port(s): 8081 (http)
2019-07-09 21:58:20.203 INFO [main]org.apache.coyote.http11.Http11NioProtocol.log:180 -Initializing ProtocolHandler ["http-nio-8081"]
2019-07-09 21:58:20.212 INFO [main]org.apache.catalina.core.StandardService.log:180 -Starting service [Tomcat]
2019-07-09 21:58:20.213 INFO [main]org.apache.catalina.core.StandardEngine.log:180 -Starting Servlet Engine: Apache Tomcat/8.5.29
2019-07-09 21:58:20.217 INFO [localhost-startStop-1]org.apache.catalina.core.AprLifecycleListener.log:180 -The APR based Apache Tomcat Native library which allows optimal performance in production environments was not found on the java.library.path: [/Users/zhaoyanan/Library/Java/Extensions:/Library/Java/Extensions:/Network/Library/Java/Extensions:/System/Library/Java/Extensions:/usr/lib/java:.]
2019-07-09 21:58:20.309 INFO [localhost-startStop-1]o.a.catalina.core.ContainerBase.[Tomcat].[localhost].[/].log:180 -Initializing Spring embedded WebApplicationContext
2019-07-09 21:58:20.309 INFO [localhost-startStop-1]org.springframework.web.context.ContextLoader.prepareWebApplicationContext:285 -Root WebApplicationContext: initialization completed in 1470 ms
2019-07-09 21:58:20.431 INFO [localhost-startStop-1]o.s.boot.web.servlet.ServletRegistrationBean.addRegistration:185 -Servlet dispatcherServlet mapped to [/]
2019-07-09 21:58:20.436 INFO [localhost-startStop-1]o.s.boot.web.servlet.FilterRegistrationBean.configure:244 -Mapping filter: 'characterEncodingFilter' to: [/*]
2019-07-09 21:58:20.437 INFO [localhost-startStop-1]o.s.boot.web.servlet.FilterRegistrationBean.configure:244 -Mapping filter: 'hiddenHttpMethodFilter' to: [/*]
2019-07-09 21:58:20.437 INFO [localhost-startStop-1]o.s.boot.web.servlet.FilterRegistrationBean.configure:244 -Mapping filter: 'httpPutFormContentFilter' to: [/*]
2019-07-09 21:58:20.438 INFO [localhost-startStop-1]o.s.boot.web.servlet.FilterRegistrationBean.configure:244 -Mapping filter: 'requestContextFilter' to: [/*]
2019-07-09 21:58:21.284 INFO [main]o.s.web.servlet.handler.SimpleUrlHandlerMapping.registerHandler:373 -Mapped URL path [/**/favicon.ico] onto handler of type [class org.springframework.web.servlet.resource.ResourceHttpRequestHandler]
2019-07-09 21:58:21.536 INFO [main]o.s.w.s.m.method.annotation.RequestMappingHandlerAdapter.initControllerAdviceCache:574 -Looking for @ControllerAdvice: org.springframework.boot.web.servlet.context.AnnotationConfigServletWebServerApplicationContext@77128536: startup date [Tue Jul 09 21:58:18 CST 2019]; root of context hierarchy
2019-07-09 21:58:21.609 INFO [main]o.s.w.s.m.method.annotation.RequestMappingHandlerMapping.register:547 -Mapped "{[/UserAdmin/queryAll]}" onto public java.util.List<com.acong.entity.UserAdmin> com.acong.controller.UserAdminController.queryAll()
2019-07-09 21:58:21.611 INFO [main]o.s.w.s.m.method.annotation.RequestMappingHandlerMapping.register:547 -Mapped "{[/UserAdmin/findUserAdminById]}" onto public com.acong.entity.UserAdmin com.acong.controller.UserAdminController.findUserAdminById(int)
2019-07-09 21:58:21.611 INFO [main]o.s.w.s.m.method.annotation.RequestMappingHandlerMapping.register:547 -Mapped "{[/UserAdmin/updateUserAdmin]}" onto public java.lang.String com.acong.controller.UserAdminController.updateUserAdmin()
2019-07-09 21:58:21.612 INFO [main]o.s.w.s.m.method.annotation.RequestMappingHandlerMapping.register:547 -Mapped "{[/UserAdmin/insertUserAdmin]}" onto public java.lang.String com.acong.controller.UserAdminController.insertUserAdmin()
2019-07-09 21:58:21.612 INFO [main]o.s.w.s.m.method.annotation.RequestMappingHandlerMapping.register:547 -Mapped "{[/UserAdmin/deleteById]}" onto public java.lang.String com.acong.controller.UserAdminController.deleteById(int)
2019-07-09 21:58:21.612 INFO [main]o.s.w.s.m.method.annotation.RequestMappingHandlerMapping.register:547 -Mapped "{[/UserAdmin/findUserAdminByName]}" onto public java.util.List<com.acong.entity.UserAdmin> com.acong.controller.UserAdminController.findUserAdminByName(java.lang.String)
2019-07-09 21:58:21.614 INFO [main]o.s.w.s.m.method.annotation.RequestMappingHandlerMapping.register:547 -Mapped "{[/User/testMap]}" onto public java.util.Map<java.lang.String, java.lang.String> com.acong.controller.UserController.test1()
2019-07-09 21:58:21.615 INFO [main]o.s.w.s.m.method.annotation.RequestMappingHandlerMapping.register:547 -Mapped "{[/User/testList]}" onto public java.util.List<java.lang.String> com.acong.controller.UserController.test2()
2019-07-09 21:58:21.615 INFO [main]o.s.w.s.m.method.annotation.RequestMappingHandlerMapping.register:547 -Mapped "{[/User/queryAll]}" onto public java.util.List<com.acong.entity.User> com.acong.controller.UserController.queryAll()
2019-07-09 21:58:21.615 INFO [main]o.s.w.s.m.method.annotation.RequestMappingHandlerMapping.register:547 -Mapped "{[/User/testController]}" onto public java.lang.String com.acong.controller.UserController.testController()
2019-07-09 21:58:21.616 INFO [main]o.s.w.s.m.method.annotation.RequestMappingHandlerMapping.register:547 -Mapped "{[/User/findUserById]}" onto public java.util.Map<java.lang.String, java.lang.Object> com.acong.controller.UserController.findUserById(int)
2019-07-09 21:58:21.616 INFO [main]o.s.w.s.m.method.annotation.RequestMappingHandlerMapping.register:547 -Mapped "{[/User/updateUser]}" onto public java.lang.String com.acong.controller.UserController.updateUser()
2019-07-09 21:58:21.616 INFO [main]o.s.w.s.m.method.annotation.RequestMappingHandlerMapping.register:547 -Mapped "{[/User/deleteUserById]}" onto public java.lang.String com.acong.controller.UserController.deleteUserById(int)
2019-07-09 21:58:21.618 INFO [main]o.s.w.s.m.method.annotation.RequestMappingHandlerMapping.register:547 -Mapped "{[/error]}" onto public org.springframework.http.ResponseEntity<java.util.Map<java.lang.String, java.lang.Object>> org.springframework.boot.autoconfigure.web.servlet.error.BasicErrorController.error(javax.servlet.http.HttpServletRequest)
2019-07-09 21:58:21.619 INFO [main]o.s.w.s.m.method.annotation.RequestMappingHandlerMapping.register:547 -Mapped "{[/error],produces=[text/html]}" onto public org.springframework.web.servlet.ModelAndView org.springframework.boot.autoconfigure.web.servlet.error.BasicErrorController.errorHtml(javax.servlet.http.HttpServletRequest,javax.servlet.http.HttpServletResponse)
2019-07-09 21:58:21.647 INFO [main]o.s.web.servlet.handler.SimpleUrlHandlerMapping.registerHandler:373 -Mapped URL path [/webjars/**] onto handler of type [class org.springframework.web.servlet.resource.ResourceHttpRequestHandler]
2019-07-09 21:58:21.648 INFO [main]o.s.web.servlet.handler.SimpleUrlHandlerMapping.registerHandler:373 -Mapped URL path [/**] onto handler of type [class org.springframework.web.servlet.resource.ResourceHttpRequestHandler]
2019-07-09 21:58:22.089 INFO [main]o.s.jmx.export.annotation.AnnotationMBeanExporter.afterSingletonsInstantiated:433 -Registering beans for JMX exposure on startup
2019-07-09 21:58:22.090 INFO [main]o.s.jmx.export.annotation.AnnotationMBeanExporter.autodetect:895 -Bean with name 'dataSource' has been autodetected for JMX exposure
2019-07-09 21:58:22.096 INFO [main]o.s.jmx.export.annotation.AnnotationMBeanExporter.registerBeanInstance:668 -Located MBean 'dataSource': registering with JMX server as MBean [com.zaxxer.hikari:name=dataSource,type=HikariDataSource]
2019-07-09 21:58:22.105 INFO [main]org.apache.coyote.http11.Http11NioProtocol.log:180 -Starting ProtocolHandler ["http-nio-8081"]
2019-07-09 21:58:22.126 INFO [main]org.apache.tomcat.util.net.NioSelectorPool.log:180 -Using a shared selector for servlet write/read
2019-07-09 21:58:22.141 INFO [main]o.s.boot.web.embedded.tomcat.TomcatWebServer.start:206 -Tomcat started on port(s): 8081 (http) with context path ''
2019-07-09 21:58:22.145 INFO [main]com.acong.MainApp.logStarted:59 -Started MainApp in 23.91 seconds (JVM running for 29.675)
2019-07-09 21:58:34.641 INFO [http-nio-8081-exec-1]o.a.catalina.core.ContainerBase.[Tomcat].[localhost].[/].log:180 -Initializing Spring FrameworkServlet 'dispatcherServlet'
2019-07-09 21:58:34.642 INFO [http-nio-8081-exec-1]org.springframework.web.servlet.DispatcherServlet.initServletBean:494 -FrameworkServlet 'dispatcherServlet': initialization started
2019-07-09 21:58:34.662 INFO [http-nio-8081-exec-1]org.springframework.web.servlet.DispatcherServlet.initServletBean:509 -FrameworkServlet 'dispatcherServlet': initialization completed in 20 ms
2019-07-09 21:58:34.700 INFO [http-nio-8081-exec-1]com.zaxxer.hikari.HikariDataSource.getConnection:110 -HikariPool-1 - Starting...
2019-07-09 21:58:36.407 INFO [http-nio-8081-exec-1]com.zaxxer.hikari.HikariDataSource.getConnection:123 -HikariPool-1 - Start completed.
2019-07-09 21:58:36.484 DEBUG[http-nio-8081-exec-1]com.acong.dao.UserAdminDao.updateUserAdmin.debug:159 -==>  Preparing: update useradmin set user_name = ?, user_password = ? WHERE user_id = ? 
2019-07-09 21:58:36.514 DEBUG[http-nio-8081-exec-1]com.acong.dao.UserAdminDao.updateUserAdmin.debug:159 -==> Parameters: zhyn(String), 85885849(String), 1(Integer)
2019-07-09 21:58:36.531 DEBUG[http-nio-8081-exec-1]com.acong.dao.UserAdminDao.updateUserAdmin.debug:159 -<==    Updates: 1
2019-07-09 22:00:17.213 INFO [Thread-50]o.s.b.w.s.c.AnnotationConfigServletWebServerApplicationContext.doClose:993 -Closing org.springframework.boot.web.servlet.context.AnnotationConfigServletWebServerApplicationContext@77128536: startup date [Tue Jul 09 21:58:18 CST 2019]; root of context hierarchy
2019-07-09 22:00:17.218 INFO [Thread-50]o.s.jmx.export.annotation.AnnotationMBeanExporter.destroy:451 -Unregistering JMX-exposed beans on shutdown
2019-07-09 22:00:17.219 INFO [Thread-50]o.s.jmx.export.annotation.AnnotationMBeanExporter.unregisterBeans:183 -Unregistering JMX-exposed beans
2019-07-09 22:00:17.255 INFO [Thread-50]com.zaxxer.hikari.HikariDataSource.close:381 -HikariPool-1 - Shutdown initiated...
2019-07-09 22:00:17.271 INFO [Thread-50]com.zaxxer.hikari.HikariDataSource.close:383 -HikariPool-1 - Shutdown completed.
2019-07-09 22:00:56.050 INFO [main]com.acong.MainApp.logStarting:50 -Starting MainApp on zhaoyanandeMacBook-Pro.local with PID 1027 (/Users/zhaoyanan/code/springboot_redis/target/classes started by zhaoyanan in /Users/zhaoyanan/code/springboot_redis)
2019-07-09 22:00:56.054 INFO [main]com.acong.MainApp.logStartupProfileInfo:659 -No active profile set, falling back to default profiles: default
2019-07-09 22:00:56.091 INFO [main]o.s.b.w.s.c.AnnotationConfigServletWebServerApplicationContext.prepareRefresh:590 -Refreshing org.springframework.boot.web.servlet.context.AnnotationConfigServletWebServerApplicationContext@345f69f3: startup date [Tue Jul 09 22:00:56 CST 2019]; root of context hierarchy
2019-07-09 22:00:56.529 INFO [main]o.s.d.repository.config.RepositoryConfigurationDelegate.multipleStoresDetected:163 -Multiple Spring Data modules found, entering strict repository configuration mode!
2019-07-09 22:00:56.815 INFO [main]o.s.c.s.PostProcessorRegistrationDelegate$BeanPostProcessorChecker.postProcessAfterInitialization:328 -Bean 'config' of type [com.acong.Config$$EnhancerBySpringCGLIB$$b28f3a19] is not eligible for getting processed by all BeanPostProcessors (for example: not eligible for auto-proxying)
2019-07-09 22:00:56.821 INFO [main]o.s.c.s.PostProcessorRegistrationDelegate$BeanPostProcessorChecker.postProcessAfterInitialization:328 -Bean 'org.springframework.transaction.annotation.ProxyTransactionManagementConfiguration' of type [org.springframework.transaction.annotation.ProxyTransactionManagementConfiguration$$EnhancerBySpringCGLIB$$c0fca43d] is not eligible for getting processed by all BeanPostProcessors (for example: not eligible for auto-proxying)
2019-07-09 22:00:56.850 INFO [main]o.s.c.s.PostProcessorRegistrationDelegate$BeanPostProcessorChecker.postProcessAfterInitialization:328 -Bean 'org.springframework.cache.annotation.ProxyCachingConfiguration' of type [org.springframework.cache.annotation.ProxyCachingConfiguration$$EnhancerBySpringCGLIB$$a0eda5b] is not eligible for getting processed by all BeanPostProcessors (for example: not eligible for auto-proxying)
2019-07-09 22:00:57.098 INFO [main]o.s.boot.web.embedded.tomcat.TomcatWebServer.initialize:91 -Tomcat initialized with port(s): 8081 (http)
2019-07-09 22:00:57.110 INFO [main]org.apache.coyote.http11.Http11NioProtocol.log:180 -Initializing ProtocolHandler ["http-nio-8081"]
2019-07-09 22:00:57.117 INFO [main]org.apache.catalina.core.StandardService.log:180 -Starting service [Tomcat]
2019-07-09 22:00:57.118 INFO [main]org.apache.catalina.core.StandardEngine.log:180 -Starting Servlet Engine: Apache Tomcat/8.5.29
2019-07-09 22:00:57.122 INFO [localhost-startStop-1]org.apache.catalina.core.AprLifecycleListener.log:180 -The APR based Apache Tomcat Native library which allows optimal performance in production environments was not found on the java.library.path: [/Users/zhaoyanan/Library/Java/Extensions:/Library/Java/Extensions:/Network/Library/Java/Extensions:/System/Library/Java/Extensions:/usr/lib/java:.]
2019-07-09 22:00:57.177 INFO [localhost-startStop-1]o.a.catalina.core.ContainerBase.[Tomcat].[localhost].[/].log:180 -Initializing Spring embedded WebApplicationContext
2019-07-09 22:00:57.177 INFO [localhost-startStop-1]org.springframework.web.context.ContextLoader.prepareWebApplicationContext:285 -Root WebApplicationContext: initialization completed in 1086 ms
2019-07-09 22:00:57.275 INFO [localhost-startStop-1]o.s.boot.web.servlet.ServletRegistrationBean.addRegistration:185 -Servlet dispatcherServlet mapped to [/]
2019-07-09 22:00:57.279 INFO [localhost-startStop-1]o.s.boot.web.servlet.FilterRegistrationBean.configure:244 -Mapping filter: 'characterEncodingFilter' to: [/*]
2019-07-09 22:00:57.279 INFO [localhost-startStop-1]o.s.boot.web.servlet.FilterRegistrationBean.configure:244 -Mapping filter: 'hiddenHttpMethodFilter' to: [/*]
2019-07-09 22:00:57.279 INFO [localhost-startStop-1]o.s.boot.web.servlet.FilterRegistrationBean.configure:244 -Mapping filter: 'httpPutFormContentFilter' to: [/*]
2019-07-09 22:00:57.279 INFO [localhost-startStop-1]o.s.boot.web.servlet.FilterRegistrationBean.configure:244 -Mapping filter: 'requestContextFilter' to: [/*]
2019-07-09 22:00:57.903 INFO [main]o.s.web.servlet.handler.SimpleUrlHandlerMapping.registerHandler:373 -Mapped URL path [/**/favicon.ico] onto handler of type [class org.springframework.web.servlet.resource.ResourceHttpRequestHandler]
2019-07-09 22:00:58.103 INFO [main]o.s.w.s.m.method.annotation.RequestMappingHandlerAdapter.initControllerAdviceCache:574 -Looking for @ControllerAdvice: org.springframework.boot.web.servlet.context.AnnotationConfigServletWebServerApplicationContext@345f69f3: startup date [Tue Jul 09 22:00:56 CST 2019]; root of context hierarchy
2019-07-09 22:00:58.156 INFO [main]o.s.w.s.m.method.annotation.RequestMappingHandlerMapping.register:547 -Mapped "{[/UserAdmin/queryAll]}" onto public java.util.List<com.acong.entity.UserAdmin> com.acong.controller.UserAdminController.queryAll()
2019-07-09 22:00:58.157 INFO [main]o.s.w.s.m.method.annotation.RequestMappingHandlerMapping.register:547 -Mapped "{[/UserAdmin/findUserAdminById]}" onto public com.acong.entity.UserAdmin com.acong.controller.UserAdminController.findUserAdminById(int)
2019-07-09 22:00:58.158 INFO [main]o.s.w.s.m.method.annotation.RequestMappingHandlerMapping.register:547 -Mapped "{[/UserAdmin/updateUserAdmin]}" onto public java.lang.String com.acong.controller.UserAdminController.updateUserAdmin()
2019-07-09 22:00:58.158 INFO [main]o.s.w.s.m.method.annotation.RequestMappingHandlerMapping.register:547 -Mapped "{[/UserAdmin/insertUserAdmin]}" onto public java.lang.String com.acong.controller.UserAdminController.insertUserAdmin()
2019-07-09 22:00:58.159 INFO [main]o.s.w.s.m.method.annotation.RequestMappingHandlerMapping.register:547 -Mapped "{[/UserAdmin/deleteById]}" onto public java.lang.String com.acong.controller.UserAdminController.deleteById(int)
2019-07-09 22:00:58.159 INFO [main]o.s.w.s.m.method.annotation.RequestMappingHandlerMapping.register:547 -Mapped "{[/UserAdmin/findUserAdminByName]}" onto public java.util.List<com.acong.entity.UserAdmin> com.acong.controller.UserAdminController.findUserAdminByName(java.lang.String)
2019-07-09 22:00:58.161 INFO [main]o.s.w.s.m.method.annotation.RequestMappingHandlerMapping.register:547 -Mapped "{[/User/testList]}" onto public java.util.List<java.lang.String> com.acong.controller.UserController.test2()
2019-07-09 22:00:58.161 INFO [main]o.s.w.s.m.method.annotation.RequestMappingHandlerMapping.register:547 -Mapped "{[/User/testMap]}" onto public java.util.Map<java.lang.String, java.lang.String> com.acong.controller.UserController.test1()
2019-07-09 22:00:58.161 INFO [main]o.s.w.s.m.method.annotation.RequestMappingHandlerMapping.register:547 -Mapped "{[/User/queryAll]}" onto public java.util.List<com.acong.entity.User> com.acong.controller.UserController.queryAll()
2019-07-09 22:00:58.162 INFO [main]o.s.w.s.m.method.annotation.RequestMappingHandlerMapping.register:547 -Mapped "{[/User/testController]}" onto public java.lang.String com.acong.controller.UserController.testController()
2019-07-09 22:00:58.162 INFO [main]o.s.w.s.m.method.annotation.RequestMappingHandlerMapping.register:547 -Mapped "{[/User/findUserById]}" onto public java.util.Map<java.lang.String, java.lang.Object> com.acong.controller.UserController.findUserById(int)
2019-07-09 22:00:58.162 INFO [main]o.s.w.s.m.method.annotation.RequestMappingHandlerMapping.register:547 -Mapped "{[/User/updateUser]}" onto public java.lang.String com.acong.controller.UserController.updateUser()
2019-07-09 22:00:58.163 INFO [main]o.s.w.s.m.method.annotation.RequestMappingHandlerMapping.register:547 -Mapped "{[/User/deleteUserById]}" onto public java.lang.String com.acong.controller.UserController.deleteUserById(int)
2019-07-09 22:00:58.165 INFO [main]o.s.w.s.m.method.annotation.RequestMappingHandlerMapping.register:547 -Mapped "{[/error]}" onto public org.springframework.http.ResponseEntity<java.util.Map<java.lang.String, java.lang.Object>> org.springframework.boot.autoconfigure.web.servlet.error.BasicErrorController.error(javax.servlet.http.HttpServletRequest)
2019-07-09 22:00:58.165 INFO [main]o.s.w.s.m.method.annotation.RequestMappingHandlerMapping.register:547 -Mapped "{[/error],produces=[text/html]}" onto public org.springframework.web.servlet.ModelAndView org.springframework.boot.autoconfigure.web.servlet.error.BasicErrorController.errorHtml(javax.servlet.http.HttpServletRequest,javax.servlet.http.HttpServletResponse)
2019-07-09 22:00:58.192 INFO [main]o.s.web.servlet.handler.SimpleUrlHandlerMapping.registerHandler:373 -Mapped URL path [/webjars/**] onto handler of type [class org.springframework.web.servlet.resource.ResourceHttpRequestHandler]
2019-07-09 22:00:58.192 INFO [main]o.s.web.servlet.handler.SimpleUrlHandlerMapping.registerHandler:373 -Mapped URL path [/**] onto handler of type [class org.springframework.web.servlet.resource.ResourceHttpRequestHandler]
2019-07-09 22:00:58.590 INFO [main]o.s.jmx.export.annotation.AnnotationMBeanExporter.afterSingletonsInstantiated:433 -Registering beans for JMX exposure on startup
2019-07-09 22:00:58.592 INFO [main]o.s.jmx.export.annotation.AnnotationMBeanExporter.autodetect:895 -Bean with name 'dataSource' has been autodetected for JMX exposure
2019-07-09 22:00:58.597 INFO [main]o.s.jmx.export.annotation.AnnotationMBeanExporter.registerBeanInstance:668 -Located MBean 'dataSource': registering with JMX server as MBean [com.zaxxer.hikari:name=dataSource,type=HikariDataSource]
2019-07-09 22:00:58.608 INFO [main]org.apache.coyote.http11.Http11NioProtocol.log:180 -Starting ProtocolHandler ["http-nio-8081"]
2019-07-09 22:00:58.629 INFO [main]org.apache.tomcat.util.net.NioSelectorPool.log:180 -Using a shared selector for servlet write/read
2019-07-09 22:00:58.641 INFO [main]o.s.boot.web.embedded.tomcat.TomcatWebServer.start:206 -Tomcat started on port(s): 8081 (http) with context path ''
2019-07-09 22:00:58.645 INFO [main]com.acong.MainApp.logStarted:59 -Started MainApp in 23.0 seconds (JVM running for 28.625)
2019-07-09 22:01:06.662 INFO [http-nio-8081-exec-1]o.a.catalina.core.ContainerBase.[Tomcat].[localhost].[/].log:180 -Initializing Spring FrameworkServlet 'dispatcherServlet'
2019-07-09 22:01:06.663 INFO [http-nio-8081-exec-1]org.springframework.web.servlet.DispatcherServlet.initServletBean:494 -FrameworkServlet 'dispatcherServlet': initialization started
2019-07-09 22:01:06.677 INFO [http-nio-8081-exec-1]org.springframework.web.servlet.DispatcherServlet.initServletBean:509 -FrameworkServlet 'dispatcherServlet': initialization completed in 14 ms
2019-07-09 22:01:06.705 INFO [http-nio-8081-exec-1]com.zaxxer.hikari.HikariDataSource.getConnection:110 -HikariPool-1 - Starting...
2019-07-09 22:01:07.355 INFO [http-nio-8081-exec-1]com.zaxxer.hikari.HikariDataSource.getConnection:123 -HikariPool-1 - Start completed.
2019-07-09 22:01:07.405 DEBUG[http-nio-8081-exec-1]com.acong.dao.UserAdminDao.updateUserAdmin.debug:159 -==>  Preparing: update useradmin set user_name = ?, user_password = ? WHERE user_id = ? 
2019-07-09 22:01:07.428 DEBUG[http-nio-8081-exec-1]com.acong.dao.UserAdminDao.updateUserAdmin.debug:159 -==> Parameters: zhyn(String), 85885849(String), 1(Integer)
2019-07-09 22:01:07.445 DEBUG[http-nio-8081-exec-1]com.acong.dao.UserAdminDao.updateUserAdmin.debug:159 -<==    Updates: 1
2019-07-09 22:01:40.603 INFO [Thread-49]o.s.b.w.s.c.AnnotationConfigServletWebServerApplicationContext.doClose:993 -Closing org.springframework.boot.web.servlet.context.AnnotationConfigServletWebServerApplicationContext@345f69f3: startup date [Tue Jul 09 22:00:56 CST 2019]; root of context hierarchy
2019-07-09 22:01:40.607 INFO [Thread-49]o.s.jmx.export.annotation.AnnotationMBeanExporter.destroy:451 -Unregistering JMX-exposed beans on shutdown
2019-07-09 22:01:40.607 INFO [Thread-49]o.s.jmx.export.annotation.AnnotationMBeanExporter.unregisterBeans:183 -Unregistering JMX-exposed beans
2019-07-09 22:01:40.626 INFO [Thread-49]com.zaxxer.hikari.HikariDataSource.close:381 -HikariPool-1 - Shutdown initiated...
2019-07-09 22:01:40.644 INFO [Thread-49]com.zaxxer.hikari.HikariDataSource.close:383 -HikariPool-1 - Shutdown completed.
2019-07-09 22:02:19.750 INFO [main]com.acong.MainApp.logStarting:50 -Starting MainApp on zhaoyanandeMacBook-Pro.local with PID 1042 (/Users/zhaoyanan/code/springboot_redis/target/classes started by zhaoyanan in /Users/zhaoyanan/code/springboot_redis)
2019-07-09 22:02:19.754 INFO [main]com.acong.MainApp.logStartupProfileInfo:659 -No active profile set, falling back to default profiles: default
2019-07-09 22:02:19.789 INFO [main]o.s.b.w.s.c.AnnotationConfigServletWebServerApplicationContext.prepareRefresh:590 -Refreshing org.springframework.boot.web.servlet.context.AnnotationConfigServletWebServerApplicationContext@5965be2d: startup date [Tue Jul 09 22:02:19 CST 2019]; root of context hierarchy
2019-07-09 22:02:20.209 INFO [main]o.s.d.repository.config.RepositoryConfigurationDelegate.multipleStoresDetected:163 -Multiple Spring Data modules found, entering strict repository configuration mode!
2019-07-09 22:02:20.487 INFO [main]o.s.c.s.PostProcessorRegistrationDelegate$BeanPostProcessorChecker.postProcessAfterInitialization:328 -Bean 'config' of type [com.acong.Config$$EnhancerBySpringCGLIB$$b0c9a637] is not eligible for getting processed by all BeanPostProcessors (for example: not eligible for auto-proxying)
2019-07-09 22:02:20.493 INFO [main]o.s.c.s.PostProcessorRegistrationDelegate$BeanPostProcessorChecker.postProcessAfterInitialization:328 -Bean 'org.springframework.transaction.annotation.ProxyTransactionManagementConfiguration' of type [org.springframework.transaction.annotation.ProxyTransactionManagementConfiguration$$EnhancerBySpringCGLIB$$bf37105b] is not eligible for getting processed by all BeanPostProcessors (for example: not eligible for auto-proxying)
2019-07-09 22:02:20.521 INFO [main]o.s.c.s.PostProcessorRegistrationDelegate$BeanPostProcessorChecker.postProcessAfterInitialization:328 -Bean 'org.springframework.cache.annotation.ProxyCachingConfiguration' of type [org.springframework.cache.annotation.ProxyCachingConfiguration$$EnhancerBySpringCGLIB$$8494679] is not eligible for getting processed by all BeanPostProcessors (for example: not eligible for auto-proxying)
2019-07-09 22:02:20.760 INFO [main]o.s.boot.web.embedded.tomcat.TomcatWebServer.initialize:91 -Tomcat initialized with port(s): 8081 (http)
2019-07-09 22:02:20.772 INFO [main]org.apache.coyote.http11.Http11NioProtocol.log:180 -Initializing ProtocolHandler ["http-nio-8081"]
2019-07-09 22:02:20.779 INFO [main]org.apache.catalina.core.StandardService.log:180 -Starting service [Tomcat]
2019-07-09 22:02:20.780 INFO [main]org.apache.catalina.core.StandardEngine.log:180 -Starting Servlet Engine: Apache Tomcat/8.5.29
2019-07-09 22:02:20.786 INFO [localhost-startStop-1]org.apache.catalina.core.AprLifecycleListener.log:180 -The APR based Apache Tomcat Native library which allows optimal performance in production environments was not found on the java.library.path: [/Users/zhaoyanan/Library/Java/Extensions:/Library/Java/Extensions:/Network/Library/Java/Extensions:/System/Library/Java/Extensions:/usr/lib/java:.]
2019-07-09 22:02:20.842 INFO [localhost-startStop-1]o.a.catalina.core.ContainerBase.[Tomcat].[localhost].[/].log:180 -Initializing Spring embedded WebApplicationContext
2019-07-09 22:02:20.842 INFO [localhost-startStop-1]org.springframework.web.context.ContextLoader.prepareWebApplicationContext:285 -Root WebApplicationContext: initialization completed in 1053 ms
2019-07-09 22:02:20.952 INFO [localhost-startStop-1]o.s.boot.web.servlet.ServletRegistrationBean.addRegistration:185 -Servlet dispatcherServlet mapped to [/]
2019-07-09 22:02:20.960 INFO [localhost-startStop-1]o.s.boot.web.servlet.FilterRegistrationBean.configure:244 -Mapping filter: 'characterEncodingFilter' to: [/*]
2019-07-09 22:02:20.961 INFO [localhost-startStop-1]o.s.boot.web.servlet.FilterRegistrationBean.configure:244 -Mapping filter: 'hiddenHttpMethodFilter' to: [/*]
2019-07-09 22:02:20.961 INFO [localhost-startStop-1]o.s.boot.web.servlet.FilterRegistrationBean.configure:244 -Mapping filter: 'httpPutFormContentFilter' to: [/*]
2019-07-09 22:02:20.961 INFO [localhost-startStop-1]o.s.boot.web.servlet.FilterRegistrationBean.configure:244 -Mapping filter: 'requestContextFilter' to: [/*]
2019-07-09 22:02:21.617 INFO [main]o.s.web.servlet.handler.SimpleUrlHandlerMapping.registerHandler:373 -Mapped URL path [/**/favicon.ico] onto handler of type [class org.springframework.web.servlet.resource.ResourceHttpRequestHandler]
2019-07-09 22:02:21.836 INFO [main]o.s.w.s.m.method.annotation.RequestMappingHandlerAdapter.initControllerAdviceCache:574 -Looking for @ControllerAdvice: org.springframework.boot.web.servlet.context.AnnotationConfigServletWebServerApplicationContext@5965be2d: startup date [Tue Jul 09 22:02:19 CST 2019]; root of context hierarchy
2019-07-09 22:02:21.882 INFO [main]o.s.w.s.m.method.annotation.RequestMappingHandlerMapping.register:547 -Mapped "{[/UserAdmin/queryAll]}" onto public java.util.List<com.acong.entity.UserAdmin> com.acong.controller.UserAdminController.queryAll()
2019-07-09 22:02:21.884 INFO [main]o.s.w.s.m.method.annotation.RequestMappingHandlerMapping.register:547 -Mapped "{[/UserAdmin/findUserAdminById]}" onto public com.acong.entity.UserAdmin com.acong.controller.UserAdminController.findUserAdminById(int)
2019-07-09 22:02:21.884 INFO [main]o.s.w.s.m.method.annotation.RequestMappingHandlerMapping.register:547 -Mapped "{[/UserAdmin/updateUserAdmin]}" onto public java.lang.String com.acong.controller.UserAdminController.updateUserAdmin()
2019-07-09 22:02:21.885 INFO [main]o.s.w.s.m.method.annotation.RequestMappingHandlerMapping.register:547 -Mapped "{[/UserAdmin/insertUserAdmin]}" onto public java.lang.String com.acong.controller.UserAdminController.insertUserAdmin()
2019-07-09 22:02:21.885 INFO [main]o.s.w.s.m.method.annotation.RequestMappingHandlerMapping.register:547 -Mapped "{[/UserAdmin/deleteById]}" onto public java.lang.String com.acong.controller.UserAdminController.deleteById(int)
2019-07-09 22:02:21.885 INFO [main]o.s.w.s.m.method.annotation.RequestMappingHandlerMapping.register:547 -Mapped "{[/UserAdmin/findUserAdminByName]}" onto public java.util.List<com.acong.entity.UserAdmin> com.acong.controller.UserAdminController.findUserAdminByName(java.lang.String)
2019-07-09 22:02:21.887 INFO [main]o.s.w.s.m.method.annotation.RequestMappingHandlerMapping.register:547 -Mapped "{[/User/testList]}" onto public java.util.List<java.lang.String> com.acong.controller.UserController.test2()
2019-07-09 22:02:21.887 INFO [main]o.s.w.s.m.method.annotation.RequestMappingHandlerMapping.register:547 -Mapped "{[/User/testMap]}" onto public java.util.Map<java.lang.String, java.lang.String> com.acong.controller.UserController.test1()
2019-07-09 22:02:21.887 INFO [main]o.s.w.s.m.method.annotation.RequestMappingHandlerMapping.register:547 -Mapped "{[/User/queryAll]}" onto public java.util.List<com.acong.entity.User> com.acong.controller.UserController.queryAll()
2019-07-09 22:02:21.888 INFO [main]o.s.w.s.m.method.annotation.RequestMappingHandlerMapping.register:547 -Mapped "{[/User/testController]}" onto public java.lang.String com.acong.controller.UserController.testController()
2019-07-09 22:02:21.888 INFO [main]o.s.w.s.m.method.annotation.RequestMappingHandlerMapping.register:547 -Mapped "{[/User/findUserById]}" onto public java.util.Map<java.lang.String, java.lang.Object> com.acong.controller.UserController.findUserById(int)
2019-07-09 22:02:21.888 INFO [main]o.s.w.s.m.method.annotation.RequestMappingHandlerMapping.register:547 -Mapped "{[/User/updateUser]}" onto public java.lang.String com.acong.controller.UserController.updateUser()
2019-07-09 22:02:21.889 INFO [main]o.s.w.s.m.method.annotation.RequestMappingHandlerMapping.register:547 -Mapped "{[/User/deleteUserById]}" onto public java.lang.String com.acong.controller.UserController.deleteUserById(int)
2019-07-09 22:02:21.890 INFO [main]o.s.w.s.m.method.annotation.RequestMappingHandlerMapping.register:547 -Mapped "{[/error]}" onto public org.springframework.http.ResponseEntity<java.util.Map<java.lang.String, java.lang.Object>> org.springframework.boot.autoconfigure.web.servlet.error.BasicErrorController.error(javax.servlet.http.HttpServletRequest)
2019-07-09 22:02:21.891 INFO [main]o.s.w.s.m.method.annotation.RequestMappingHandlerMapping.register:547 -Mapped "{[/error],produces=[text/html]}" onto public org.springframework.web.servlet.ModelAndView org.springframework.boot.autoconfigure.web.servlet.error.BasicErrorController.errorHtml(javax.servlet.http.HttpServletRequest,javax.servlet.http.HttpServletResponse)
2019-07-09 22:02:21.918 INFO [main]o.s.web.servlet.handler.SimpleUrlHandlerMapping.registerHandler:373 -Mapped URL path [/webjars/**] onto handler of type [class org.springframework.web.servlet.resource.ResourceHttpRequestHandler]
2019-07-09 22:02:21.918 INFO [main]o.s.web.servlet.handler.SimpleUrlHandlerMapping.registerHandler:373 -Mapped URL path [/**] onto handler of type [class org.springframework.web.servlet.resource.ResourceHttpRequestHandler]
2019-07-09 22:02:22.332 INFO [main]o.s.jmx.export.annotation.AnnotationMBeanExporter.afterSingletonsInstantiated:433 -Registering beans for JMX exposure on startup
2019-07-09 22:02:22.333 INFO [main]o.s.jmx.export.annotation.AnnotationMBeanExporter.autodetect:895 -Bean with name 'dataSource' has been autodetected for JMX exposure
2019-07-09 22:02:22.338 INFO [main]o.s.jmx.export.annotation.AnnotationMBeanExporter.registerBeanInstance:668 -Located MBean 'dataSource': registering with JMX server as MBean [com.zaxxer.hikari:name=dataSource,type=HikariDataSource]
2019-07-09 22:02:22.348 INFO [main]org.apache.coyote.http11.Http11NioProtocol.log:180 -Starting ProtocolHandler ["http-nio-8081"]
2019-07-09 22:02:22.369 INFO [main]org.apache.tomcat.util.net.NioSelectorPool.log:180 -Using a shared selector for servlet write/read
2019-07-09 22:02:22.381 INFO [main]o.s.boot.web.embedded.tomcat.TomcatWebServer.start:206 -Tomcat started on port(s): 8081 (http) with context path ''
2019-07-09 22:02:22.385 INFO [main]com.acong.MainApp.logStarted:59 -Started MainApp in 23.037 seconds (JVM running for 28.801)
2019-07-09 22:02:27.131 INFO [http-nio-8081-exec-1]o.a.catalina.core.ContainerBase.[Tomcat].[localhost].[/].log:180 -Initializing Spring FrameworkServlet 'dispatcherServlet'
2019-07-09 22:02:27.131 INFO [http-nio-8081-exec-1]org.springframework.web.servlet.DispatcherServlet.initServletBean:494 -FrameworkServlet 'dispatcherServlet': initialization started
2019-07-09 22:02:27.146 INFO [http-nio-8081-exec-1]org.springframework.web.servlet.DispatcherServlet.initServletBean:509 -FrameworkServlet 'dispatcherServlet': initialization completed in 15 ms
2019-07-09 22:02:27.175 INFO [http-nio-8081-exec-1]com.zaxxer.hikari.HikariDataSource.getConnection:110 -HikariPool-1 - Starting...
2019-07-09 22:02:27.781 INFO [http-nio-8081-exec-1]com.zaxxer.hikari.HikariDataSource.getConnection:123 -HikariPool-1 - Start completed.
2019-07-09 22:02:27.835 DEBUG[http-nio-8081-exec-1]com.acong.dao.UserAdminDao.updateUserAdmin.debug:159 -==>  Preparing: update useradmin set user_name = ?, user_password = ? WHERE user_id = ? 
2019-07-09 22:02:27.859 DEBUG[http-nio-8081-exec-1]com.acong.dao.UserAdminDao.updateUserAdmin.debug:159 -==> Parameters: zhyn(String), 85885849(String), 1(Integer)
2019-07-09 22:02:27.876 DEBUG[http-nio-8081-exec-1]com.acong.dao.UserAdminDao.updateUserAdmin.debug:159 -<==    Updates: 1
2019-07-09 22:03:39.512 DEBUG[http-nio-8081-exec-4]com.acong.dao.UserAdminDao.updateUserAdmin.debug:159 -==>  Preparing: update useradmin set user_name = ?, user_password = ? WHERE user_id = ? 
2019-07-09 22:03:39.513 DEBUG[http-nio-8081-exec-4]com.acong.dao.UserAdminDao.updateUserAdmin.debug:159 -==> Parameters: zhyn(String), 85885849(String), 1(Integer)
2019-07-09 22:03:39.531 DEBUG[http-nio-8081-exec-4]com.acong.dao.UserAdminDao.updateUserAdmin.debug:159 -<==    Updates: 1
2019-07-09 22:15:37.588 INFO [Thread-49]o.s.b.w.s.c.AnnotationConfigServletWebServerApplicationContext.doClose:993 -Closing org.springframework.boot.web.servlet.context.AnnotationConfigServletWebServerApplicationContext@5965be2d: startup date [Tue Jul 09 22:02:19 CST 2019]; root of context hierarchy
2019-07-09 22:15:37.592 INFO [Thread-49]o.s.jmx.export.annotation.AnnotationMBeanExporter.destroy:451 -Unregistering JMX-exposed beans on shutdown
2019-07-09 22:15:37.593 INFO [Thread-49]o.s.jmx.export.annotation.AnnotationMBeanExporter.unregisterBeans:183 -Unregistering JMX-exposed beans
2019-07-09 22:15:37.621 INFO [Thread-49]com.zaxxer.hikari.HikariDataSource.close:381 -HikariPool-1 - Shutdown initiated...
2019-07-09 22:15:37.630 INFO [Thread-49]com.zaxxer.hikari.HikariDataSource.close:383 -HikariPool-1 - Shutdown completed.
2019-07-09 22:16:16.963 INFO [main]com.acong.MainApp.logStarting:50 -Starting MainApp on zhaoyanandeMacBook-Pro.local with PID 1172 (/Users/zhaoyanan/code/springboot_redis/target/classes started by zhaoyanan in /Users/zhaoyanan/code/springboot_redis)
2019-07-09 22:16:16.967 INFO [main]com.acong.MainApp.logStartupProfileInfo:659 -No active profile set, falling back to default profiles: default
2019-07-09 22:16:17.002 INFO [main]o.s.b.w.s.c.AnnotationConfigServletWebServerApplicationContext.prepareRefresh:590 -Refreshing org.springframework.boot.web.servlet.context.AnnotationConfigServletWebServerApplicationContext@5454d35e: startup date [Tue Jul 09 22:16:17 CST 2019]; root of context hierarchy
2019-07-09 22:16:17.446 INFO [main]o.s.d.repository.config.RepositoryConfigurationDelegate.multipleStoresDetected:163 -Multiple Spring Data modules found, entering strict repository configuration mode!
2019-07-09 22:16:17.761 INFO [main]o.s.c.s.PostProcessorRegistrationDelegate$BeanPostProcessorChecker.postProcessAfterInitialization:328 -Bean 'config' of type [com.acong.Config$$EnhancerBySpringCGLIB$$7517e63b] is not eligible for getting processed by all BeanPostProcessors (for example: not eligible for auto-proxying)
2019-07-09 22:16:17.767 INFO [main]o.s.c.s.PostProcessorRegistrationDelegate$BeanPostProcessorChecker.postProcessAfterInitialization:328 -Bean 'org.springframework.transaction.annotation.ProxyTransactionManagementConfiguration' of type [org.springframework.transaction.annotation.ProxyTransactionManagementConfiguration$$EnhancerBySpringCGLIB$$8385505f] is not eligible for getting processed by all BeanPostProcessors (for example: not eligible for auto-proxying)
2019-07-09 22:16:17.794 INFO [main]o.s.c.s.PostProcessorRegistrationDelegate$BeanPostProcessorChecker.postProcessAfterInitialization:328 -Bean 'org.springframework.cache.annotation.ProxyCachingConfiguration' of type [org.springframework.cache.annotation.ProxyCachingConfiguration$$EnhancerBySpringCGLIB$$cc97867d] is not eligible for getting processed by all BeanPostProcessors (for example: not eligible for auto-proxying)
2019-07-09 22:16:18.037 INFO [main]o.s.boot.web.embedded.tomcat.TomcatWebServer.initialize:91 -Tomcat initialized with port(s): 8081 (http)
2019-07-09 22:16:18.049 INFO [main]org.apache.coyote.http11.Http11NioProtocol.log:180 -Initializing ProtocolHandler ["http-nio-8081"]
2019-07-09 22:16:18.057 INFO [main]org.apache.catalina.core.StandardService.log:180 -Starting service [Tomcat]
2019-07-09 22:16:18.057 INFO [main]org.apache.catalina.core.StandardEngine.log:180 -Starting Servlet Engine: Apache Tomcat/8.5.29
2019-07-09 22:16:18.061 INFO [localhost-startStop-1]org.apache.catalina.core.AprLifecycleListener.log:180 -The APR based Apache Tomcat Native library which allows optimal performance in production environments was not found on the java.library.path: [/Users/zhaoyanan/Library/Java/Extensions:/Library/Java/Extensions:/Network/Library/Java/Extensions:/System/Library/Java/Extensions:/usr/lib/java:.]
2019-07-09 22:16:18.136 INFO [localhost-startStop-1]o.a.catalina.core.ContainerBase.[Tomcat].[localhost].[/].log:180 -Initializing Spring embedded WebApplicationContext
2019-07-09 22:16:18.137 INFO [localhost-startStop-1]org.springframework.web.context.ContextLoader.prepareWebApplicationContext:285 -Root WebApplicationContext: initialization completed in 1135 ms
2019-07-09 22:16:18.266 INFO [localhost-startStop-1]o.s.boot.web.servlet.ServletRegistrationBean.addRegistration:185 -Servlet dispatcherServlet mapped to [/]
2019-07-09 22:16:18.270 INFO [localhost-startStop-1]o.s.boot.web.servlet.FilterRegistrationBean.configure:244 -Mapping filter: 'characterEncodingFilter' to: [/*]
2019-07-09 22:16:18.271 INFO [localhost-startStop-1]o.s.boot.web.servlet.FilterRegistrationBean.configure:244 -Mapping filter: 'hiddenHttpMethodFilter' to: [/*]
2019-07-09 22:16:18.271 INFO [localhost-startStop-1]o.s.boot.web.servlet.FilterRegistrationBean.configure:244 -Mapping filter: 'httpPutFormContentFilter' to: [/*]
2019-07-09 22:16:18.271 INFO [localhost-startStop-1]o.s.boot.web.servlet.FilterRegistrationBean.configure:244 -Mapping filter: 'requestContextFilter' to: [/*]
2019-07-09 22:16:18.848 INFO [main]o.s.web.servlet.handler.SimpleUrlHandlerMapping.registerHandler:373 -Mapped URL path [/**/favicon.ico] onto handler of type [class org.springframework.web.servlet.resource.ResourceHttpRequestHandler]
2019-07-09 22:16:19.046 INFO [main]o.s.w.s.m.method.annotation.RequestMappingHandlerAdapter.initControllerAdviceCache:574 -Looking for @ControllerAdvice: org.springframework.boot.web.servlet.context.AnnotationConfigServletWebServerApplicationContext@5454d35e: startup date [Tue Jul 09 22:16:17 CST 2019]; root of context hierarchy
2019-07-09 22:16:19.100 INFO [main]o.s.w.s.m.method.annotation.RequestMappingHandlerMapping.register:547 -Mapped "{[/UserAdmin/queryAll]}" onto public java.util.List<com.acong.entity.UserAdmin> com.acong.controller.UserAdminController.queryAll()
2019-07-09 22:16:19.102 INFO [main]o.s.w.s.m.method.annotation.RequestMappingHandlerMapping.register:547 -Mapped "{[/UserAdmin/findUserAdminById]}" onto public com.acong.entity.UserAdmin com.acong.controller.UserAdminController.findUserAdminById(int)
2019-07-09 22:16:19.102 INFO [main]o.s.w.s.m.method.annotation.RequestMappingHandlerMapping.register:547 -Mapped "{[/UserAdmin/updateUserAdmin]}" onto public java.lang.String com.acong.controller.UserAdminController.updateUserAdmin()
2019-07-09 22:16:19.103 INFO [main]o.s.w.s.m.method.annotation.RequestMappingHandlerMapping.register:547 -Mapped "{[/UserAdmin/insertUserAdmin]}" onto public java.lang.String com.acong.controller.UserAdminController.insertUserAdmin()
2019-07-09 22:16:19.103 INFO [main]o.s.w.s.m.method.annotation.RequestMappingHandlerMapping.register:547 -Mapped "{[/UserAdmin/deleteById]}" onto public java.lang.String com.acong.controller.UserAdminController.deleteById(int)
2019-07-09 22:16:19.103 INFO [main]o.s.w.s.m.method.annotation.RequestMappingHandlerMapping.register:547 -Mapped "{[/UserAdmin/findUserAdminByName]}" onto public java.util.List<com.acong.entity.UserAdmin> com.acong.controller.UserAdminController.findUserAdminByName(java.lang.String)
2019-07-09 22:16:19.105 INFO [main]o.s.w.s.m.method.annotation.RequestMappingHandlerMapping.register:547 -Mapped "{[/User/queryAll]}" onto public java.util.List<com.acong.entity.User> com.acong.controller.UserController.queryAll()
2019-07-09 22:16:19.105 INFO [main]o.s.w.s.m.method.annotation.RequestMappingHandlerMapping.register:547 -Mapped "{[/User/testList]}" onto public java.util.List<java.lang.String> com.acong.controller.UserController.test2()
2019-07-09 22:16:19.106 INFO [main]o.s.w.s.m.method.annotation.RequestMappingHandlerMapping.register:547 -Mapped "{[/User/testMap]}" onto public java.util.Map<java.lang.String, java.lang.String> com.acong.controller.UserController.test1()
2019-07-09 22:16:19.106 INFO [main]o.s.w.s.m.method.annotation.RequestMappingHandlerMapping.register:547 -Mapped "{[/User/testController]}" onto public java.lang.String com.acong.controller.UserController.testController()
2019-07-09 22:16:19.106 INFO [main]o.s.w.s.m.method.annotation.RequestMappingHandlerMapping.register:547 -Mapped "{[/User/findUserById]}" onto public java.util.Map<java.lang.String, java.lang.Object> com.acong.controller.UserController.findUserById(int)
2019-07-09 22:16:19.107 INFO [main]o.s.w.s.m.method.annotation.RequestMappingHandlerMapping.register:547 -Mapped "{[/User/updateUser]}" onto public java.lang.String com.acong.controller.UserController.updateUser()
2019-07-09 22:16:19.107 INFO [main]o.s.w.s.m.method.annotation.RequestMappingHandlerMapping.register:547 -Mapped "{[/User/deleteUserById]}" onto public java.lang.String com.acong.controller.UserController.deleteUserById(int)
2019-07-09 22:16:19.109 INFO [main]o.s.w.s.m.method.annotation.RequestMappingHandlerMapping.register:547 -Mapped "{[/error]}" onto public org.springframework.http.ResponseEntity<java.util.Map<java.lang.String, java.lang.Object>> org.springframework.boot.autoconfigure.web.servlet.error.BasicErrorController.error(javax.servlet.http.HttpServletRequest)
2019-07-09 22:16:19.110 INFO [main]o.s.w.s.m.method.annotation.RequestMappingHandlerMapping.register:547 -Mapped "{[/error],produces=[text/html]}" onto public org.springframework.web.servlet.ModelAndView org.springframework.boot.autoconfigure.web.servlet.error.BasicErrorController.errorHtml(javax.servlet.http.HttpServletRequest,javax.servlet.http.HttpServletResponse)
2019-07-09 22:16:19.136 INFO [main]o.s.web.servlet.handler.SimpleUrlHandlerMapping.registerHandler:373 -Mapped URL path [/webjars/**] onto handler of type [class org.springframework.web.servlet.resource.ResourceHttpRequestHandler]
2019-07-09 22:16:19.136 INFO [main]o.s.web.servlet.handler.SimpleUrlHandlerMapping.registerHandler:373 -Mapped URL path [/**] onto handler of type [class org.springframework.web.servlet.resource.ResourceHttpRequestHandler]
2019-07-09 22:16:19.486 INFO [main]o.s.jmx.export.annotation.AnnotationMBeanExporter.afterSingletonsInstantiated:433 -Registering beans for JMX exposure on startup
2019-07-09 22:16:19.488 INFO [main]o.s.jmx.export.annotation.AnnotationMBeanExporter.autodetect:895 -Bean with name 'dataSource' has been autodetected for JMX exposure
2019-07-09 22:16:19.493 INFO [main]o.s.jmx.export.annotation.AnnotationMBeanExporter.registerBeanInstance:668 -Located MBean 'dataSource': registering with JMX server as MBean [com.zaxxer.hikari:name=dataSource,type=HikariDataSource]
2019-07-09 22:16:19.502 INFO [main]org.apache.coyote.http11.Http11NioProtocol.log:180 -Starting ProtocolHandler ["http-nio-8081"]
2019-07-09 22:16:19.522 INFO [main]org.apache.tomcat.util.net.NioSelectorPool.log:180 -Using a shared selector for servlet write/read
2019-07-09 22:16:19.535 INFO [main]o.s.boot.web.embedded.tomcat.TomcatWebServer.start:206 -Tomcat started on port(s): 8081 (http) with context path ''
2019-07-09 22:16:19.539 INFO [main]com.acong.MainApp.logStarted:59 -Started MainApp in 22.971 seconds (JVM running for 28.64)
2019-07-09 22:16:25.724 INFO [http-nio-8081-exec-1]o.a.catalina.core.ContainerBase.[Tomcat].[localhost].[/].log:180 -Initializing Spring FrameworkServlet 'dispatcherServlet'
2019-07-09 22:16:25.725 INFO [http-nio-8081-exec-1]org.springframework.web.servlet.DispatcherServlet.initServletBean:494 -FrameworkServlet 'dispatcherServlet': initialization started
2019-07-09 22:16:25.760 INFO [http-nio-8081-exec-1]org.springframework.web.servlet.DispatcherServlet.initServletBean:509 -FrameworkServlet 'dispatcherServlet': initialization completed in 34 ms
2019-07-09 22:16:25.790 INFO [http-nio-8081-exec-1]com.zaxxer.hikari.HikariDataSource.getConnection:110 -HikariPool-1 - Starting...
2019-07-09 22:16:26.397 INFO [http-nio-8081-exec-1]com.zaxxer.hikari.HikariDataSource.getConnection:123 -HikariPool-1 - Start completed.
2019-07-09 22:16:26.451 DEBUG[http-nio-8081-exec-1]com.acong.dao.UserAdminDao.updateUserAdmin.debug:159 -==>  Preparing: update useradmin set user_name = ?, user_password = ? WHERE user_id = ? 
2019-07-09 22:16:26.473 DEBUG[http-nio-8081-exec-1]com.acong.dao.UserAdminDao.updateUserAdmin.debug:159 -==> Parameters: zhyn(String), 85885849(String), 1(Integer)
2019-07-09 22:16:26.489 DEBUG[http-nio-8081-exec-1]com.acong.dao.UserAdminDao.updateUserAdmin.debug:159 -<==    Updates: 1
2019-07-09 22:18:54.515 INFO [Thread-48]o.s.b.w.s.c.AnnotationConfigServletWebServerApplicationContext.doClose:993 -Closing org.springframework.boot.web.servlet.context.AnnotationConfigServletWebServerApplicationContext@5454d35e: startup date [Tue Jul 09 22:16:17 CST 2019]; root of context hierarchy
2019-07-09 22:18:54.518 INFO [Thread-48]o.s.jmx.export.annotation.AnnotationMBeanExporter.destroy:451 -Unregistering JMX-exposed beans on shutdown
2019-07-09 22:18:54.519 INFO [Thread-48]o.s.jmx.export.annotation.AnnotationMBeanExporter.unregisterBeans:183 -Unregistering JMX-exposed beans
2019-07-09 22:18:54.548 INFO [Thread-48]com.zaxxer.hikari.HikariDataSource.close:381 -HikariPool-1 - Shutdown initiated...
2019-07-09 22:18:54.558 INFO [Thread-48]com.zaxxer.hikari.HikariDataSource.close:383 -HikariPool-1 - Shutdown completed.
2019-07-09 22:20:16.374 INFO [main]com.acong.MainApp.logStarting:50 -Starting MainApp on zhaoyanandeMacBook-Pro.local with PID 1205 (/Users/zhaoyanan/code/springboot_redis/target/classes started by zhaoyanan in /Users/zhaoyanan/code/springboot_redis)
2019-07-09 22:20:16.378 INFO [main]com.acong.MainApp.logStartupProfileInfo:659 -No active profile set, falling back to default profiles: default
2019-07-09 22:20:16.413 INFO [main]o.s.b.w.s.c.AnnotationConfigServletWebServerApplicationContext.prepareRefresh:590 -Refreshing org.springframework.boot.web.servlet.context.AnnotationConfigServletWebServerApplicationContext@1ab06251: startup date [Tue Jul 09 22:20:16 CST 2019]; root of context hierarchy
2019-07-09 22:20:16.845 INFO [main]o.s.d.repository.config.RepositoryConfigurationDelegate.multipleStoresDetected:163 -Multiple Spring Data modules found, entering strict repository configuration mode!
2019-07-09 22:20:17.138 INFO [main]o.s.c.s.PostProcessorRegistrationDelegate$BeanPostProcessorChecker.postProcessAfterInitialization:328 -Bean 'config' of type [com.acong.Config$$EnhancerBySpringCGLIB$$acf0f00c] is not eligible for getting processed by all BeanPostProcessors (for example: not eligible for auto-proxying)
2019-07-09 22:20:17.144 INFO [main]o.s.c.s.PostProcessorRegistrationDelegate$BeanPostProcessorChecker.postProcessAfterInitialization:328 -Bean 'org.springframework.transaction.annotation.ProxyTransactionManagementConfiguration' of type [org.springframework.transaction.annotation.ProxyTransactionManagementConfiguration$$EnhancerBySpringCGLIB$$bb5e5a30] is not eligible for getting processed by all BeanPostProcessors (for example: not eligible for auto-proxying)
2019-07-09 22:20:17.171 INFO [main]o.s.c.s.PostProcessorRegistrationDelegate$BeanPostProcessorChecker.postProcessAfterInitialization:328 -Bean 'org.springframework.cache.annotation.ProxyCachingConfiguration' of type [org.springframework.cache.annotation.ProxyCachingConfiguration$$EnhancerBySpringCGLIB$$470904e] is not eligible for getting processed by all BeanPostProcessors (for example: not eligible for auto-proxying)
2019-07-09 22:20:17.443 INFO [main]o.s.boot.web.embedded.tomcat.TomcatWebServer.initialize:91 -Tomcat initialized with port(s): 8081 (http)
2019-07-09 22:20:17.456 INFO [main]org.apache.coyote.http11.Http11NioProtocol.log:180 -Initializing ProtocolHandler ["http-nio-8081"]
2019-07-09 22:20:17.465 INFO [main]org.apache.catalina.core.StandardService.log:180 -Starting service [Tomcat]
2019-07-09 22:20:17.466 INFO [main]org.apache.catalina.core.StandardEngine.log:180 -Starting Servlet Engine: Apache Tomcat/8.5.29
2019-07-09 22:20:17.470 INFO [localhost-startStop-1]org.apache.catalina.core.AprLifecycleListener.log:180 -The APR based Apache Tomcat Native library which allows optimal performance in production environments was not found on the java.library.path: [/Users/zhaoyanan/Library/Java/Extensions:/Library/Java/Extensions:/Network/Library/Java/Extensions:/System/Library/Java/Extensions:/usr/lib/java:.]
2019-07-09 22:20:17.535 INFO [localhost-startStop-1]o.a.catalina.core.ContainerBase.[Tomcat].[localhost].[/].log:180 -Initializing Spring embedded WebApplicationContext
2019-07-09 22:20:17.535 INFO [localhost-startStop-1]org.springframework.web.context.ContextLoader.prepareWebApplicationContext:285 -Root WebApplicationContext: initialization completed in 1122 ms
2019-07-09 22:20:17.633 INFO [localhost-startStop-1]o.s.boot.web.servlet.ServletRegistrationBean.addRegistration:185 -Servlet dispatcherServlet mapped to [/]
2019-07-09 22:20:17.637 INFO [localhost-startStop-1]o.s.boot.web.servlet.FilterRegistrationBean.configure:244 -Mapping filter: 'characterEncodingFilter' to: [/*]
2019-07-09 22:20:17.637 INFO [localhost-startStop-1]o.s.boot.web.servlet.FilterRegistrationBean.configure:244 -Mapping filter: 'hiddenHttpMethodFilter' to: [/*]
2019-07-09 22:20:17.637 INFO [localhost-startStop-1]o.s.boot.web.servlet.FilterRegistrationBean.configure:244 -Mapping filter: 'httpPutFormContentFilter' to: [/*]
2019-07-09 22:20:17.637 INFO [localhost-startStop-1]o.s.boot.web.servlet.FilterRegistrationBean.configure:244 -Mapping filter: 'requestContextFilter' to: [/*]
2019-07-09 22:20:18.246 INFO [main]o.s.web.servlet.handler.SimpleUrlHandlerMapping.registerHandler:373 -Mapped URL path [/**/favicon.ico] onto handler of type [class org.springframework.web.servlet.resource.ResourceHttpRequestHandler]
2019-07-09 22:20:18.439 INFO [main]o.s.w.s.m.method.annotation.RequestMappingHandlerAdapter.initControllerAdviceCache:574 -Looking for @ControllerAdvice: org.springframework.boot.web.servlet.context.AnnotationConfigServletWebServerApplicationContext@1ab06251: startup date [Tue Jul 09 22:20:16 CST 2019]; root of context hierarchy
2019-07-09 22:20:18.497 INFO [main]o.s.w.s.m.method.annotation.RequestMappingHandlerMapping.register:547 -Mapped "{[/UserAdmin/queryAll]}" onto public java.util.List<com.acong.entity.UserAdmin> com.acong.controller.UserAdminController.queryAll()
2019-07-09 22:20:18.499 INFO [main]o.s.w.s.m.method.annotation.RequestMappingHandlerMapping.register:547 -Mapped "{[/UserAdmin/findUserAdminById]}" onto public com.acong.entity.UserAdmin com.acong.controller.UserAdminController.findUserAdminById(int)
2019-07-09 22:20:18.499 INFO [main]o.s.w.s.m.method.annotation.RequestMappingHandlerMapping.register:547 -Mapped "{[/UserAdmin/updateUserAdmin]}" onto public java.lang.String com.acong.controller.UserAdminController.updateUserAdmin()
2019-07-09 22:20:18.500 INFO [main]o.s.w.s.m.method.annotation.RequestMappingHandlerMapping.register:547 -Mapped "{[/UserAdmin/insertUserAdmin]}" onto public java.lang.String com.acong.controller.UserAdminController.insertUserAdmin()
2019-07-09 22:20:18.500 INFO [main]o.s.w.s.m.method.annotation.RequestMappingHandlerMapping.register:547 -Mapped "{[/UserAdmin/deleteById]}" onto public java.lang.String com.acong.controller.UserAdminController.deleteById(int)
2019-07-09 22:20:18.500 INFO [main]o.s.w.s.m.method.annotation.RequestMappingHandlerMapping.register:547 -Mapped "{[/UserAdmin/findUserAdminByName]}" onto public java.util.List<com.acong.entity.UserAdmin> com.acong.controller.UserAdminController.findUserAdminByName(java.lang.String)
2019-07-09 22:20:18.502 INFO [main]o.s.w.s.m.method.annotation.RequestMappingHandlerMapping.register:547 -Mapped "{[/User/queryAll]}" onto public java.util.List<com.acong.entity.User> com.acong.controller.UserController.queryAll()
2019-07-09 22:20:18.502 INFO [main]o.s.w.s.m.method.annotation.RequestMappingHandlerMapping.register:547 -Mapped "{[/User/testMap]}" onto public java.util.Map<java.lang.String, java.lang.String> com.acong.controller.UserController.test1()
2019-07-09 22:20:18.503 INFO [main]o.s.w.s.m.method.annotation.RequestMappingHandlerMapping.register:547 -Mapped "{[/User/testController]}" onto public java.lang.String com.acong.controller.UserController.testController()
2019-07-09 22:20:18.503 INFO [main]o.s.w.s.m.method.annotation.RequestMappingHandlerMapping.register:547 -Mapped "{[/User/findUserById]}" onto public java.util.Map<java.lang.String, java.lang.Object> com.acong.controller.UserController.findUserById(int)
2019-07-09 22:20:18.503 INFO [main]o.s.w.s.m.method.annotation.RequestMappingHandlerMapping.register:547 -Mapped "{[/User/updateUser]}" onto public java.lang.String com.acong.controller.UserController.updateUser()
2019-07-09 22:20:18.504 INFO [main]o.s.w.s.m.method.annotation.RequestMappingHandlerMapping.register:547 -Mapped "{[/User/deleteUserById]}" onto public java.lang.String com.acong.controller.UserController.deleteUserById(int)
2019-07-09 22:20:18.504 INFO [main]o.s.w.s.m.method.annotation.RequestMappingHandlerMapping.register:547 -Mapped "{[/User/testList]}" onto public java.util.List<java.lang.String> com.acong.controller.UserController.test2()
2019-07-09 22:20:18.506 INFO [main]o.s.w.s.m.method.annotation.RequestMappingHandlerMapping.register:547 -Mapped "{[/error]}" onto public org.springframework.http.ResponseEntity<java.util.Map<java.lang.String, java.lang.Object>> org.springframework.boot.autoconfigure.web.servlet.error.BasicErrorController.error(javax.servlet.http.HttpServletRequest)
2019-07-09 22:20:18.507 INFO [main]o.s.w.s.m.method.annotation.RequestMappingHandlerMapping.register:547 -Mapped "{[/error],produces=[text/html]}" onto public org.springframework.web.servlet.ModelAndView org.springframework.boot.autoconfigure.web.servlet.error.BasicErrorController.errorHtml(javax.servlet.http.HttpServletRequest,javax.servlet.http.HttpServletResponse)
2019-07-09 22:20:18.533 INFO [main]o.s.web.servlet.handler.SimpleUrlHandlerMapping.registerHandler:373 -Mapped URL path [/webjars/**] onto handler of type [class org.springframework.web.servlet.resource.ResourceHttpRequestHandler]
2019-07-09 22:20:18.534 INFO [main]o.s.web.servlet.handler.SimpleUrlHandlerMapping.registerHandler:373 -Mapped URL path [/**] onto handler of type [class org.springframework.web.servlet.resource.ResourceHttpRequestHandler]
2019-07-09 22:20:18.923 INFO [main]o.s.jmx.export.annotation.AnnotationMBeanExporter.afterSingletonsInstantiated:433 -Registering beans for JMX exposure on startup
2019-07-09 22:20:18.924 INFO [main]o.s.jmx.export.annotation.AnnotationMBeanExporter.autodetect:895 -Bean with name 'dataSource' has been autodetected for JMX exposure
2019-07-09 22:20:18.929 INFO [main]o.s.jmx.export.annotation.AnnotationMBeanExporter.registerBeanInstance:668 -Located MBean 'dataSource': registering with JMX server as MBean [com.zaxxer.hikari:name=dataSource,type=HikariDataSource]
2019-07-09 22:20:18.939 INFO [main]org.apache.coyote.http11.Http11NioProtocol.log:180 -Starting ProtocolHandler ["http-nio-8081"]
2019-07-09 22:20:18.959 INFO [main]org.apache.tomcat.util.net.NioSelectorPool.log:180 -Using a shared selector for servlet write/read
2019-07-09 22:20:18.972 INFO [main]o.s.boot.web.embedded.tomcat.TomcatWebServer.start:206 -Tomcat started on port(s): 8081 (http) with context path ''
2019-07-09 22:20:18.976 INFO [main]com.acong.MainApp.logStarted:59 -Started MainApp in 22.998 seconds (JVM running for 28.561)
2019-07-09 22:20:26.504 INFO [http-nio-8081-exec-1]o.a.catalina.core.ContainerBase.[Tomcat].[localhost].[/].log:180 -Initializing Spring FrameworkServlet 'dispatcherServlet'
2019-07-09 22:20:26.505 INFO [http-nio-8081-exec-1]org.springframework.web.servlet.DispatcherServlet.initServletBean:494 -FrameworkServlet 'dispatcherServlet': initialization started
2019-07-09 22:20:26.522 INFO [http-nio-8081-exec-1]org.springframework.web.servlet.DispatcherServlet.initServletBean:509 -FrameworkServlet 'dispatcherServlet': initialization completed in 17 ms
2019-07-09 22:20:26.570 INFO [http-nio-8081-exec-1]com.zaxxer.hikari.HikariDataSource.getConnection:110 -HikariPool-1 - Starting...
2019-07-09 22:20:27.138 INFO [http-nio-8081-exec-1]com.zaxxer.hikari.HikariDataSource.getConnection:123 -HikariPool-1 - Start completed.
2019-07-09 22:20:27.189 DEBUG[http-nio-8081-exec-1]com.acong.dao.UserAdminDao.updateUserAdmin.debug:159 -==>  Preparing: update useradmin set user_name = ?, user_password = ? WHERE user_id = ? 
2019-07-09 22:20:27.213 DEBUG[http-nio-8081-exec-1]com.acong.dao.UserAdminDao.updateUserAdmin.debug:159 -==> Parameters: zhyn(String), 85885849(String), 1(Integer)
2019-07-09 22:20:27.227 DEBUG[http-nio-8081-exec-1]com.acong.dao.UserAdminDao.updateUserAdmin.debug:159 -<==    Updates: 1
2019-07-09 22:20:57.589 INFO [Thread-48]o.s.b.w.s.c.AnnotationConfigServletWebServerApplicationContext.doClose:993 -Closing org.springframework.boot.web.servlet.context.AnnotationConfigServletWebServerApplicationContext@1ab06251: startup date [Tue Jul 09 22:20:16 CST 2019]; root of context hierarchy
2019-07-09 22:20:57.595 INFO [Thread-48]o.s.jmx.export.annotation.AnnotationMBeanExporter.destroy:451 -Unregistering JMX-exposed beans on shutdown
2019-07-09 22:20:57.596 INFO [Thread-48]o.s.jmx.export.annotation.AnnotationMBeanExporter.unregisterBeans:183 -Unregistering JMX-exposed beans
2019-07-09 22:20:57.611 INFO [Thread-48]com.zaxxer.hikari.HikariDataSource.close:381 -HikariPool-1 - Shutdown initiated...
2019-07-09 22:20:57.618 INFO [Thread-48]com.zaxxer.hikari.HikariDataSource.close:383 -HikariPool-1 - Shutdown completed.
