2019-06-19 16:42:43.651 INFO [main]com.acong.MainApp.logStarting:50 -Starting MainApp on zhaoyanandeMacBook-Pro.local with PID 5155 (/Users/zhaoyanan/code/springboot_redis/target/classes started by zhaoyanan in /Users/zhaoyanan/code/springboot_redis)
2019-06-19 16:42:43.660 INFO [main]com.acong.MainApp.logStartupProfileInfo:659 -No active profile set, falling back to default profiles: default
2019-06-19 16:42:43.711 INFO [main]o.s.b.w.s.c.AnnotationConfigServletWebServerApplicationContext.prepareRefresh:590 -Refreshing org.springframework.boot.web.servlet.context.AnnotationConfigServletWebServerApplicationContext@5082d622: startup date [Wed Jun 19 16:42:43 CST 2019]; root of context hierarchy
2019-06-19 16:42:44.379 INFO [main]o.s.d.repository.config.RepositoryConfigurationDelegate.multipleStoresDetected:163 -Multiple Spring Data modules found, entering strict repository configuration mode!
2019-06-19 16:42:44.778 INFO [main]o.s.c.s.PostProcessorRegistrationDelegate$BeanPostProcessorChecker.postProcessAfterInitialization:328 -Bean 'org.springframework.transaction.annotation.ProxyTransactionManagementConfiguration' of type [org.springframework.transaction.annotation.ProxyTransactionManagementConfiguration$$EnhancerBySpringCGLIB$$813f8723] is not eligible for getting processed by all BeanPostProcessors (for example: not eligible for auto-proxying)
2019-06-19 16:42:45.086 INFO [main]o.s.boot.web.embedded.tomcat.TomcatWebServer.initialize:91 -Tomcat initialized with port(s): 8081 (http)
2019-06-19 16:42:45.106 INFO [main]org.apache.coyote.http11.Http11NioProtocol.log:180 -Initializing ProtocolHandler ["http-nio-8081"]
2019-06-19 16:42:45.116 INFO [main]org.apache.catalina.core.StandardService.log:180 -Starting service [Tomcat]
2019-06-19 16:42:45.116 INFO [main]org.apache.catalina.core.StandardEngine.log:180 -Starting Servlet Engine: Apache Tomcat/8.5.29
2019-06-19 16:42:45.121 INFO [localhost-startStop-1]org.apache.catalina.core.AprLifecycleListener.log:180 -The APR based Apache Tomcat Native library which allows optimal performance in production environments was not found on the java.library.path: [/Users/zhaoyanan/Library/Java/Extensions:/Library/Java/Extensions:/Network/Library/Java/Extensions:/System/Library/Java/Extensions:/usr/lib/java:.]
2019-06-19 16:42:45.243 INFO [localhost-startStop-1]o.a.catalina.core.ContainerBase.[Tomcat].[localhost].[/].log:180 -Initializing Spring embedded WebApplicationContext
2019-06-19 16:42:45.243 INFO [localhost-startStop-1]org.springframework.web.context.ContextLoader.prepareWebApplicationContext:285 -Root WebApplicationContext: initialization completed in 1532 ms
2019-06-19 16:42:45.348 INFO [localhost-startStop-1]o.s.boot.web.servlet.ServletRegistrationBean.addRegistration:185 -Servlet dispatcherServlet mapped to [/]
2019-06-19 16:42:45.352 INFO [localhost-startStop-1]o.s.boot.web.servlet.FilterRegistrationBean.configure:244 -Mapping filter: 'characterEncodingFilter' to: [/*]
2019-06-19 16:42:45.353 INFO [localhost-startStop-1]o.s.boot.web.servlet.FilterRegistrationBean.configure:244 -Mapping filter: 'hiddenHttpMethodFilter' to: [/*]
2019-06-19 16:42:45.353 INFO [localhost-startStop-1]o.s.boot.web.servlet.FilterRegistrationBean.configure:244 -Mapping filter: 'httpPutFormContentFilter' to: [/*]
2019-06-19 16:42:45.353 INFO [localhost-startStop-1]o.s.boot.web.servlet.FilterRegistrationBean.configure:244 -Mapping filter: 'requestContextFilter' to: [/*]
2019-06-19 16:42:46.211 INFO [main]o.s.web.servlet.handler.SimpleUrlHandlerMapping.registerHandler:373 -Mapped URL path [/**/favicon.ico] onto handler of type [class org.springframework.web.servlet.resource.ResourceHttpRequestHandler]
2019-06-19 16:42:46.476 INFO [main]o.s.w.s.m.method.annotation.RequestMappingHandlerAdapter.initControllerAdviceCache:574 -Looking for @ControllerAdvice: org.springframework.boot.web.servlet.context.AnnotationConfigServletWebServerApplicationContext@5082d622: startup date [Wed Jun 19 16:42:43 CST 2019]; root of context hierarchy
2019-06-19 16:42:46.549 INFO [main]o.s.w.s.m.method.annotation.RequestMappingHandlerMapping.register:547 -Mapped "{[/test/testController]}" onto public java.lang.String com.acong.controller.TestController.testController()
2019-06-19 16:42:46.551 INFO [main]o.s.w.s.m.method.annotation.RequestMappingHandlerMapping.register:547 -Mapped "{[/test/queryAll]}" onto public java.util.List<com.acong.entity.User> com.acong.controller.TestController.queryAll()
2019-06-19 16:42:46.553 INFO [main]o.s.w.s.m.method.annotation.RequestMappingHandlerMapping.register:547 -Mapped "{[/test/findUserById]}" onto public java.util.Map<java.lang.String, java.lang.Object> com.acong.controller.TestController.findUserById(int)
2019-06-19 16:42:46.553 INFO [main]o.s.w.s.m.method.annotation.RequestMappingHandlerMapping.register:547 -Mapped "{[/test/updateUser]}" onto public java.lang.String com.acong.controller.TestController.updateUser()
2019-06-19 16:42:46.553 INFO [main]o.s.w.s.m.method.annotation.RequestMappingHandlerMapping.register:547 -Mapped "{[/test/deleteUserById]}" onto public java.lang.String com.acong.controller.TestController.deleteUserById(int)
2019-06-19 16:42:46.555 INFO [main]o.s.w.s.m.method.annotation.RequestMappingHandlerMapping.register:547 -Mapped "{[/error]}" onto public org.springframework.http.ResponseEntity<java.util.Map<java.lang.String, java.lang.Object>> org.springframework.boot.autoconfigure.web.servlet.error.BasicErrorController.error(javax.servlet.http.HttpServletRequest)
2019-06-19 16:42:46.556 INFO [main]o.s.w.s.m.method.annotation.RequestMappingHandlerMapping.register:547 -Mapped "{[/error],produces=[text/html]}" onto public org.springframework.web.servlet.ModelAndView org.springframework.boot.autoconfigure.web.servlet.error.BasicErrorController.errorHtml(javax.servlet.http.HttpServletRequest,javax.servlet.http.HttpServletResponse)
2019-06-19 16:42:46.581 INFO [main]o.s.web.servlet.handler.SimpleUrlHandlerMapping.registerHandler:373 -Mapped URL path [/webjars/**] onto handler of type [class org.springframework.web.servlet.resource.ResourceHttpRequestHandler]
2019-06-19 16:42:46.582 INFO [main]o.s.web.servlet.handler.SimpleUrlHandlerMapping.registerHandler:373 -Mapped URL path [/**] onto handler of type [class org.springframework.web.servlet.resource.ResourceHttpRequestHandler]
2019-06-19 16:42:47.008 INFO [main]o.s.jmx.export.annotation.AnnotationMBeanExporter.afterSingletonsInstantiated:433 -Registering beans for JMX exposure on startup
2019-06-19 16:42:47.009 INFO [main]o.s.jmx.export.annotation.AnnotationMBeanExporter.autodetect:895 -Bean with name 'dataSource' has been autodetected for JMX exposure
2019-06-19 16:42:47.014 INFO [main]o.s.jmx.export.annotation.AnnotationMBeanExporter.registerBeanInstance:668 -Located MBean 'dataSource': registering with JMX server as MBean [com.zaxxer.hikari:name=dataSource,type=HikariDataSource]
2019-06-19 16:42:47.029 INFO [main]org.apache.coyote.http11.Http11NioProtocol.log:180 -Starting ProtocolHandler ["http-nio-8081"]
2019-06-19 16:42:47.052 INFO [main]org.apache.tomcat.util.net.NioSelectorPool.log:180 -Using a shared selector for servlet write/read
2019-06-19 16:42:47.067 INFO [main]o.s.boot.web.embedded.tomcat.TomcatWebServer.start:206 -Tomcat started on port(s): 8081 (http) with context path ''
2019-06-19 16:42:47.072 INFO [main]com.acong.MainApp.logStarted:59 -Started MainApp in 24.152 seconds (JVM running for 30.963)
2019-06-19 16:43:13.661 INFO [http-nio-8081-exec-1]o.a.catalina.core.ContainerBase.[Tomcat].[localhost].[/].log:180 -Initializing Spring FrameworkServlet 'dispatcherServlet'
2019-06-19 16:43:13.662 INFO [http-nio-8081-exec-1]org.springframework.web.servlet.DispatcherServlet.initServletBean:494 -FrameworkServlet 'dispatcherServlet': initialization started
2019-06-19 16:43:13.685 INFO [http-nio-8081-exec-1]org.springframework.web.servlet.DispatcherServlet.initServletBean:509 -FrameworkServlet 'dispatcherServlet': initialization completed in 23 ms
2019-06-19 16:43:13.837 INFO [http-nio-8081-exec-1]io.lettuce.core.EpollProvider.info:101 -Starting without optional epoll library
2019-06-19 16:43:13.838 INFO [http-nio-8081-exec-1]io.lettuce.core.KqueueProvider.info:101 -Starting without optional kqueue library
2019-06-19 16:52:10.177 INFO [http-nio-8081-exec-4]com.zaxxer.hikari.HikariDataSource.getConnection:110 -HikariPool-1 - Starting...
2019-06-19 16:52:10.872 INFO [http-nio-8081-exec-4]com.zaxxer.hikari.HikariDataSource.getConnection:123 -HikariPool-1 - Start completed.
2019-06-19 16:52:10.881 DEBUG[http-nio-8081-exec-4]com.acong.dao.UserDao.findUserById.debug:159 -==>  Preparing: select * from user where uid = ? 
2019-06-19 16:52:10.900 DEBUG[http-nio-8081-exec-4]com.acong.dao.UserDao.findUserById.debug:159 -==> Parameters: 6(Integer)
2019-06-19 16:52:10.916 DEBUG[http-nio-8081-exec-4]com.acong.dao.UserDao.findUserById.debug:159 -<==      Total: 0
2019-06-19 16:53:48.197 DEBUG[http-nio-8081-exec-6]com.acong.dao.UserDao.findUserById.debug:159 -==>  Preparing: select * from user where uid = ? 
2019-06-19 16:53:48.199 DEBUG[http-nio-8081-exec-6]com.acong.dao.UserDao.findUserById.debug:159 -==> Parameters: 1(Integer)
2019-06-19 16:53:48.213 DEBUG[http-nio-8081-exec-6]com.acong.dao.UserDao.findUserById.debug:159 -<==      Total: 1
2019-06-19 16:53:58.416 DEBUG[http-nio-8081-exec-7]com.acong.dao.UserDao.findUserById.debug:159 -==>  Preparing: select * from user where uid = ? 
2019-06-19 16:53:58.416 DEBUG[http-nio-8081-exec-7]com.acong.dao.UserDao.findUserById.debug:159 -==> Parameters: 2(Integer)
2019-06-19 16:53:58.421 DEBUG[http-nio-8081-exec-7]com.acong.dao.UserDao.findUserById.debug:159 -<==      Total: 1
2019-06-19 17:31:48.461 INFO [Thread-51]o.s.b.w.s.c.AnnotationConfigServletWebServerApplicationContext.doClose:993 -Closing org.springframework.boot.web.servlet.context.AnnotationConfigServletWebServerApplicationContext@5082d622: startup date [Wed Jun 19 16:42:43 CST 2019]; root of context hierarchy
2019-06-19 17:31:48.480 INFO [Thread-51]o.s.jmx.export.annotation.AnnotationMBeanExporter.destroy:451 -Unregistering JMX-exposed beans on shutdown
2019-06-19 17:31:48.481 INFO [Thread-51]o.s.jmx.export.annotation.AnnotationMBeanExporter.unregisterBeans:183 -Unregistering JMX-exposed beans
2019-06-19 17:31:49.623 INFO [Thread-51]com.zaxxer.hikari.HikariDataSource.close:381 -HikariPool-1 - Shutdown initiated...
2019-06-19 17:31:49.635 INFO [Thread-51]com.zaxxer.hikari.HikariDataSource.close:383 -HikariPool-1 - Shutdown completed.
2019-06-19 17:32:29.349 INFO [main]com.acong.MainApp.logStarting:50 -Starting MainApp on zhaoyanandeMacBook-Pro.local with PID 5776 (/Users/zhaoyanan/code/springboot_redis/target/classes started by zhaoyanan in /Users/zhaoyanan/code/springboot_redis)
2019-06-19 17:32:29.354 INFO [main]com.acong.MainApp.logStartupProfileInfo:659 -No active profile set, falling back to default profiles: default
2019-06-19 17:32:29.387 INFO [main]o.s.b.w.s.c.AnnotationConfigServletWebServerApplicationContext.prepareRefresh:590 -Refreshing org.springframework.boot.web.servlet.context.AnnotationConfigServletWebServerApplicationContext@14f9390f: startup date [Wed Jun 19 17:32:29 CST 2019]; root of context hierarchy
2019-06-19 17:32:29.822 INFO [main]o.s.d.repository.config.RepositoryConfigurationDelegate.multipleStoresDetected:163 -Multiple Spring Data modules found, entering strict repository configuration mode!
2019-06-19 17:32:30.128 INFO [main]o.s.c.s.PostProcessorRegistrationDelegate$BeanPostProcessorChecker.postProcessAfterInitialization:328 -Bean 'org.springframework.transaction.annotation.ProxyTransactionManagementConfiguration' of type [org.springframework.transaction.annotation.ProxyTransactionManagementConfiguration$$EnhancerBySpringCGLIB$$b0ef3fc2] is not eligible for getting processed by all BeanPostProcessors (for example: not eligible for auto-proxying)
2019-06-19 17:32:30.367 INFO [main]o.s.boot.web.embedded.tomcat.TomcatWebServer.initialize:91 -Tomcat initialized with port(s): 8081 (http)
2019-06-19 17:32:30.385 INFO [main]org.apache.coyote.http11.Http11NioProtocol.log:180 -Initializing ProtocolHandler ["http-nio-8081"]
2019-06-19 17:32:30.394 INFO [main]org.apache.catalina.core.StandardService.log:180 -Starting service [Tomcat]
2019-06-19 17:32:30.394 INFO [main]org.apache.catalina.core.StandardEngine.log:180 -Starting Servlet Engine: Apache Tomcat/8.5.29
2019-06-19 17:32:30.399 INFO [localhost-startStop-1]org.apache.catalina.core.AprLifecycleListener.log:180 -The APR based Apache Tomcat Native library which allows optimal performance in production environments was not found on the java.library.path: [/Users/zhaoyanan/Library/Java/Extensions:/Library/Java/Extensions:/Network/Library/Java/Extensions:/System/Library/Java/Extensions:/usr/lib/java:.]
2019-06-19 17:32:30.488 INFO [localhost-startStop-1]o.a.catalina.core.ContainerBase.[Tomcat].[localhost].[/].log:180 -Initializing Spring embedded WebApplicationContext
2019-06-19 17:32:30.488 INFO [localhost-startStop-1]org.springframework.web.context.ContextLoader.prepareWebApplicationContext:285 -Root WebApplicationContext: initialization completed in 1101 ms
2019-06-19 17:32:30.607 INFO [localhost-startStop-1]o.s.boot.web.servlet.ServletRegistrationBean.addRegistration:185 -Servlet dispatcherServlet mapped to [/]
2019-06-19 17:32:30.615 INFO [localhost-startStop-1]o.s.boot.web.servlet.FilterRegistrationBean.configure:244 -Mapping filter: 'characterEncodingFilter' to: [/*]
2019-06-19 17:32:30.615 INFO [localhost-startStop-1]o.s.boot.web.servlet.FilterRegistrationBean.configure:244 -Mapping filter: 'hiddenHttpMethodFilter' to: [/*]
2019-06-19 17:32:30.616 INFO [localhost-startStop-1]o.s.boot.web.servlet.FilterRegistrationBean.configure:244 -Mapping filter: 'httpPutFormContentFilter' to: [/*]
2019-06-19 17:32:30.616 INFO [localhost-startStop-1]o.s.boot.web.servlet.FilterRegistrationBean.configure:244 -Mapping filter: 'requestContextFilter' to: [/*]
2019-06-19 17:32:31.153 INFO [main]o.s.web.servlet.handler.SimpleUrlHandlerMapping.registerHandler:373 -Mapped URL path [/**/favicon.ico] onto handler of type [class org.springframework.web.servlet.resource.ResourceHttpRequestHandler]
2019-06-19 17:32:31.341 INFO [main]o.s.w.s.m.method.annotation.RequestMappingHandlerAdapter.initControllerAdviceCache:574 -Looking for @ControllerAdvice: org.springframework.boot.web.servlet.context.AnnotationConfigServletWebServerApplicationContext@14f9390f: startup date [Wed Jun 19 17:32:29 CST 2019]; root of context hierarchy
2019-06-19 17:32:31.391 INFO [main]o.s.w.s.m.method.annotation.RequestMappingHandlerMapping.register:547 -Mapped "{[/test/queryAll]}" onto public java.util.List<com.acong.entity.User> com.acong.controller.TestController.queryAll()
2019-06-19 17:32:31.392 INFO [main]o.s.w.s.m.method.annotation.RequestMappingHandlerMapping.register:547 -Mapped "{[/test/testController]}" onto public java.lang.String com.acong.controller.TestController.testController()
2019-06-19 17:32:31.393 INFO [main]o.s.w.s.m.method.annotation.RequestMappingHandlerMapping.register:547 -Mapped "{[/test/findUserById]}" onto public java.util.Map<java.lang.String, java.lang.Object> com.acong.controller.TestController.findUserById(int)
2019-06-19 17:32:31.394 INFO [main]o.s.w.s.m.method.annotation.RequestMappingHandlerMapping.register:547 -Mapped "{[/test/updateUser]}" onto public java.lang.String com.acong.controller.TestController.updateUser()
2019-06-19 17:32:31.394 INFO [main]o.s.w.s.m.method.annotation.RequestMappingHandlerMapping.register:547 -Mapped "{[/test/deleteUserById]}" onto public java.lang.String com.acong.controller.TestController.deleteUserById(int)
2019-06-19 17:32:31.396 INFO [main]o.s.w.s.m.method.annotation.RequestMappingHandlerMapping.register:547 -Mapped "{[/error]}" onto public org.springframework.http.ResponseEntity<java.util.Map<java.lang.String, java.lang.Object>> org.springframework.boot.autoconfigure.web.servlet.error.BasicErrorController.error(javax.servlet.http.HttpServletRequest)
2019-06-19 17:32:31.396 INFO [main]o.s.w.s.m.method.annotation.RequestMappingHandlerMapping.register:547 -Mapped "{[/error],produces=[text/html]}" onto public org.springframework.web.servlet.ModelAndView org.springframework.boot.autoconfigure.web.servlet.error.BasicErrorController.errorHtml(javax.servlet.http.HttpServletRequest,javax.servlet.http.HttpServletResponse)
2019-06-19 17:32:31.418 INFO [main]o.s.web.servlet.handler.SimpleUrlHandlerMapping.registerHandler:373 -Mapped URL path [/webjars/**] onto handler of type [class org.springframework.web.servlet.resource.ResourceHttpRequestHandler]
2019-06-19 17:32:31.419 INFO [main]o.s.web.servlet.handler.SimpleUrlHandlerMapping.registerHandler:373 -Mapped URL path [/**] onto handler of type [class org.springframework.web.servlet.resource.ResourceHttpRequestHandler]
2019-06-19 17:32:31.785 INFO [main]o.s.jmx.export.annotation.AnnotationMBeanExporter.afterSingletonsInstantiated:433 -Registering beans for JMX exposure on startup
2019-06-19 17:32:31.789 INFO [main]o.s.jmx.export.annotation.AnnotationMBeanExporter.autodetect:895 -Bean with name 'dataSource' has been autodetected for JMX exposure
2019-06-19 17:32:31.795 INFO [main]o.s.jmx.export.annotation.AnnotationMBeanExporter.registerBeanInstance:668 -Located MBean 'dataSource': registering with JMX server as MBean [com.zaxxer.hikari:name=dataSource,type=HikariDataSource]
2019-06-19 17:32:31.807 INFO [main]org.apache.coyote.http11.Http11NioProtocol.log:180 -Starting ProtocolHandler ["http-nio-8081"]
2019-06-19 17:32:31.827 INFO [main]org.apache.tomcat.util.net.NioSelectorPool.log:180 -Using a shared selector for servlet write/read
2019-06-19 17:32:31.840 INFO [main]o.s.boot.web.embedded.tomcat.TomcatWebServer.start:206 -Tomcat started on port(s): 8081 (http) with context path ''
2019-06-19 17:32:31.845 INFO [main]com.acong.MainApp.logStarted:59 -Started MainApp in 22.9 seconds (JVM running for 28.672)
2019-06-19 17:33:14.604 INFO [http-nio-8081-exec-1]o.a.catalina.core.ContainerBase.[Tomcat].[localhost].[/].log:180 -Initializing Spring FrameworkServlet 'dispatcherServlet'
2019-06-19 17:33:14.605 INFO [http-nio-8081-exec-1]org.springframework.web.servlet.DispatcherServlet.initServletBean:494 -FrameworkServlet 'dispatcherServlet': initialization started
2019-06-19 17:33:14.620 INFO [http-nio-8081-exec-1]org.springframework.web.servlet.DispatcherServlet.initServletBean:509 -FrameworkServlet 'dispatcherServlet': initialization completed in 15 ms
2019-06-19 17:33:14.725 INFO [http-nio-8081-exec-1]io.lettuce.core.EpollProvider.info:101 -Starting without optional epoll library
2019-06-19 17:33:14.726 INFO [http-nio-8081-exec-1]io.lettuce.core.KqueueProvider.info:101 -Starting without optional kqueue library
2019-06-19 17:39:32.880 INFO [Thread-48]o.s.b.w.s.c.AnnotationConfigServletWebServerApplicationContext.doClose:993 -Closing org.springframework.boot.web.servlet.context.AnnotationConfigServletWebServerApplicationContext@14f9390f: startup date [Wed Jun 19 17:32:29 CST 2019]; root of context hierarchy
2019-06-19 17:39:32.884 INFO [Thread-48]o.s.jmx.export.annotation.AnnotationMBeanExporter.destroy:451 -Unregistering JMX-exposed beans on shutdown
2019-06-19 17:39:32.885 INFO [Thread-48]o.s.jmx.export.annotation.AnnotationMBeanExporter.unregisterBeans:183 -Unregistering JMX-exposed beans
2019-06-19 17:40:13.599 INFO [main]com.acong.MainApp.logStarting:50 -Starting MainApp on zhaoyanandeMacBook-Pro.local with PID 5923 (/Users/zhaoyanan/code/springboot_redis/target/classes started by zhaoyanan in /Users/zhaoyanan/code/springboot_redis)
2019-06-19 17:40:13.604 INFO [main]com.acong.MainApp.logStartupProfileInfo:659 -No active profile set, falling back to default profiles: default
2019-06-19 17:40:13.653 INFO [main]o.s.b.w.s.c.AnnotationConfigServletWebServerApplicationContext.prepareRefresh:590 -Refreshing org.springframework.boot.web.servlet.context.AnnotationConfigServletWebServerApplicationContext@418c5a9c: startup date [Wed Jun 19 17:40:13 CST 2019]; root of context hierarchy
2019-06-19 17:40:14.272 INFO [main]o.s.d.repository.config.RepositoryConfigurationDelegate.multipleStoresDetected:163 -Multiple Spring Data modules found, entering strict repository configuration mode!
2019-06-19 17:40:14.662 INFO [main]o.s.c.s.PostProcessorRegistrationDelegate$BeanPostProcessorChecker.postProcessAfterInitialization:328 -Bean 'org.springframework.transaction.annotation.ProxyTransactionManagementConfiguration' of type [org.springframework.transaction.annotation.ProxyTransactionManagementConfiguration$$EnhancerBySpringCGLIB$$360d5f41] is not eligible for getting processed by all BeanPostProcessors (for example: not eligible for auto-proxying)
2019-06-19 17:40:14.945 INFO [main]o.s.boot.web.embedded.tomcat.TomcatWebServer.initialize:91 -Tomcat initialized with port(s): 8081 (http)
2019-06-19 17:40:14.958 INFO [main]org.apache.coyote.http11.Http11NioProtocol.log:180 -Initializing ProtocolHandler ["http-nio-8081"]
2019-06-19 17:40:14.966 INFO [main]org.apache.catalina.core.StandardService.log:180 -Starting service [Tomcat]
2019-06-19 17:40:14.967 INFO [main]org.apache.catalina.core.StandardEngine.log:180 -Starting Servlet Engine: Apache Tomcat/8.5.29
2019-06-19 17:40:14.973 INFO [localhost-startStop-1]org.apache.catalina.core.AprLifecycleListener.log:180 -The APR based Apache Tomcat Native library which allows optimal performance in production environments was not found on the java.library.path: [/Users/zhaoyanan/Library/Java/Extensions:/Library/Java/Extensions:/Network/Library/Java/Extensions:/System/Library/Java/Extensions:/usr/lib/java:.]
2019-06-19 17:40:15.082 INFO [localhost-startStop-1]o.a.catalina.core.ContainerBase.[Tomcat].[localhost].[/].log:180 -Initializing Spring embedded WebApplicationContext
2019-06-19 17:40:15.083 INFO [localhost-startStop-1]org.springframework.web.context.ContextLoader.prepareWebApplicationContext:285 -Root WebApplicationContext: initialization completed in 1430 ms
2019-06-19 17:40:15.232 INFO [localhost-startStop-1]o.s.boot.web.servlet.ServletRegistrationBean.addRegistration:185 -Servlet dispatcherServlet mapped to [/]
2019-06-19 17:40:15.243 INFO [localhost-startStop-1]o.s.boot.web.servlet.FilterRegistrationBean.configure:244 -Mapping filter: 'characterEncodingFilter' to: [/*]
2019-06-19 17:40:15.244 INFO [localhost-startStop-1]o.s.boot.web.servlet.FilterRegistrationBean.configure:244 -Mapping filter: 'hiddenHttpMethodFilter' to: [/*]
2019-06-19 17:40:15.245 INFO [localhost-startStop-1]o.s.boot.web.servlet.FilterRegistrationBean.configure:244 -Mapping filter: 'httpPutFormContentFilter' to: [/*]
2019-06-19 17:40:15.245 INFO [localhost-startStop-1]o.s.boot.web.servlet.FilterRegistrationBean.configure:244 -Mapping filter: 'requestContextFilter' to: [/*]
2019-06-19 17:40:16.088 INFO [main]o.s.web.servlet.handler.SimpleUrlHandlerMapping.registerHandler:373 -Mapped URL path [/**/favicon.ico] onto handler of type [class org.springframework.web.servlet.resource.ResourceHttpRequestHandler]
2019-06-19 17:40:16.357 INFO [main]o.s.w.s.m.method.annotation.RequestMappingHandlerAdapter.initControllerAdviceCache:574 -Looking for @ControllerAdvice: org.springframework.boot.web.servlet.context.AnnotationConfigServletWebServerApplicationContext@418c5a9c: startup date [Wed Jun 19 17:40:13 CST 2019]; root of context hierarchy
2019-06-19 17:40:16.427 INFO [main]o.s.w.s.m.method.annotation.RequestMappingHandlerMapping.register:547 -Mapped "{[/test/testController]}" onto public java.lang.String com.acong.controller.TestController.testController()
2019-06-19 17:40:16.429 INFO [main]o.s.w.s.m.method.annotation.RequestMappingHandlerMapping.register:547 -Mapped "{[/test/queryAll]}" onto public java.util.List<com.acong.entity.User> com.acong.controller.TestController.queryAll()
2019-06-19 17:40:16.431 INFO [main]o.s.w.s.m.method.annotation.RequestMappingHandlerMapping.register:547 -Mapped "{[/test/findUserById]}" onto public java.util.Map<java.lang.String, java.lang.Object> com.acong.controller.TestController.findUserById(int)
2019-06-19 17:40:16.431 INFO [main]o.s.w.s.m.method.annotation.RequestMappingHandlerMapping.register:547 -Mapped "{[/test/updateUser]}" onto public java.lang.String com.acong.controller.TestController.updateUser()
2019-06-19 17:40:16.431 INFO [main]o.s.w.s.m.method.annotation.RequestMappingHandlerMapping.register:547 -Mapped "{[/test/deleteUserById]}" onto public java.lang.String com.acong.controller.TestController.deleteUserById(int)
2019-06-19 17:40:16.437 INFO [main]o.s.w.s.m.method.annotation.RequestMappingHandlerMapping.register:547 -Mapped "{[/error]}" onto public org.springframework.http.ResponseEntity<java.util.Map<java.lang.String, java.lang.Object>> org.springframework.boot.autoconfigure.web.servlet.error.BasicErrorController.error(javax.servlet.http.HttpServletRequest)
2019-06-19 17:40:16.438 INFO [main]o.s.w.s.m.method.annotation.RequestMappingHandlerMapping.register:547 -Mapped "{[/error],produces=[text/html]}" onto public org.springframework.web.servlet.ModelAndView org.springframework.boot.autoconfigure.web.servlet.error.BasicErrorController.errorHtml(javax.servlet.http.HttpServletRequest,javax.servlet.http.HttpServletResponse)
2019-06-19 17:40:16.495 INFO [main]o.s.web.servlet.handler.SimpleUrlHandlerMapping.registerHandler:373 -Mapped URL path [/webjars/**] onto handler of type [class org.springframework.web.servlet.resource.ResourceHttpRequestHandler]
2019-06-19 17:40:16.495 INFO [main]o.s.web.servlet.handler.SimpleUrlHandlerMapping.registerHandler:373 -Mapped URL path [/**] onto handler of type [class org.springframework.web.servlet.resource.ResourceHttpRequestHandler]
2019-06-19 17:40:16.964 INFO [main]o.s.jmx.export.annotation.AnnotationMBeanExporter.afterSingletonsInstantiated:433 -Registering beans for JMX exposure on startup
2019-06-19 17:40:16.965 INFO [main]o.s.jmx.export.annotation.AnnotationMBeanExporter.autodetect:895 -Bean with name 'dataSource' has been autodetected for JMX exposure
2019-06-19 17:40:16.978 INFO [main]o.s.jmx.export.annotation.AnnotationMBeanExporter.registerBeanInstance:668 -Located MBean 'dataSource': registering with JMX server as MBean [com.zaxxer.hikari:name=dataSource,type=HikariDataSource]
2019-06-19 17:40:16.993 INFO [main]org.apache.coyote.http11.Http11NioProtocol.log:180 -Starting ProtocolHandler ["http-nio-8081"]
2019-06-19 17:40:17.023 INFO [main]org.apache.tomcat.util.net.NioSelectorPool.log:180 -Using a shared selector for servlet write/read
2019-06-19 17:40:17.053 INFO [main]o.s.boot.web.embedded.tomcat.TomcatWebServer.start:206 -Tomcat started on port(s): 8081 (http) with context path ''
2019-06-19 17:40:17.059 INFO [main]com.acong.MainApp.logStarted:59 -Started MainApp in 23.985 seconds (JVM running for 29.967)
2019-06-19 17:49:58.034 INFO [Thread-51]o.s.b.w.s.c.AnnotationConfigServletWebServerApplicationContext.doClose:993 -Closing org.springframework.boot.web.servlet.context.AnnotationConfigServletWebServerApplicationContext@418c5a9c: startup date [Wed Jun 19 17:40:13 CST 2019]; root of context hierarchy
2019-06-19 17:49:58.039 INFO [Thread-51]o.s.jmx.export.annotation.AnnotationMBeanExporter.destroy:451 -Unregistering JMX-exposed beans on shutdown
2019-06-19 17:49:58.040 INFO [Thread-51]o.s.jmx.export.annotation.AnnotationMBeanExporter.unregisterBeans:183 -Unregistering JMX-exposed beans
2019-06-19 17:50:37.051 INFO [main]com.acong.MainApp.logStarting:50 -Starting MainApp on zhaoyanandeMacBook-Pro.local with PID 6107 (/Users/zhaoyanan/code/springboot_redis/target/classes started by zhaoyanan in /Users/zhaoyanan/code/springboot_redis)
2019-06-19 17:50:37.055 INFO [main]com.acong.MainApp.logStartupProfileInfo:659 -No active profile set, falling back to default profiles: default
2019-06-19 17:50:37.088 INFO [main]o.s.b.w.s.c.AnnotationConfigServletWebServerApplicationContext.prepareRefresh:590 -Refreshing org.springframework.boot.web.servlet.context.AnnotationConfigServletWebServerApplicationContext@8e50104: startup date [Wed Jun 19 17:50:37 CST 2019]; root of context hierarchy
2019-06-19 17:50:37.492 INFO [main]o.s.d.repository.config.RepositoryConfigurationDelegate.multipleStoresDetected:163 -Multiple Spring Data modules found, entering strict repository configuration mode!
2019-06-19 17:50:37.768 INFO [main]o.s.c.s.PostProcessorRegistrationDelegate$BeanPostProcessorChecker.postProcessAfterInitialization:328 -Bean 'org.springframework.transaction.annotation.ProxyTransactionManagementConfiguration' of type [org.springframework.transaction.annotation.ProxyTransactionManagementConfiguration$$EnhancerBySpringCGLIB$$50f05bd0] is not eligible for getting processed by all BeanPostProcessors (for example: not eligible for auto-proxying)
2019-06-19 17:50:37.999 INFO [main]o.s.boot.web.embedded.tomcat.TomcatWebServer.initialize:91 -Tomcat initialized with port(s): 8081 (http)
2019-06-19 17:50:38.013 INFO [main]org.apache.coyote.http11.Http11NioProtocol.log:180 -Initializing ProtocolHandler ["http-nio-8081"]
2019-06-19 17:50:38.021 INFO [main]org.apache.catalina.core.StandardService.log:180 -Starting service [Tomcat]
2019-06-19 17:50:38.022 INFO [main]org.apache.catalina.core.StandardEngine.log:180 -Starting Servlet Engine: Apache Tomcat/8.5.29
2019-06-19 17:50:38.026 INFO [localhost-startStop-1]org.apache.catalina.core.AprLifecycleListener.log:180 -The APR based Apache Tomcat Native library which allows optimal performance in production environments was not found on the java.library.path: [/Users/zhaoyanan/Library/Java/Extensions:/Library/Java/Extensions:/Network/Library/Java/Extensions:/System/Library/Java/Extensions:/usr/lib/java:.]
2019-06-19 17:50:38.120 INFO [localhost-startStop-1]o.a.catalina.core.ContainerBase.[Tomcat].[localhost].[/].log:180 -Initializing Spring embedded WebApplicationContext
2019-06-19 17:50:38.120 INFO [localhost-startStop-1]org.springframework.web.context.ContextLoader.prepareWebApplicationContext:285 -Root WebApplicationContext: initialization completed in 1032 ms
2019-06-19 17:50:38.213 INFO [localhost-startStop-1]o.s.boot.web.servlet.ServletRegistrationBean.addRegistration:185 -Servlet dispatcherServlet mapped to [/]
2019-06-19 17:50:38.216 INFO [localhost-startStop-1]o.s.boot.web.servlet.FilterRegistrationBean.configure:244 -Mapping filter: 'characterEncodingFilter' to: [/*]
2019-06-19 17:50:38.216 INFO [localhost-startStop-1]o.s.boot.web.servlet.FilterRegistrationBean.configure:244 -Mapping filter: 'hiddenHttpMethodFilter' to: [/*]
2019-06-19 17:50:38.217 INFO [localhost-startStop-1]o.s.boot.web.servlet.FilterRegistrationBean.configure:244 -Mapping filter: 'httpPutFormContentFilter' to: [/*]
2019-06-19 17:50:38.217 INFO [localhost-startStop-1]o.s.boot.web.servlet.FilterRegistrationBean.configure:244 -Mapping filter: 'requestContextFilter' to: [/*]
2019-06-19 17:50:38.784 INFO [main]o.s.web.servlet.handler.SimpleUrlHandlerMapping.registerHandler:373 -Mapped URL path [/**/favicon.ico] onto handler of type [class org.springframework.web.servlet.resource.ResourceHttpRequestHandler]
2019-06-19 17:50:38.975 INFO [main]o.s.w.s.m.method.annotation.RequestMappingHandlerAdapter.initControllerAdviceCache:574 -Looking for @ControllerAdvice: org.springframework.boot.web.servlet.context.AnnotationConfigServletWebServerApplicationContext@8e50104: startup date [Wed Jun 19 17:50:37 CST 2019]; root of context hierarchy
2019-06-19 17:50:39.027 INFO [main]o.s.w.s.m.method.annotation.RequestMappingHandlerMapping.register:547 -Mapped "{[/test/test]}" onto public java.util.Map<java.lang.String, java.lang.String> com.acong.controller.TestController.test()
2019-06-19 17:50:39.028 INFO [main]o.s.w.s.m.method.annotation.RequestMappingHandlerMapping.register:547 -Mapped "{[/test/queryAll]}" onto public java.util.List<com.acong.entity.User> com.acong.controller.TestController.queryAll()
2019-06-19 17:50:39.029 INFO [main]o.s.w.s.m.method.annotation.RequestMappingHandlerMapping.register:547 -Mapped "{[/test/testController]}" onto public java.lang.String com.acong.controller.TestController.testController()
2019-06-19 17:50:39.030 INFO [main]o.s.w.s.m.method.annotation.RequestMappingHandlerMapping.register:547 -Mapped "{[/test/findUserById]}" onto public java.util.Map<java.lang.String, java.lang.Object> com.acong.controller.TestController.findUserById(int)
2019-06-19 17:50:39.031 INFO [main]o.s.w.s.m.method.annotation.RequestMappingHandlerMapping.register:547 -Mapped "{[/test/updateUser]}" onto public java.lang.String com.acong.controller.TestController.updateUser()
2019-06-19 17:50:39.031 INFO [main]o.s.w.s.m.method.annotation.RequestMappingHandlerMapping.register:547 -Mapped "{[/test/deleteUserById]}" onto public java.lang.String com.acong.controller.TestController.deleteUserById(int)
2019-06-19 17:50:39.033 INFO [main]o.s.w.s.m.method.annotation.RequestMappingHandlerMapping.register:547 -Mapped "{[/error]}" onto public org.springframework.http.ResponseEntity<java.util.Map<java.lang.String, java.lang.Object>> org.springframework.boot.autoconfigure.web.servlet.error.BasicErrorController.error(javax.servlet.http.HttpServletRequest)
2019-06-19 17:50:39.034 INFO [main]o.s.w.s.m.method.annotation.RequestMappingHandlerMapping.register:547 -Mapped "{[/error],produces=[text/html]}" onto public org.springframework.web.servlet.ModelAndView org.springframework.boot.autoconfigure.web.servlet.error.BasicErrorController.errorHtml(javax.servlet.http.HttpServletRequest,javax.servlet.http.HttpServletResponse)
2019-06-19 17:50:39.057 INFO [main]o.s.web.servlet.handler.SimpleUrlHandlerMapping.registerHandler:373 -Mapped URL path [/webjars/**] onto handler of type [class org.springframework.web.servlet.resource.ResourceHttpRequestHandler]
2019-06-19 17:50:39.057 INFO [main]o.s.web.servlet.handler.SimpleUrlHandlerMapping.registerHandler:373 -Mapped URL path [/**] onto handler of type [class org.springframework.web.servlet.resource.ResourceHttpRequestHandler]
2019-06-19 17:50:39.422 INFO [main]o.s.jmx.export.annotation.AnnotationMBeanExporter.afterSingletonsInstantiated:433 -Registering beans for JMX exposure on startup
2019-06-19 17:50:39.423 INFO [main]o.s.jmx.export.annotation.AnnotationMBeanExporter.autodetect:895 -Bean with name 'dataSource' has been autodetected for JMX exposure
2019-06-19 17:50:39.428 INFO [main]o.s.jmx.export.annotation.AnnotationMBeanExporter.registerBeanInstance:668 -Located MBean 'dataSource': registering with JMX server as MBean [com.zaxxer.hikari:name=dataSource,type=HikariDataSource]
2019-06-19 17:50:39.438 INFO [main]org.apache.coyote.http11.Http11NioProtocol.log:180 -Starting ProtocolHandler ["http-nio-8081"]
2019-06-19 17:50:39.458 INFO [main]org.apache.tomcat.util.net.NioSelectorPool.log:180 -Using a shared selector for servlet write/read
2019-06-19 17:50:39.470 INFO [main]o.s.boot.web.embedded.tomcat.TomcatWebServer.start:206 -Tomcat started on port(s): 8081 (http) with context path ''
2019-06-19 17:50:39.475 INFO [main]com.acong.MainApp.logStarted:59 -Started MainApp in 22.831 seconds (JVM running for 28.471)
2019-06-19 17:55:50.358 INFO [http-nio-8081-exec-1]o.a.catalina.core.ContainerBase.[Tomcat].[localhost].[/].log:180 -Initializing Spring FrameworkServlet 'dispatcherServlet'
2019-06-19 17:55:50.358 INFO [http-nio-8081-exec-1]org.springframework.web.servlet.DispatcherServlet.initServletBean:494 -FrameworkServlet 'dispatcherServlet': initialization started
2019-06-19 17:55:50.381 INFO [http-nio-8081-exec-1]org.springframework.web.servlet.DispatcherServlet.initServletBean:509 -FrameworkServlet 'dispatcherServlet': initialization completed in 22 ms
2019-06-19 18:23:12.610 INFO [Thread-48]o.s.b.w.s.c.AnnotationConfigServletWebServerApplicationContext.doClose:993 -Closing org.springframework.boot.web.servlet.context.AnnotationConfigServletWebServerApplicationContext@8e50104: startup date [Wed Jun 19 17:50:37 CST 2019]; root of context hierarchy
2019-06-19 18:23:12.641 INFO [Thread-48]o.s.jmx.export.annotation.AnnotationMBeanExporter.destroy:451 -Unregistering JMX-exposed beans on shutdown
2019-06-19 18:23:12.642 INFO [Thread-48]o.s.jmx.export.annotation.AnnotationMBeanExporter.unregisterBeans:183 -Unregistering JMX-exposed beans
2019-06-19 18:23:52.103 INFO [main]com.acong.MainApp.logStarting:50 -Starting MainApp on zhaoyanandeMacBook-Pro.local with PID 6443 (/Users/zhaoyanan/code/springboot_redis/target/classes started by zhaoyanan in /Users/zhaoyanan/code/springboot_redis)
2019-06-19 18:23:52.109 INFO [main]com.acong.MainApp.logStartupProfileInfo:659 -No active profile set, falling back to default profiles: default
2019-06-19 18:23:52.140 INFO [main]o.s.b.w.s.c.AnnotationConfigServletWebServerApplicationContext.prepareRefresh:590 -Refreshing org.springframework.boot.web.servlet.context.AnnotationConfigServletWebServerApplicationContext@13d4992d: startup date [Wed Jun 19 18:23:52 CST 2019]; root of context hierarchy
2019-06-19 18:23:52.523 INFO [main]o.s.d.repository.config.RepositoryConfigurationDelegate.multipleStoresDetected:163 -Multiple Spring Data modules found, entering strict repository configuration mode!
2019-06-19 18:23:52.795 INFO [main]o.s.c.s.PostProcessorRegistrationDelegate$BeanPostProcessorChecker.postProcessAfterInitialization:328 -Bean 'org.springframework.transaction.annotation.ProxyTransactionManagementConfiguration' of type [org.springframework.transaction.annotation.ProxyTransactionManagementConfiguration$$EnhancerBySpringCGLIB$$c0c1d27b] is not eligible for getting processed by all BeanPostProcessors (for example: not eligible for auto-proxying)
2019-06-19 18:23:53.018 INFO [main]o.s.boot.web.embedded.tomcat.TomcatWebServer.initialize:91 -Tomcat initialized with port(s): 8081 (http)
2019-06-19 18:23:53.031 INFO [main]org.apache.coyote.http11.Http11NioProtocol.log:180 -Initializing ProtocolHandler ["http-nio-8081"]
2019-06-19 18:23:53.039 INFO [main]org.apache.catalina.core.StandardService.log:180 -Starting service [Tomcat]
2019-06-19 18:23:53.039 INFO [main]org.apache.catalina.core.StandardEngine.log:180 -Starting Servlet Engine: Apache Tomcat/8.5.29
2019-06-19 18:23:53.043 INFO [localhost-startStop-1]org.apache.catalina.core.AprLifecycleListener.log:180 -The APR based Apache Tomcat Native library which allows optimal performance in production environments was not found on the java.library.path: [/Users/zhaoyanan/Library/Java/Extensions:/Library/Java/Extensions:/Network/Library/Java/Extensions:/System/Library/Java/Extensions:/usr/lib/java:.]
2019-06-19 18:23:53.117 INFO [localhost-startStop-1]o.a.catalina.core.ContainerBase.[Tomcat].[localhost].[/].log:180 -Initializing Spring embedded WebApplicationContext
2019-06-19 18:23:53.117 INFO [localhost-startStop-1]org.springframework.web.context.ContextLoader.prepareWebApplicationContext:285 -Root WebApplicationContext: initialization completed in 977 ms
2019-06-19 18:23:53.207 INFO [localhost-startStop-1]o.s.boot.web.servlet.ServletRegistrationBean.addRegistration:185 -Servlet dispatcherServlet mapped to [/]
2019-06-19 18:23:53.211 INFO [localhost-startStop-1]o.s.boot.web.servlet.FilterRegistrationBean.configure:244 -Mapping filter: 'characterEncodingFilter' to: [/*]
2019-06-19 18:23:53.212 INFO [localhost-startStop-1]o.s.boot.web.servlet.FilterRegistrationBean.configure:244 -Mapping filter: 'hiddenHttpMethodFilter' to: [/*]
2019-06-19 18:23:53.212 INFO [localhost-startStop-1]o.s.boot.web.servlet.FilterRegistrationBean.configure:244 -Mapping filter: 'httpPutFormContentFilter' to: [/*]
2019-06-19 18:23:53.212 INFO [localhost-startStop-1]o.s.boot.web.servlet.FilterRegistrationBean.configure:244 -Mapping filter: 'requestContextFilter' to: [/*]
2019-06-19 18:23:53.739 INFO [main]o.s.web.servlet.handler.SimpleUrlHandlerMapping.registerHandler:373 -Mapped URL path [/**/favicon.ico] onto handler of type [class org.springframework.web.servlet.resource.ResourceHttpRequestHandler]
2019-06-19 18:23:53.927 INFO [main]o.s.w.s.m.method.annotation.RequestMappingHandlerAdapter.initControllerAdviceCache:574 -Looking for @ControllerAdvice: org.springframework.boot.web.servlet.context.AnnotationConfigServletWebServerApplicationContext@13d4992d: startup date [Wed Jun 19 18:23:52 CST 2019]; root of context hierarchy
2019-06-19 18:23:53.978 INFO [main]o.s.w.s.m.method.annotation.RequestMappingHandlerMapping.register:547 -Mapped "{[/test/testList]}" onto public java.util.List<java.lang.String> com.acong.controller.TestController.test2()
2019-06-19 18:23:53.979 INFO [main]o.s.w.s.m.method.annotation.RequestMappingHandlerMapping.register:547 -Mapped "{[/test/testMap]}" onto public java.util.Map<java.lang.String, java.lang.String> com.acong.controller.TestController.test1()
2019-06-19 18:23:53.980 INFO [main]o.s.w.s.m.method.annotation.RequestMappingHandlerMapping.register:547 -Mapped "{[/test/testController]}" onto public java.lang.String com.acong.controller.TestController.testController()
2019-06-19 18:23:53.980 INFO [main]o.s.w.s.m.method.annotation.RequestMappingHandlerMapping.register:547 -Mapped "{[/test/queryAll]}" onto public java.util.List<com.acong.entity.User> com.acong.controller.TestController.queryAll()
2019-06-19 18:23:53.981 INFO [main]o.s.w.s.m.method.annotation.RequestMappingHandlerMapping.register:547 -Mapped "{[/test/findUserById]}" onto public java.util.Map<java.lang.String, java.lang.Object> com.acong.controller.TestController.findUserById(int)
2019-06-19 18:23:53.982 INFO [main]o.s.w.s.m.method.annotation.RequestMappingHandlerMapping.register:547 -Mapped "{[/test/updateUser]}" onto public java.lang.String com.acong.controller.TestController.updateUser()
2019-06-19 18:23:53.982 INFO [main]o.s.w.s.m.method.annotation.RequestMappingHandlerMapping.register:547 -Mapped "{[/test/deleteUserById]}" onto public java.lang.String com.acong.controller.TestController.deleteUserById(int)
2019-06-19 18:23:53.984 INFO [main]o.s.w.s.m.method.annotation.RequestMappingHandlerMapping.register:547 -Mapped "{[/error]}" onto public org.springframework.http.ResponseEntity<java.util.Map<java.lang.String, java.lang.Object>> org.springframework.boot.autoconfigure.web.servlet.error.BasicErrorController.error(javax.servlet.http.HttpServletRequest)
2019-06-19 18:23:53.985 INFO [main]o.s.w.s.m.method.annotation.RequestMappingHandlerMapping.register:547 -Mapped "{[/error],produces=[text/html]}" onto public org.springframework.web.servlet.ModelAndView org.springframework.boot.autoconfigure.web.servlet.error.BasicErrorController.errorHtml(javax.servlet.http.HttpServletRequest,javax.servlet.http.HttpServletResponse)
2019-06-19 18:23:54.008 INFO [main]o.s.web.servlet.handler.SimpleUrlHandlerMapping.registerHandler:373 -Mapped URL path [/webjars/**] onto handler of type [class org.springframework.web.servlet.resource.ResourceHttpRequestHandler]
2019-06-19 18:23:54.008 INFO [main]o.s.web.servlet.handler.SimpleUrlHandlerMapping.registerHandler:373 -Mapped URL path [/**] onto handler of type [class org.springframework.web.servlet.resource.ResourceHttpRequestHandler]
2019-06-19 18:23:54.347 INFO [main]o.s.jmx.export.annotation.AnnotationMBeanExporter.afterSingletonsInstantiated:433 -Registering beans for JMX exposure on startup
2019-06-19 18:23:54.348 INFO [main]o.s.jmx.export.annotation.AnnotationMBeanExporter.autodetect:895 -Bean with name 'dataSource' has been autodetected for JMX exposure
2019-06-19 18:23:54.353 INFO [main]o.s.jmx.export.annotation.AnnotationMBeanExporter.registerBeanInstance:668 -Located MBean 'dataSource': registering with JMX server as MBean [com.zaxxer.hikari:name=dataSource,type=HikariDataSource]
2019-06-19 18:23:54.363 INFO [main]org.apache.coyote.http11.Http11NioProtocol.log:180 -Starting ProtocolHandler ["http-nio-8081"]
2019-06-19 18:23:54.384 INFO [main]org.apache.tomcat.util.net.NioSelectorPool.log:180 -Using a shared selector for servlet write/read
2019-06-19 18:23:54.397 INFO [main]o.s.boot.web.embedded.tomcat.TomcatWebServer.start:206 -Tomcat started on port(s): 8081 (http) with context path ''
2019-06-19 18:23:54.403 INFO [main]com.acong.MainApp.logStarted:59 -Started MainApp in 22.865 seconds (JVM running for 28.588)
2019-06-19 19:00:37.067 INFO [http-nio-8081-exec-1]o.a.catalina.core.ContainerBase.[Tomcat].[localhost].[/].log:180 -Initializing Spring FrameworkServlet 'dispatcherServlet'
2019-06-19 19:00:37.069 INFO [http-nio-8081-exec-1]org.springframework.web.servlet.DispatcherServlet.initServletBean:494 -FrameworkServlet 'dispatcherServlet': initialization started
2019-06-19 19:00:37.089 INFO [http-nio-8081-exec-1]org.springframework.web.servlet.DispatcherServlet.initServletBean:509 -FrameworkServlet 'dispatcherServlet': initialization completed in 19 ms
2019-06-19 19:06:57.638 INFO [http-nio-8081-exec-4]io.lettuce.core.EpollProvider.info:101 -Starting without optional epoll library
2019-06-19 19:06:57.640 INFO [http-nio-8081-exec-4]io.lettuce.core.KqueueProvider.info:101 -Starting without optional kqueue library
2019-06-19 19:22:37.012 INFO [http-nio-8081-exec-8]com.zaxxer.hikari.HikariDataSource.getConnection:110 -HikariPool-1 - Starting...
2019-06-19 19:22:37.659 INFO [http-nio-8081-exec-8]com.zaxxer.hikari.HikariDataSource.getConnection:123 -HikariPool-1 - Start completed.
2019-06-19 19:22:37.669 DEBUG[http-nio-8081-exec-8]com.acong.dao.UserDao.queryAll.debug:159 -==>  Preparing: select * from user 
2019-06-19 19:22:37.691 DEBUG[http-nio-8081-exec-8]com.acong.dao.UserDao.queryAll.debug:159 -==> Parameters: 
2019-06-19 19:22:37.727 DEBUG[http-nio-8081-exec-8]com.acong.dao.UserDao.queryAll.debug:159 -<==      Total: 2
2019-06-19 19:23:22.422 DEBUG[http-nio-8081-exec-9]com.acong.dao.UserDao.queryAll.debug:159 -==>  Preparing: select * from user 
2019-06-19 19:23:22.425 DEBUG[http-nio-8081-exec-9]com.acong.dao.UserDao.queryAll.debug:159 -==> Parameters: 
2019-06-19 19:23:22.432 DEBUG[http-nio-8081-exec-9]com.acong.dao.UserDao.queryAll.debug:159 -<==      Total: 2
2019-06-19 19:32:42.877 DEBUG[http-nio-8081-exec-4]com.acong.dao.UserDao.updateUser.debug:159 -==>  Preparing: update user set username = ?, password = ?, salary = ? where uid = ? 
2019-06-19 19:32:42.885 DEBUG[http-nio-8081-exec-4]com.acong.dao.UserDao.updateUser.debug:159 -==> Parameters: cat(String), miaomiao(String), 4000(Integer), 1(Integer)
2019-06-19 19:32:42.897 DEBUG[http-nio-8081-exec-4]com.acong.dao.UserDao.updateUser.debug:159 -<==    Updates: 1
2019-06-19 19:33:26.001 DEBUG[http-nio-8081-exec-6]com.acong.dao.UserDao.updateUser.debug:159 -==>  Preparing: update user set username = ?, password = ?, salary = ? where uid = ? 
2019-06-19 19:33:26.003 DEBUG[http-nio-8081-exec-6]com.acong.dao.UserDao.updateUser.debug:159 -==> Parameters: cat(String), miaomiao(String), 4000(Integer), 1(Integer)
2019-06-19 19:33:26.011 DEBUG[http-nio-8081-exec-6]com.acong.dao.UserDao.updateUser.debug:159 -<==    Updates: 0
2019-06-19 19:33:36.998 DEBUG[http-nio-8081-exec-8]com.acong.dao.UserDao.updateUser.debug:159 -==>  Preparing: update user set username = ?, password = ?, salary = ? where uid = ? 
2019-06-19 19:33:37.000 DEBUG[http-nio-8081-exec-8]com.acong.dao.UserDao.updateUser.debug:159 -==> Parameters: cat(String), miaomiao(String), 4000(Integer), 1(Integer)
2019-06-19 19:33:37.009 DEBUG[http-nio-8081-exec-8]com.acong.dao.UserDao.updateUser.debug:159 -<==    Updates: 0
2019-06-19 19:38:45.951 DEBUG[http-nio-8081-exec-2]com.acong.dao.UserDao.updateUser.debug:159 -==>  Preparing: update user set username = ?, password = ?, salary = ? where uid = ? 
2019-06-19 19:38:45.953 DEBUG[http-nio-8081-exec-2]com.acong.dao.UserDao.updateUser.debug:159 -==> Parameters: cat(String), miaomiao(String), 4000(Integer), 1(Integer)
2019-06-19 19:38:45.963 DEBUG[http-nio-8081-exec-2]com.acong.dao.UserDao.updateUser.debug:159 -<==    Updates: 1
2019-06-19 19:43:17.224 DEBUG[http-nio-8081-exec-6]com.acong.dao.UserDao.updateUser.debug:159 -==>  Preparing: update user set username = ?, password = ?, salary = ? where uid = ? 
2019-06-19 19:43:17.226 DEBUG[http-nio-8081-exec-6]com.acong.dao.UserDao.updateUser.debug:159 -==> Parameters: cat(String), miaomiao(String), 4000(Integer), 1(Integer)
2019-06-19 19:43:17.239 DEBUG[http-nio-8081-exec-6]com.acong.dao.UserDao.updateUser.debug:159 -<==    Updates: 1
2019-06-19 19:45:43.635 WARN [HikariPool-1 housekeeper]com.zaxxer.hikari.pool.HikariPool.run:756 -HikariPool-1 - Thread starvation or clock leap detected (housekeeper delta=54s759ms).
2019-06-19 19:45:43.685 INFO [Thread-48]o.s.b.w.s.c.AnnotationConfigServletWebServerApplicationContext.doClose:993 -Closing org.springframework.boot.web.servlet.context.AnnotationConfigServletWebServerApplicationContext@13d4992d: startup date [Wed Jun 19 18:23:52 CST 2019]; root of context hierarchy
2019-06-19 19:45:43.698 INFO [Thread-48]o.s.jmx.export.annotation.AnnotationMBeanExporter.destroy:451 -Unregistering JMX-exposed beans on shutdown
2019-06-19 19:45:43.700 INFO [Thread-48]o.s.jmx.export.annotation.AnnotationMBeanExporter.unregisterBeans:183 -Unregistering JMX-exposed beans
2019-06-19 19:45:44.837 INFO [Thread-48]com.zaxxer.hikari.HikariDataSource.close:381 -HikariPool-1 - Shutdown initiated...
2019-06-19 19:45:44.847 INFO [Thread-48]com.zaxxer.hikari.HikariDataSource.close:383 -HikariPool-1 - Shutdown completed.
2019-06-19 19:46:25.175 INFO [main]com.acong.MainApp.logStarting:50 -Starting MainApp on zhaoyanandeMacBook-Pro.local with PID 7830 (/Users/zhaoyanan/code/springboot_redis/target/classes started by zhaoyanan in /Users/zhaoyanan/code/springboot_redis)
2019-06-19 19:46:25.179 INFO [main]com.acong.MainApp.logStartupProfileInfo:659 -No active profile set, falling back to default profiles: default
2019-06-19 19:46:25.210 INFO [main]o.s.b.w.s.c.AnnotationConfigServletWebServerApplicationContext.prepareRefresh:590 -Refreshing org.springframework.boot.web.servlet.context.AnnotationConfigServletWebServerApplicationContext@5082d622: startup date [Wed Jun 19 19:46:25 CST 2019]; root of context hierarchy
2019-06-19 19:46:25.609 INFO [main]o.s.d.repository.config.RepositoryConfigurationDelegate.multipleStoresDetected:163 -Multiple Spring Data modules found, entering strict repository configuration mode!
2019-06-19 19:46:25.897 INFO [main]o.s.c.s.PostProcessorRegistrationDelegate$BeanPostProcessorChecker.postProcessAfterInitialization:328 -Bean 'org.springframework.transaction.annotation.ProxyTransactionManagementConfiguration' of type [org.springframework.transaction.annotation.ProxyTransactionManagementConfiguration$$EnhancerBySpringCGLIB$$e26b43ae] is not eligible for getting processed by all BeanPostProcessors (for example: not eligible for auto-proxying)
2019-06-19 19:46:26.128 INFO [main]o.s.boot.web.embedded.tomcat.TomcatWebServer.initialize:91 -Tomcat initialized with port(s): 8081 (http)
2019-06-19 19:46:26.142 INFO [main]org.apache.coyote.http11.Http11NioProtocol.log:180 -Initializing ProtocolHandler ["http-nio-8081"]
2019-06-19 19:46:26.151 INFO [main]org.apache.catalina.core.StandardService.log:180 -Starting service [Tomcat]
2019-06-19 19:46:26.151 INFO [main]org.apache.catalina.core.StandardEngine.log:180 -Starting Servlet Engine: Apache Tomcat/8.5.29
2019-06-19 19:46:26.155 INFO [localhost-startStop-1]org.apache.catalina.core.AprLifecycleListener.log:180 -The APR based Apache Tomcat Native library which allows optimal performance in production environments was not found on the java.library.path: [/Users/zhaoyanan/Library/Java/Extensions:/Library/Java/Extensions:/Network/Library/Java/Extensions:/System/Library/Java/Extensions:/usr/lib/java:.]
2019-06-19 19:46:26.237 INFO [localhost-startStop-1]o.a.catalina.core.ContainerBase.[Tomcat].[localhost].[/].log:180 -Initializing Spring embedded WebApplicationContext
2019-06-19 19:46:26.237 INFO [localhost-startStop-1]org.springframework.web.context.ContextLoader.prepareWebApplicationContext:285 -Root WebApplicationContext: initialization completed in 1027 ms
2019-06-19 19:46:26.329 INFO [localhost-startStop-1]o.s.boot.web.servlet.ServletRegistrationBean.addRegistration:185 -Servlet dispatcherServlet mapped to [/]
2019-06-19 19:46:26.334 INFO [localhost-startStop-1]o.s.boot.web.servlet.FilterRegistrationBean.configure:244 -Mapping filter: 'characterEncodingFilter' to: [/*]
2019-06-19 19:46:26.336 INFO [localhost-startStop-1]o.s.boot.web.servlet.FilterRegistrationBean.configure:244 -Mapping filter: 'hiddenHttpMethodFilter' to: [/*]
2019-06-19 19:46:26.337 INFO [localhost-startStop-1]o.s.boot.web.servlet.FilterRegistrationBean.configure:244 -Mapping filter: 'httpPutFormContentFilter' to: [/*]
2019-06-19 19:46:26.338 INFO [localhost-startStop-1]o.s.boot.web.servlet.FilterRegistrationBean.configure:244 -Mapping filter: 'requestContextFilter' to: [/*]
2019-06-19 19:46:26.878 INFO [main]o.s.web.servlet.handler.SimpleUrlHandlerMapping.registerHandler:373 -Mapped URL path [/**/favicon.ico] onto handler of type [class org.springframework.web.servlet.resource.ResourceHttpRequestHandler]
2019-06-19 19:46:27.066 INFO [main]o.s.w.s.m.method.annotation.RequestMappingHandlerAdapter.initControllerAdviceCache:574 -Looking for @ControllerAdvice: org.springframework.boot.web.servlet.context.AnnotationConfigServletWebServerApplicationContext@5082d622: startup date [Wed Jun 19 19:46:25 CST 2019]; root of context hierarchy
2019-06-19 19:46:27.121 INFO [main]o.s.w.s.m.method.annotation.RequestMappingHandlerMapping.register:547 -Mapped "{[/test/testMap]}" onto public java.util.Map<java.lang.String, java.lang.String> com.acong.controller.TestController.test1()
2019-06-19 19:46:27.122 INFO [main]o.s.w.s.m.method.annotation.RequestMappingHandlerMapping.register:547 -Mapped "{[/test/testList]}" onto public java.util.List<java.lang.String> com.acong.controller.TestController.test2()
2019-06-19 19:46:27.122 INFO [main]o.s.w.s.m.method.annotation.RequestMappingHandlerMapping.register:547 -Mapped "{[/test/testController]}" onto public java.lang.String com.acong.controller.TestController.testController()
2019-06-19 19:46:27.123 INFO [main]o.s.w.s.m.method.annotation.RequestMappingHandlerMapping.register:547 -Mapped "{[/test/queryAll]}" onto public java.util.List<com.acong.entity.User> com.acong.controller.TestController.queryAll()
2019-06-19 19:46:27.124 INFO [main]o.s.w.s.m.method.annotation.RequestMappingHandlerMapping.register:547 -Mapped "{[/test/findUserById]}" onto public java.util.Map<java.lang.String, java.lang.Object> com.acong.controller.TestController.findUserById(int)
2019-06-19 19:46:27.124 INFO [main]o.s.w.s.m.method.annotation.RequestMappingHandlerMapping.register:547 -Mapped "{[/test/updateUser]}" onto public java.lang.String com.acong.controller.TestController.updateUser()
2019-06-19 19:46:27.125 INFO [main]o.s.w.s.m.method.annotation.RequestMappingHandlerMapping.register:547 -Mapped "{[/test/deleteUserById]}" onto public java.lang.String com.acong.controller.TestController.deleteUserById(int)
2019-06-19 19:46:27.127 INFO [main]o.s.w.s.m.method.annotation.RequestMappingHandlerMapping.register:547 -Mapped "{[/error]}" onto public org.springframework.http.ResponseEntity<java.util.Map<java.lang.String, java.lang.Object>> org.springframework.boot.autoconfigure.web.servlet.error.BasicErrorController.error(javax.servlet.http.HttpServletRequest)
2019-06-19 19:46:27.127 INFO [main]o.s.w.s.m.method.annotation.RequestMappingHandlerMapping.register:547 -Mapped "{[/error],produces=[text/html]}" onto public org.springframework.web.servlet.ModelAndView org.springframework.boot.autoconfigure.web.servlet.error.BasicErrorController.errorHtml(javax.servlet.http.HttpServletRequest,javax.servlet.http.HttpServletResponse)
2019-06-19 19:46:27.149 INFO [main]o.s.web.servlet.handler.SimpleUrlHandlerMapping.registerHandler:373 -Mapped URL path [/webjars/**] onto handler of type [class org.springframework.web.servlet.resource.ResourceHttpRequestHandler]
2019-06-19 19:46:27.150 INFO [main]o.s.web.servlet.handler.SimpleUrlHandlerMapping.registerHandler:373 -Mapped URL path [/**] onto handler of type [class org.springframework.web.servlet.resource.ResourceHttpRequestHandler]
2019-06-19 19:46:27.505 INFO [main]o.s.jmx.export.annotation.AnnotationMBeanExporter.afterSingletonsInstantiated:433 -Registering beans for JMX exposure on startup
2019-06-19 19:46:27.506 INFO [main]o.s.jmx.export.annotation.AnnotationMBeanExporter.autodetect:895 -Bean with name 'dataSource' has been autodetected for JMX exposure
2019-06-19 19:46:27.511 INFO [main]o.s.jmx.export.annotation.AnnotationMBeanExporter.registerBeanInstance:668 -Located MBean 'dataSource': registering with JMX server as MBean [com.zaxxer.hikari:name=dataSource,type=HikariDataSource]
2019-06-19 19:46:27.521 INFO [main]org.apache.coyote.http11.Http11NioProtocol.log:180 -Starting ProtocolHandler ["http-nio-8081"]
2019-06-19 19:46:27.541 INFO [main]org.apache.tomcat.util.net.NioSelectorPool.log:180 -Using a shared selector for servlet write/read
2019-06-19 19:46:27.553 INFO [main]o.s.boot.web.embedded.tomcat.TomcatWebServer.start:206 -Tomcat started on port(s): 8081 (http) with context path ''
2019-06-19 19:46:27.557 INFO [main]com.acong.MainApp.logStarted:59 -Started MainApp in 22.776 seconds (JVM running for 28.455)
2019-06-19 19:47:33.485 INFO [http-nio-8081-exec-1]o.a.catalina.core.ContainerBase.[Tomcat].[localhost].[/].log:180 -Initializing Spring FrameworkServlet 'dispatcherServlet'
2019-06-19 19:47:33.485 INFO [http-nio-8081-exec-1]org.springframework.web.servlet.DispatcherServlet.initServletBean:494 -FrameworkServlet 'dispatcherServlet': initialization started
2019-06-19 19:47:33.500 INFO [http-nio-8081-exec-1]org.springframework.web.servlet.DispatcherServlet.initServletBean:509 -FrameworkServlet 'dispatcherServlet': initialization completed in 15 ms
2019-06-19 19:47:33.551 INFO [http-nio-8081-exec-1]com.zaxxer.hikari.HikariDataSource.getConnection:110 -HikariPool-1 - Starting...
2019-06-19 19:47:34.092 INFO [http-nio-8081-exec-1]com.zaxxer.hikari.HikariDataSource.getConnection:123 -HikariPool-1 - Start completed.
2019-06-19 19:47:34.099 DEBUG[http-nio-8081-exec-1]com.acong.dao.UserDao.updateUser.debug:159 -==>  Preparing: update user set username = ?, password = ?, salary = ? where uid = ? 
2019-06-19 19:47:34.145 DEBUG[http-nio-8081-exec-1]com.acong.dao.UserDao.updateUser.debug:159 -==> Parameters: cat(String), miaomiao(String), 4000(Integer), 1(Integer)
2019-06-19 19:47:34.153 DEBUG[http-nio-8081-exec-1]com.acong.dao.UserDao.updateUser.debug:159 -<==    Updates: 1
2019-06-19 19:47:34.251 INFO [http-nio-8081-exec-1]io.lettuce.core.EpollProvider.info:101 -Starting without optional epoll library
2019-06-19 19:47:34.252 INFO [http-nio-8081-exec-1]io.lettuce.core.KqueueProvider.info:101 -Starting without optional kqueue library
2019-06-19 19:48:27.209 DEBUG[http-nio-8081-exec-4]com.acong.dao.UserDao.updateUser.debug:159 -==>  Preparing: update user set username = ?, password = ?, salary = ? where uid = ? 
2019-06-19 19:48:27.214 DEBUG[http-nio-8081-exec-4]com.acong.dao.UserDao.updateUser.debug:159 -==> Parameters: cat(String), miaomiao(String), 4000(Integer), 1(Integer)
2019-06-19 19:48:27.224 DEBUG[http-nio-8081-exec-4]com.acong.dao.UserDao.updateUser.debug:159 -<==    Updates: 1
2019-06-19 19:49:49.363 WARN [HikariPool-1 housekeeper]com.zaxxer.hikari.pool.HikariPool.run:756 -HikariPool-1 - Thread starvation or clock leap detected (housekeeper delta=1m40s446ms).
2019-06-19 19:51:14.254 DEBUG[http-nio-8081-exec-7]com.acong.dao.UserDao.updateUser.debug:159 -==>  Preparing: update user set username = ?, password = ?, salary = ? where uid = ? 
2019-06-19 19:51:14.257 DEBUG[http-nio-8081-exec-7]com.acong.dao.UserDao.updateUser.debug:159 -==> Parameters: cat(String), miaomiao(String), 4000(Integer), 1(Integer)
2019-06-19 19:51:14.265 DEBUG[http-nio-8081-exec-7]com.acong.dao.UserDao.updateUser.debug:159 -<==    Updates: 1
2019-06-19 19:51:56.850 WARN [HikariPool-1 housekeeper]com.zaxxer.hikari.pool.HikariPool.run:756 -HikariPool-1 - Thread starvation or clock leap detected (housekeeper delta=1m116ms).
2019-06-19 19:52:00.192 DEBUG[http-nio-8081-exec-10]com.acong.dao.UserDao.updateUser.debug:159 -==>  Preparing: update user set username = ?, password = ?, salary = ? where uid = ? 
2019-06-19 19:52:00.194 DEBUG[http-nio-8081-exec-10]com.acong.dao.UserDao.updateUser.debug:159 -==> Parameters: cat(String), miaomiao(String), 4000(Integer), 1(Integer)
2019-06-19 19:52:00.203 DEBUG[http-nio-8081-exec-10]com.acong.dao.UserDao.updateUser.debug:159 -<==    Updates: 1
2019-06-19 19:52:02.233 DEBUG[http-nio-8081-exec-2]com.acong.dao.UserDao.updateUser.debug:159 -==>  Preparing: update user set username = ?, password = ?, salary = ? where uid = ? 
2019-06-19 19:52:02.234 DEBUG[http-nio-8081-exec-2]com.acong.dao.UserDao.updateUser.debug:159 -==> Parameters: cat(String), miaomiao(String), 4000(Integer), 1(Integer)
2019-06-19 19:52:02.243 DEBUG[http-nio-8081-exec-2]com.acong.dao.UserDao.updateUser.debug:159 -<==    Updates: 1
2019-06-19 19:52:08.634 DEBUG[http-nio-8081-exec-5]com.acong.dao.UserDao.updateUser.debug:159 -==>  Preparing: update user set username = ?, password = ?, salary = ? where uid = ? 
2019-06-19 19:52:08.636 DEBUG[http-nio-8081-exec-5]com.acong.dao.UserDao.updateUser.debug:159 -==> Parameters: cat(String), miaomiao(String), 4000(Integer), 1(Integer)
2019-06-19 19:52:08.644 DEBUG[http-nio-8081-exec-5]com.acong.dao.UserDao.updateUser.debug:159 -<==    Updates: 1
2019-06-19 19:52:57.019 DEBUG[http-nio-8081-exec-6]com.acong.dao.UserDao.updateUser.debug:159 -==>  Preparing: update user set username = ?, password = ?, salary = ? where uid = ? 
2019-06-19 19:52:57.020 DEBUG[http-nio-8081-exec-6]com.acong.dao.UserDao.updateUser.debug:159 -==> Parameters: cat(String), miaomiao(String), 4000(Integer), 1(Integer)
2019-06-19 19:52:57.028 DEBUG[http-nio-8081-exec-6]com.acong.dao.UserDao.updateUser.debug:159 -<==    Updates: 1
2019-06-19 19:59:18.316 DEBUG[http-nio-8081-exec-9]com.acong.dao.UserDao.updateUser.debug:159 -==>  Preparing: update user set username = ?, password = ?, salary = ? where uid = ? 
2019-06-19 19:59:18.319 DEBUG[http-nio-8081-exec-9]com.acong.dao.UserDao.updateUser.debug:159 -==> Parameters: cat(String), miaomiao(String), 4000(Integer), 1(Integer)
2019-06-19 19:59:18.327 DEBUG[http-nio-8081-exec-9]com.acong.dao.UserDao.updateUser.debug:159 -<==    Updates: 1
2019-06-19 19:59:18.333 DEBUG[http-nio-8081-exec-9]com.acong.dao.UserDao.findUserById.debug:159 -==>  Preparing: select * from user where uid = ? 
2019-06-19 19:59:18.333 DEBUG[http-nio-8081-exec-9]com.acong.dao.UserDao.findUserById.debug:159 -==> Parameters: 1(Integer)
2019-06-19 19:59:18.355 DEBUG[http-nio-8081-exec-9]com.acong.dao.UserDao.findUserById.debug:159 -<==      Total: 1
2019-06-19 19:59:34.051 DEBUG[http-nio-8081-exec-1]com.acong.dao.UserDao.updateUser.debug:159 -==>  Preparing: update user set username = ?, password = ?, salary = ? where uid = ? 
2019-06-19 19:59:34.051 DEBUG[http-nio-8081-exec-1]com.acong.dao.UserDao.updateUser.debug:159 -==> Parameters: cat(String), miaomiao(String), 4000(Integer), 1(Integer)
2019-06-19 19:59:34.059 DEBUG[http-nio-8081-exec-1]com.acong.dao.UserDao.updateUser.debug:159 -<==    Updates: 1
2019-06-19 19:59:34.063 DEBUG[http-nio-8081-exec-1]com.acong.dao.UserDao.findUserById.debug:159 -==>  Preparing: select * from user where uid = ? 
2019-06-19 19:59:34.063 DEBUG[http-nio-8081-exec-1]com.acong.dao.UserDao.findUserById.debug:159 -==> Parameters: 1(Integer)
2019-06-19 19:59:34.068 DEBUG[http-nio-8081-exec-1]com.acong.dao.UserDao.findUserById.debug:159 -<==      Total: 1
2019-06-19 20:00:14.783 DEBUG[http-nio-8081-exec-4]com.acong.dao.UserDao.updateUser.debug:159 -==>  Preparing: update user set username = ?, password = ?, salary = ? where uid = ? 
2019-06-19 20:00:14.786 DEBUG[http-nio-8081-exec-4]com.acong.dao.UserDao.updateUser.debug:159 -==> Parameters: cat(String), miaomiao(String), 4000(Integer), 1(Integer)
2019-06-19 20:00:14.793 DEBUG[http-nio-8081-exec-4]com.acong.dao.UserDao.updateUser.debug:159 -<==    Updates: 1
2019-06-19 20:00:29.459 DEBUG[http-nio-8081-exec-4]com.acong.dao.UserDao.findUserById.debug:159 -==>  Preparing: select * from user where uid = ? 
2019-06-19 20:00:29.461 DEBUG[http-nio-8081-exec-4]com.acong.dao.UserDao.findUserById.debug:159 -==> Parameters: 1(Integer)
2019-06-19 20:00:29.466 DEBUG[http-nio-8081-exec-4]com.acong.dao.UserDao.findUserById.debug:159 -<==      Total: 1
2019-06-19 20:12:59.334 INFO [Thread-48]o.s.b.w.s.c.AnnotationConfigServletWebServerApplicationContext.doClose:993 -Closing org.springframework.boot.web.servlet.context.AnnotationConfigServletWebServerApplicationContext@5082d622: startup date [Wed Jun 19 19:46:25 CST 2019]; root of context hierarchy
2019-06-19 20:12:59.342 INFO [Thread-48]o.s.jmx.export.annotation.AnnotationMBeanExporter.destroy:451 -Unregistering JMX-exposed beans on shutdown
2019-06-19 20:12:59.343 INFO [Thread-48]o.s.jmx.export.annotation.AnnotationMBeanExporter.unregisterBeans:183 -Unregistering JMX-exposed beans
2019-06-19 20:13:00.475 INFO [Thread-48]com.zaxxer.hikari.HikariDataSource.close:381 -HikariPool-1 - Shutdown initiated...
2019-06-19 20:13:00.485 INFO [Thread-48]com.zaxxer.hikari.HikariDataSource.close:383 -HikariPool-1 - Shutdown completed.
