2019-07-10 19:16:40.025 INFO [main]com.acong.MainApp.logStarting:50 -Starting MainApp on zhaoyanandeMacBook-Pro.local with PID 5408 (/Users/zhaoyanan/code/springboot_redis/target/classes started by zhaoyanan in /Users/zhaoyanan/code/springboot_redis)
2019-07-10 19:16:40.030 INFO [main]com.acong.MainApp.logStartupProfileInfo:659 -No active profile set, falling back to default profiles: default
2019-07-10 19:16:40.076 INFO [main]o.s.b.w.s.c.AnnotationConfigServletWebServerApplicationContext.prepareRefresh:590 -Refreshing org.springframework.boot.web.servlet.context.AnnotationConfigServletWebServerApplicationContext@6c0d7c83: startup date [Wed Jul 10 19:16:40 CST 2019]; root of context hierarchy
2019-07-10 19:16:40.703 INFO [main]o.s.d.repository.config.RepositoryConfigurationDelegate.multipleStoresDetected:163 -Multiple Spring Data modules found, entering strict repository configuration mode!
2019-07-10 19:16:41.078 INFO [main]o.s.c.s.PostProcessorRegistrationDelegate$BeanPostProcessorChecker.postProcessAfterInitialization:328 -Bean 'config' of type [com.acong.Config$$EnhancerBySpringCGLIB$$a5dff33] is not eligible for getting processed by all BeanPostProcessors (for example: not eligible for auto-proxying)
2019-07-10 19:16:41.085 INFO [main]o.s.c.s.PostProcessorRegistrationDelegate$BeanPostProcessorChecker.postProcessAfterInitialization:328 -Bean 'org.springframework.transaction.annotation.ProxyTransactionManagementConfiguration' of type [org.springframework.transaction.annotation.ProxyTransactionManagementConfiguration$$EnhancerBySpringCGLIB$$18cb6957] is not eligible for getting processed by all BeanPostProcessors (for example: not eligible for auto-proxying)
2019-07-10 19:16:41.119 INFO [main]o.s.c.s.PostProcessorRegistrationDelegate$BeanPostProcessorChecker.postProcessAfterInitialization:328 -Bean 'org.springframework.cache.annotation.ProxyCachingConfiguration' of type [org.springframework.cache.annotation.ProxyCachingConfiguration$$EnhancerBySpringCGLIB$$61dd9f75] is not eligible for getting processed by all BeanPostProcessors (for example: not eligible for auto-proxying)
2019-07-10 19:16:41.477 INFO [main]o.s.boot.web.embedded.tomcat.TomcatWebServer.initialize:91 -Tomcat initialized with port(s): 8081 (http)
2019-07-10 19:16:41.494 INFO [main]org.apache.coyote.http11.Http11NioProtocol.log:180 -Initializing ProtocolHandler ["http-nio-8081"]
2019-07-10 19:16:41.503 INFO [main]org.apache.catalina.core.StandardService.log:180 -Starting service [Tomcat]
2019-07-10 19:16:41.504 INFO [main]org.apache.catalina.core.StandardEngine.log:180 -Starting Servlet Engine: Apache Tomcat/8.5.29
2019-07-10 19:16:41.509 INFO [localhost-startStop-1]org.apache.catalina.core.AprLifecycleListener.log:180 -The APR based Apache Tomcat Native library which allows optimal performance in production environments was not found on the java.library.path: [/Users/zhaoyanan/Library/Java/Extensions:/Library/Java/Extensions:/Network/Library/Java/Extensions:/System/Library/Java/Extensions:/usr/lib/java:.]
2019-07-10 19:16:41.595 INFO [localhost-startStop-1]o.a.catalina.core.ContainerBase.[Tomcat].[localhost].[/].log:180 -Initializing Spring embedded WebApplicationContext
2019-07-10 19:16:41.596 INFO [localhost-startStop-1]org.springframework.web.context.ContextLoader.prepareWebApplicationContext:285 -Root WebApplicationContext: initialization completed in 1520 ms
2019-07-10 19:16:41.718 INFO [localhost-startStop-1]o.s.boot.web.servlet.ServletRegistrationBean.addRegistration:185 -Servlet dispatcherServlet mapped to [/]
2019-07-10 19:16:41.725 INFO [localhost-startStop-1]o.s.boot.web.servlet.FilterRegistrationBean.configure:244 -Mapping filter: 'characterEncodingFilter' to: [/*]
2019-07-10 19:16:41.726 INFO [localhost-startStop-1]o.s.boot.web.servlet.FilterRegistrationBean.configure:244 -Mapping filter: 'hiddenHttpMethodFilter' to: [/*]
2019-07-10 19:16:41.726 INFO [localhost-startStop-1]o.s.boot.web.servlet.FilterRegistrationBean.configure:244 -Mapping filter: 'httpPutFormContentFilter' to: [/*]
2019-07-10 19:16:41.726 INFO [localhost-startStop-1]o.s.boot.web.servlet.FilterRegistrationBean.configure:244 -Mapping filter: 'requestContextFilter' to: [/*]
2019-07-10 19:16:42.573 INFO [main]o.s.web.servlet.handler.SimpleUrlHandlerMapping.registerHandler:373 -Mapped URL path [/**/favicon.ico] onto handler of type [class org.springframework.web.servlet.resource.ResourceHttpRequestHandler]
2019-07-10 19:16:42.823 INFO [main]o.s.w.s.m.method.annotation.RequestMappingHandlerAdapter.initControllerAdviceCache:574 -Looking for @ControllerAdvice: org.springframework.boot.web.servlet.context.AnnotationConfigServletWebServerApplicationContext@6c0d7c83: startup date [Wed Jul 10 19:16:40 CST 2019]; root of context hierarchy
2019-07-10 19:16:42.904 INFO [main]o.s.w.s.m.method.annotation.RequestMappingHandlerMapping.register:547 -Mapped "{[/UserAdmin/queryAll]}" onto public java.util.List<com.acong.entity.UserAdmin> com.acong.controller.UserAdminController.queryAll()
2019-07-10 19:16:42.907 INFO [main]o.s.w.s.m.method.annotation.RequestMappingHandlerMapping.register:547 -Mapped "{[/UserAdmin/findUserAdminById]}" onto public com.acong.entity.UserAdmin com.acong.controller.UserAdminController.findUserAdminById(int)
2019-07-10 19:16:42.908 INFO [main]o.s.w.s.m.method.annotation.RequestMappingHandlerMapping.register:547 -Mapped "{[/UserAdmin/updateUserAdmin]}" onto public java.lang.String com.acong.controller.UserAdminController.updateUserAdmin()
2019-07-10 19:16:42.908 INFO [main]o.s.w.s.m.method.annotation.RequestMappingHandlerMapping.register:547 -Mapped "{[/UserAdmin/insertUserAdmin]}" onto public java.lang.String com.acong.controller.UserAdminController.insertUserAdmin()
2019-07-10 19:16:42.909 INFO [main]o.s.w.s.m.method.annotation.RequestMappingHandlerMapping.register:547 -Mapped "{[/UserAdmin/deleteById]}" onto public java.lang.String com.acong.controller.UserAdminController.deleteById(int)
2019-07-10 19:16:42.912 INFO [main]o.s.w.s.m.method.annotation.RequestMappingHandlerMapping.register:547 -Mapped "{[/UserAdmin/findUserAdminByName]}" onto public java.util.List<com.acong.entity.UserAdmin> com.acong.controller.UserAdminController.findUserAdminByName(java.lang.String)
2019-07-10 19:16:42.915 INFO [main]o.s.w.s.m.method.annotation.RequestMappingHandlerMapping.register:547 -Mapped "{[/User/testList]}" onto public java.util.List<java.lang.String> com.acong.controller.UserController.test2()
2019-07-10 19:16:42.916 INFO [main]o.s.w.s.m.method.annotation.RequestMappingHandlerMapping.register:547 -Mapped "{[/User/testController]}" onto public java.lang.String com.acong.controller.UserController.testController()
2019-07-10 19:16:42.916 INFO [main]o.s.w.s.m.method.annotation.RequestMappingHandlerMapping.register:547 -Mapped "{[/User/testMap]}" onto public java.util.Map<java.lang.String, java.lang.String> com.acong.controller.UserController.test1()
2019-07-10 19:16:42.917 INFO [main]o.s.w.s.m.method.annotation.RequestMappingHandlerMapping.register:547 -Mapped "{[/User/findUserById]}" onto public java.util.Map<java.lang.String, java.lang.Object> com.acong.controller.UserController.findUserById(int)
2019-07-10 19:16:42.917 INFO [main]o.s.w.s.m.method.annotation.RequestMappingHandlerMapping.register:547 -Mapped "{[/User/updateUser]}" onto public java.lang.String com.acong.controller.UserController.updateUser()
2019-07-10 19:16:42.918 INFO [main]o.s.w.s.m.method.annotation.RequestMappingHandlerMapping.register:547 -Mapped "{[/User/deleteUserById]}" onto public java.lang.String com.acong.controller.UserController.deleteUserById(int)
2019-07-10 19:16:42.919 INFO [main]o.s.w.s.m.method.annotation.RequestMappingHandlerMapping.register:547 -Mapped "{[/User/queryAll]}" onto public java.util.List<com.acong.entity.User> com.acong.controller.UserController.queryAll()
2019-07-10 19:16:42.922 INFO [main]o.s.w.s.m.method.annotation.RequestMappingHandlerMapping.register:547 -Mapped "{[/error]}" onto public org.springframework.http.ResponseEntity<java.util.Map<java.lang.String, java.lang.Object>> org.springframework.boot.autoconfigure.web.servlet.error.BasicErrorController.error(javax.servlet.http.HttpServletRequest)
2019-07-10 19:16:42.923 INFO [main]o.s.w.s.m.method.annotation.RequestMappingHandlerMapping.register:547 -Mapped "{[/error],produces=[text/html]}" onto public org.springframework.web.servlet.ModelAndView org.springframework.boot.autoconfigure.web.servlet.error.BasicErrorController.errorHtml(javax.servlet.http.HttpServletRequest,javax.servlet.http.HttpServletResponse)
2019-07-10 19:16:42.990 INFO [main]o.s.web.servlet.handler.SimpleUrlHandlerMapping.registerHandler:373 -Mapped URL path [/webjars/**] onto handler of type [class org.springframework.web.servlet.resource.ResourceHttpRequestHandler]
2019-07-10 19:16:42.991 INFO [main]o.s.web.servlet.handler.SimpleUrlHandlerMapping.registerHandler:373 -Mapped URL path [/**] onto handler of type [class org.springframework.web.servlet.resource.ResourceHttpRequestHandler]
2019-07-10 19:16:43.608 INFO [main]o.s.jmx.export.annotation.AnnotationMBeanExporter.afterSingletonsInstantiated:433 -Registering beans for JMX exposure on startup
2019-07-10 19:16:43.609 INFO [main]o.s.jmx.export.annotation.AnnotationMBeanExporter.autodetect:895 -Bean with name 'dataSource' has been autodetected for JMX exposure
2019-07-10 19:16:43.615 INFO [main]o.s.jmx.export.annotation.AnnotationMBeanExporter.registerBeanInstance:668 -Located MBean 'dataSource': registering with JMX server as MBean [com.zaxxer.hikari:name=dataSource,type=HikariDataSource]
2019-07-10 19:16:43.627 INFO [main]org.apache.coyote.http11.Http11NioProtocol.log:180 -Starting ProtocolHandler ["http-nio-8081"]
2019-07-10 19:16:43.648 INFO [main]org.apache.tomcat.util.net.NioSelectorPool.log:180 -Using a shared selector for servlet write/read
2019-07-10 19:16:43.666 INFO [main]o.s.boot.web.embedded.tomcat.TomcatWebServer.start:206 -Tomcat started on port(s): 8081 (http) with context path ''
2019-07-10 19:16:43.670 INFO [main]com.acong.MainApp.logStarted:59 -Started MainApp in 24.155 seconds (JVM running for 29.917)
2019-07-10 19:16:51.724 INFO [http-nio-8081-exec-1]o.a.catalina.core.ContainerBase.[Tomcat].[localhost].[/].log:180 -Initializing Spring FrameworkServlet 'dispatcherServlet'
2019-07-10 19:16:51.724 INFO [http-nio-8081-exec-1]org.springframework.web.servlet.DispatcherServlet.initServletBean:494 -FrameworkServlet 'dispatcherServlet': initialization started
2019-07-10 19:16:51.759 INFO [http-nio-8081-exec-1]org.springframework.web.servlet.DispatcherServlet.initServletBean:509 -FrameworkServlet 'dispatcherServlet': initialization completed in 35 ms
2019-07-10 19:16:51.925 INFO [http-nio-8081-exec-1]io.lettuce.core.EpollProvider.info:101 -Starting without optional epoll library
2019-07-10 19:16:51.927 INFO [http-nio-8081-exec-1]io.lettuce.core.KqueueProvider.info:101 -Starting without optional kqueue library
2019-07-10 19:18:44.486 INFO [http-nio-8081-exec-10]com.zaxxer.hikari.HikariDataSource.getConnection:110 -HikariPool-1 - Starting...
2019-07-10 19:18:45.044 INFO [http-nio-8081-exec-10]com.zaxxer.hikari.HikariDataSource.getConnection:123 -HikariPool-1 - Start completed.
2019-07-10 19:18:45.107 DEBUG[http-nio-8081-exec-10]com.acong.dao.UserAdminDao.updateUserAdmin.debug:159 -==>  Preparing: update useradmin set user_name = ?, user_password = ? WHERE user_id = ? 
2019-07-10 19:18:45.133 DEBUG[http-nio-8081-exec-10]com.acong.dao.UserAdminDao.updateUserAdmin.debug:159 -==> Parameters: zhyn(String), 85885849(String), 1(Integer)
2019-07-10 19:18:45.141 DEBUG[http-nio-8081-exec-10]com.acong.dao.UserAdminDao.updateUserAdmin.debug:159 -<==    Updates: 1
2019-07-10 19:21:19.129 INFO [Thread-51]o.s.b.w.s.c.AnnotationConfigServletWebServerApplicationContext.doClose:993 -Closing org.springframework.boot.web.servlet.context.AnnotationConfigServletWebServerApplicationContext@6c0d7c83: startup date [Wed Jul 10 19:16:40 CST 2019]; root of context hierarchy
2019-07-10 19:21:19.132 INFO [Thread-51]o.s.jmx.export.annotation.AnnotationMBeanExporter.destroy:451 -Unregistering JMX-exposed beans on shutdown
2019-07-10 19:21:19.133 INFO [Thread-51]o.s.jmx.export.annotation.AnnotationMBeanExporter.unregisterBeans:183 -Unregistering JMX-exposed beans
2019-07-10 19:21:20.272 INFO [Thread-51]com.zaxxer.hikari.HikariDataSource.close:381 -HikariPool-1 - Shutdown initiated...
2019-07-10 19:21:20.280 INFO [Thread-51]com.zaxxer.hikari.HikariDataSource.close:383 -HikariPool-1 - Shutdown completed.
2019-07-10 19:21:58.891 INFO [main]com.acong.MainApp.logStarting:50 -Starting MainApp on zhaoyanandeMacBook-Pro.local with PID 5454 (/Users/zhaoyanan/code/springboot_redis/target/classes started by zhaoyanan in /Users/zhaoyanan/code/springboot_redis)
2019-07-10 19:21:58.895 INFO [main]com.acong.MainApp.logStartupProfileInfo:659 -No active profile set, falling back to default profiles: default
2019-07-10 19:21:58.928 INFO [main]o.s.b.w.s.c.AnnotationConfigServletWebServerApplicationContext.prepareRefresh:590 -Refreshing org.springframework.boot.web.servlet.context.AnnotationConfigServletWebServerApplicationContext@488d1cd7: startup date [Wed Jul 10 19:21:58 CST 2019]; root of context hierarchy
2019-07-10 19:21:59.340 INFO [main]o.s.d.repository.config.RepositoryConfigurationDelegate.multipleStoresDetected:163 -Multiple Spring Data modules found, entering strict repository configuration mode!
2019-07-10 19:21:59.637 INFO [main]o.s.c.s.PostProcessorRegistrationDelegate$BeanPostProcessorChecker.postProcessAfterInitialization:328 -Bean 'config' of type [com.acong.Config$$EnhancerBySpringCGLIB$$43569861] is not eligible for getting processed by all BeanPostProcessors (for example: not eligible for auto-proxying)
2019-07-10 19:21:59.643 INFO [main]o.s.c.s.PostProcessorRegistrationDelegate$BeanPostProcessorChecker.postProcessAfterInitialization:328 -Bean 'org.springframework.transaction.annotation.ProxyTransactionManagementConfiguration' of type [org.springframework.transaction.annotation.ProxyTransactionManagementConfiguration$$EnhancerBySpringCGLIB$$51c40285] is not eligible for getting processed by all BeanPostProcessors (for example: not eligible for auto-proxying)
2019-07-10 19:21:59.671 INFO [main]o.s.c.s.PostProcessorRegistrationDelegate$BeanPostProcessorChecker.postProcessAfterInitialization:328 -Bean 'org.springframework.cache.annotation.ProxyCachingConfiguration' of type [org.springframework.cache.annotation.ProxyCachingConfiguration$$EnhancerBySpringCGLIB$$9ad638a3] is not eligible for getting processed by all BeanPostProcessors (for example: not eligible for auto-proxying)
2019-07-10 19:21:59.919 INFO [main]o.s.boot.web.embedded.tomcat.TomcatWebServer.initialize:91 -Tomcat initialized with port(s): 8081 (http)
2019-07-10 19:21:59.933 INFO [main]org.apache.coyote.http11.Http11NioProtocol.log:180 -Initializing ProtocolHandler ["http-nio-8081"]
2019-07-10 19:21:59.941 INFO [main]org.apache.catalina.core.StandardService.log:180 -Starting service [Tomcat]
2019-07-10 19:21:59.941 INFO [main]org.apache.catalina.core.StandardEngine.log:180 -Starting Servlet Engine: Apache Tomcat/8.5.29
2019-07-10 19:21:59.945 INFO [localhost-startStop-1]org.apache.catalina.core.AprLifecycleListener.log:180 -The APR based Apache Tomcat Native library which allows optimal performance in production environments was not found on the java.library.path: [/Users/zhaoyanan/Library/Java/Extensions:/Library/Java/Extensions:/Network/Library/Java/Extensions:/System/Library/Java/Extensions:/usr/lib/java:.]
2019-07-10 19:22:00.004 INFO [localhost-startStop-1]o.a.catalina.core.ContainerBase.[Tomcat].[localhost].[/].log:180 -Initializing Spring embedded WebApplicationContext
2019-07-10 19:22:00.004 INFO [localhost-startStop-1]org.springframework.web.context.ContextLoader.prepareWebApplicationContext:285 -Root WebApplicationContext: initialization completed in 1076 ms
2019-07-10 19:22:00.109 INFO [localhost-startStop-1]o.s.boot.web.servlet.ServletRegistrationBean.addRegistration:185 -Servlet dispatcherServlet mapped to [/]
2019-07-10 19:22:00.113 INFO [localhost-startStop-1]o.s.boot.web.servlet.FilterRegistrationBean.configure:244 -Mapping filter: 'characterEncodingFilter' to: [/*]
2019-07-10 19:22:00.113 INFO [localhost-startStop-1]o.s.boot.web.servlet.FilterRegistrationBean.configure:244 -Mapping filter: 'hiddenHttpMethodFilter' to: [/*]
2019-07-10 19:22:00.113 INFO [localhost-startStop-1]o.s.boot.web.servlet.FilterRegistrationBean.configure:244 -Mapping filter: 'httpPutFormContentFilter' to: [/*]
2019-07-10 19:22:00.113 INFO [localhost-startStop-1]o.s.boot.web.servlet.FilterRegistrationBean.configure:244 -Mapping filter: 'requestContextFilter' to: [/*]
2019-07-10 19:22:00.720 INFO [main]o.s.web.servlet.handler.SimpleUrlHandlerMapping.registerHandler:373 -Mapped URL path [/**/favicon.ico] onto handler of type [class org.springframework.web.servlet.resource.ResourceHttpRequestHandler]
2019-07-10 19:22:00.937 INFO [main]o.s.w.s.m.method.annotation.RequestMappingHandlerAdapter.initControllerAdviceCache:574 -Looking for @ControllerAdvice: org.springframework.boot.web.servlet.context.AnnotationConfigServletWebServerApplicationContext@488d1cd7: startup date [Wed Jul 10 19:21:58 CST 2019]; root of context hierarchy
2019-07-10 19:22:00.987 INFO [main]o.s.w.s.m.method.annotation.RequestMappingHandlerMapping.register:547 -Mapped "{[/UserAdmin/queryAll]}" onto public java.util.List<com.acong.entity.UserAdmin> com.acong.controller.UserAdminController.queryAll()
2019-07-10 19:22:00.989 INFO [main]o.s.w.s.m.method.annotation.RequestMappingHandlerMapping.register:547 -Mapped "{[/UserAdmin/findUserAdminById]}" onto public com.acong.entity.UserAdmin com.acong.controller.UserAdminController.findUserAdminById(int)
2019-07-10 19:22:00.989 INFO [main]o.s.w.s.m.method.annotation.RequestMappingHandlerMapping.register:547 -Mapped "{[/UserAdmin/updateUserAdmin]}" onto public java.lang.String com.acong.controller.UserAdminController.updateUserAdmin()
2019-07-10 19:22:00.990 INFO [main]o.s.w.s.m.method.annotation.RequestMappingHandlerMapping.register:547 -Mapped "{[/UserAdmin/insertUserAdmin]}" onto public java.lang.String com.acong.controller.UserAdminController.insertUserAdmin()
2019-07-10 19:22:00.990 INFO [main]o.s.w.s.m.method.annotation.RequestMappingHandlerMapping.register:547 -Mapped "{[/UserAdmin/deleteById]}" onto public java.lang.String com.acong.controller.UserAdminController.deleteById(int)
2019-07-10 19:22:00.990 INFO [main]o.s.w.s.m.method.annotation.RequestMappingHandlerMapping.register:547 -Mapped "{[/UserAdmin/findUserAdminByName]}" onto public java.util.List<com.acong.entity.UserAdmin> com.acong.controller.UserAdminController.findUserAdminByName(java.lang.String)
2019-07-10 19:22:00.992 INFO [main]o.s.w.s.m.method.annotation.RequestMappingHandlerMapping.register:547 -Mapped "{[/User/queryAll]}" onto public java.util.List<com.acong.entity.User> com.acong.controller.UserController.queryAll()
2019-07-10 19:22:00.992 INFO [main]o.s.w.s.m.method.annotation.RequestMappingHandlerMapping.register:547 -Mapped "{[/User/testList]}" onto public java.util.List<java.lang.String> com.acong.controller.UserController.test2()
2019-07-10 19:22:00.993 INFO [main]o.s.w.s.m.method.annotation.RequestMappingHandlerMapping.register:547 -Mapped "{[/User/testMap]}" onto public java.util.Map<java.lang.String, java.lang.String> com.acong.controller.UserController.test1()
2019-07-10 19:22:00.993 INFO [main]o.s.w.s.m.method.annotation.RequestMappingHandlerMapping.register:547 -Mapped "{[/User/testController]}" onto public java.lang.String com.acong.controller.UserController.testController()
2019-07-10 19:22:00.994 INFO [main]o.s.w.s.m.method.annotation.RequestMappingHandlerMapping.register:547 -Mapped "{[/User/findUserById]}" onto public java.util.Map<java.lang.String, java.lang.Object> com.acong.controller.UserController.findUserById(int)
2019-07-10 19:22:00.994 INFO [main]o.s.w.s.m.method.annotation.RequestMappingHandlerMapping.register:547 -Mapped "{[/User/updateUser]}" onto public java.lang.String com.acong.controller.UserController.updateUser()
2019-07-10 19:22:00.994 INFO [main]o.s.w.s.m.method.annotation.RequestMappingHandlerMapping.register:547 -Mapped "{[/User/deleteUserById]}" onto public java.lang.String com.acong.controller.UserController.deleteUserById(int)
2019-07-10 19:22:00.996 INFO [main]o.s.w.s.m.method.annotation.RequestMappingHandlerMapping.register:547 -Mapped "{[/error]}" onto public org.springframework.http.ResponseEntity<java.util.Map<java.lang.String, java.lang.Object>> org.springframework.boot.autoconfigure.web.servlet.error.BasicErrorController.error(javax.servlet.http.HttpServletRequest)
2019-07-10 19:22:00.997 INFO [main]o.s.w.s.m.method.annotation.RequestMappingHandlerMapping.register:547 -Mapped "{[/error],produces=[text/html]}" onto public org.springframework.web.servlet.ModelAndView org.springframework.boot.autoconfigure.web.servlet.error.BasicErrorController.errorHtml(javax.servlet.http.HttpServletRequest,javax.servlet.http.HttpServletResponse)
2019-07-10 19:22:01.027 INFO [main]o.s.web.servlet.handler.SimpleUrlHandlerMapping.registerHandler:373 -Mapped URL path [/webjars/**] onto handler of type [class org.springframework.web.servlet.resource.ResourceHttpRequestHandler]
2019-07-10 19:22:01.027 INFO [main]o.s.web.servlet.handler.SimpleUrlHandlerMapping.registerHandler:373 -Mapped URL path [/**] onto handler of type [class org.springframework.web.servlet.resource.ResourceHttpRequestHandler]
2019-07-10 19:22:01.404 INFO [main]o.s.jmx.export.annotation.AnnotationMBeanExporter.afterSingletonsInstantiated:433 -Registering beans for JMX exposure on startup
2019-07-10 19:22:01.406 INFO [main]o.s.jmx.export.annotation.AnnotationMBeanExporter.autodetect:895 -Bean with name 'dataSource' has been autodetected for JMX exposure
2019-07-10 19:22:01.411 INFO [main]o.s.jmx.export.annotation.AnnotationMBeanExporter.registerBeanInstance:668 -Located MBean 'dataSource': registering with JMX server as MBean [com.zaxxer.hikari:name=dataSource,type=HikariDataSource]
2019-07-10 19:22:01.421 INFO [main]org.apache.coyote.http11.Http11NioProtocol.log:180 -Starting ProtocolHandler ["http-nio-8081"]
2019-07-10 19:22:01.443 INFO [main]org.apache.tomcat.util.net.NioSelectorPool.log:180 -Using a shared selector for servlet write/read
2019-07-10 19:22:01.455 INFO [main]o.s.boot.web.embedded.tomcat.TomcatWebServer.start:206 -Tomcat started on port(s): 8081 (http) with context path ''
2019-07-10 19:22:01.460 INFO [main]com.acong.MainApp.logStarted:59 -Started MainApp in 22.945 seconds (JVM running for 28.467)
2019-07-10 19:22:09.042 INFO [http-nio-8081-exec-1]o.a.catalina.core.ContainerBase.[Tomcat].[localhost].[/].log:180 -Initializing Spring FrameworkServlet 'dispatcherServlet'
2019-07-10 19:22:09.043 INFO [http-nio-8081-exec-1]org.springframework.web.servlet.DispatcherServlet.initServletBean:494 -FrameworkServlet 'dispatcherServlet': initialization started
2019-07-10 19:22:09.076 INFO [http-nio-8081-exec-1]org.springframework.web.servlet.DispatcherServlet.initServletBean:509 -FrameworkServlet 'dispatcherServlet': initialization completed in 33 ms
2019-07-10 19:22:09.129 INFO [http-nio-8081-exec-1]com.zaxxer.hikari.HikariDataSource.getConnection:110 -HikariPool-1 - Starting...
2019-07-10 19:22:09.622 INFO [http-nio-8081-exec-1]com.zaxxer.hikari.HikariDataSource.getConnection:123 -HikariPool-1 - Start completed.
2019-07-10 19:22:09.630 DEBUG[http-nio-8081-exec-1]com.acong.dao.UserAdminDao.updateUserAdmin.debug:159 -==>  Preparing: update useradmin set user_name = ?, user_password = ? WHERE user_id = ? 
2019-07-10 19:22:09.652 DEBUG[http-nio-8081-exec-1]com.acong.dao.UserAdminDao.updateUserAdmin.debug:159 -==> Parameters: zhyn(String), 85885849(String), 1(Integer)
2019-07-10 19:22:09.665 DEBUG[http-nio-8081-exec-1]com.acong.dao.UserAdminDao.updateUserAdmin.debug:159 -<==    Updates: 1
2019-07-10 19:22:59.348 INFO [Thread-49]o.s.b.w.s.c.AnnotationConfigServletWebServerApplicationContext.doClose:993 -Closing org.springframework.boot.web.servlet.context.AnnotationConfigServletWebServerApplicationContext@488d1cd7: startup date [Wed Jul 10 19:21:58 CST 2019]; root of context hierarchy
2019-07-10 19:22:59.354 INFO [Thread-49]o.s.jmx.export.annotation.AnnotationMBeanExporter.destroy:451 -Unregistering JMX-exposed beans on shutdown
2019-07-10 19:22:59.355 INFO [Thread-49]o.s.jmx.export.annotation.AnnotationMBeanExporter.unregisterBeans:183 -Unregistering JMX-exposed beans
2019-07-10 19:22:59.375 INFO [Thread-49]com.zaxxer.hikari.HikariDataSource.close:381 -HikariPool-1 - Shutdown initiated...
2019-07-10 19:22:59.386 INFO [Thread-49]com.zaxxer.hikari.HikariDataSource.close:383 -HikariPool-1 - Shutdown completed.
2019-07-10 19:23:37.822 INFO [main]com.acong.MainApp.logStarting:50 -Starting MainApp on zhaoyanandeMacBook-Pro.local with PID 5468 (/Users/zhaoyanan/code/springboot_redis/target/classes started by zhaoyanan in /Users/zhaoyanan/code/springboot_redis)
2019-07-10 19:23:37.826 INFO [main]com.acong.MainApp.logStartupProfileInfo:659 -No active profile set, falling back to default profiles: default
2019-07-10 19:23:37.859 INFO [main]o.s.b.w.s.c.AnnotationConfigServletWebServerApplicationContext.prepareRefresh:590 -Refreshing org.springframework.boot.web.servlet.context.AnnotationConfigServletWebServerApplicationContext@7fbdb894: startup date [Wed Jul 10 19:23:37 CST 2019]; root of context hierarchy
2019-07-10 19:23:38.264 INFO [main]o.s.d.repository.config.RepositoryConfigurationDelegate.multipleStoresDetected:163 -Multiple Spring Data modules found, entering strict repository configuration mode!
2019-07-10 19:23:38.542 INFO [main]o.s.c.s.PostProcessorRegistrationDelegate$BeanPostProcessorChecker.postProcessAfterInitialization:328 -Bean 'config' of type [com.acong.Config$$EnhancerBySpringCGLIB$$2d73128a] is not eligible for getting processed by all BeanPostProcessors (for example: not eligible for auto-proxying)
2019-07-10 19:23:38.548 INFO [main]o.s.c.s.PostProcessorRegistrationDelegate$BeanPostProcessorChecker.postProcessAfterInitialization:328 -Bean 'org.springframework.transaction.annotation.ProxyTransactionManagementConfiguration' of type [org.springframework.transaction.annotation.ProxyTransactionManagementConfiguration$$EnhancerBySpringCGLIB$$3be07cae] is not eligible for getting processed by all BeanPostProcessors (for example: not eligible for auto-proxying)
2019-07-10 19:23:38.575 INFO [main]o.s.c.s.PostProcessorRegistrationDelegate$BeanPostProcessorChecker.postProcessAfterInitialization:328 -Bean 'org.springframework.cache.annotation.ProxyCachingConfiguration' of type [org.springframework.cache.annotation.ProxyCachingConfiguration$$EnhancerBySpringCGLIB$$84f2b2cc] is not eligible for getting processed by all BeanPostProcessors (for example: not eligible for auto-proxying)
2019-07-10 19:23:38.821 INFO [main]o.s.boot.web.embedded.tomcat.TomcatWebServer.initialize:91 -Tomcat initialized with port(s): 8081 (http)
2019-07-10 19:23:38.833 INFO [main]org.apache.coyote.http11.Http11NioProtocol.log:180 -Initializing ProtocolHandler ["http-nio-8081"]
2019-07-10 19:23:38.841 INFO [main]org.apache.catalina.core.StandardService.log:180 -Starting service [Tomcat]
2019-07-10 19:23:38.841 INFO [main]org.apache.catalina.core.StandardEngine.log:180 -Starting Servlet Engine: Apache Tomcat/8.5.29
2019-07-10 19:23:38.845 INFO [localhost-startStop-1]org.apache.catalina.core.AprLifecycleListener.log:180 -The APR based Apache Tomcat Native library which allows optimal performance in production environments was not found on the java.library.path: [/Users/zhaoyanan/Library/Java/Extensions:/Library/Java/Extensions:/Network/Library/Java/Extensions:/System/Library/Java/Extensions:/usr/lib/java:.]
2019-07-10 19:23:38.902 INFO [localhost-startStop-1]o.a.catalina.core.ContainerBase.[Tomcat].[localhost].[/].log:180 -Initializing Spring embedded WebApplicationContext
2019-07-10 19:23:38.903 INFO [localhost-startStop-1]org.springframework.web.context.ContextLoader.prepareWebApplicationContext:285 -Root WebApplicationContext: initialization completed in 1044 ms
2019-07-10 19:23:39.001 INFO [localhost-startStop-1]o.s.boot.web.servlet.ServletRegistrationBean.addRegistration:185 -Servlet dispatcherServlet mapped to [/]
2019-07-10 19:23:39.005 INFO [localhost-startStop-1]o.s.boot.web.servlet.FilterRegistrationBean.configure:244 -Mapping filter: 'characterEncodingFilter' to: [/*]
2019-07-10 19:23:39.005 INFO [localhost-startStop-1]o.s.boot.web.servlet.FilterRegistrationBean.configure:244 -Mapping filter: 'hiddenHttpMethodFilter' to: [/*]
2019-07-10 19:23:39.005 INFO [localhost-startStop-1]o.s.boot.web.servlet.FilterRegistrationBean.configure:244 -Mapping filter: 'httpPutFormContentFilter' to: [/*]
2019-07-10 19:23:39.005 INFO [localhost-startStop-1]o.s.boot.web.servlet.FilterRegistrationBean.configure:244 -Mapping filter: 'requestContextFilter' to: [/*]
2019-07-10 19:23:39.599 INFO [main]o.s.web.servlet.handler.SimpleUrlHandlerMapping.registerHandler:373 -Mapped URL path [/**/favicon.ico] onto handler of type [class org.springframework.web.servlet.resource.ResourceHttpRequestHandler]
2019-07-10 19:23:39.799 INFO [main]o.s.w.s.m.method.annotation.RequestMappingHandlerAdapter.initControllerAdviceCache:574 -Looking for @ControllerAdvice: org.springframework.boot.web.servlet.context.AnnotationConfigServletWebServerApplicationContext@7fbdb894: startup date [Wed Jul 10 19:23:37 CST 2019]; root of context hierarchy
2019-07-10 19:23:39.850 INFO [main]o.s.w.s.m.method.annotation.RequestMappingHandlerMapping.register:547 -Mapped "{[/UserAdmin/queryAll]}" onto public java.util.List<com.acong.entity.UserAdmin> com.acong.controller.UserAdminController.queryAll()
2019-07-10 19:23:39.851 INFO [main]o.s.w.s.m.method.annotation.RequestMappingHandlerMapping.register:547 -Mapped "{[/UserAdmin/findUserAdminById]}" onto public com.acong.entity.UserAdmin com.acong.controller.UserAdminController.findUserAdminById(int)
2019-07-10 19:23:39.852 INFO [main]o.s.w.s.m.method.annotation.RequestMappingHandlerMapping.register:547 -Mapped "{[/UserAdmin/updateUserAdmin]}" onto public java.lang.String com.acong.controller.UserAdminController.updateUserAdmin()
2019-07-10 19:23:39.852 INFO [main]o.s.w.s.m.method.annotation.RequestMappingHandlerMapping.register:547 -Mapped "{[/UserAdmin/insertUserAdmin]}" onto public java.lang.String com.acong.controller.UserAdminController.insertUserAdmin()
2019-07-10 19:23:39.852 INFO [main]o.s.w.s.m.method.annotation.RequestMappingHandlerMapping.register:547 -Mapped "{[/UserAdmin/deleteById]}" onto public java.lang.String com.acong.controller.UserAdminController.deleteById(int)
2019-07-10 19:23:39.853 INFO [main]o.s.w.s.m.method.annotation.RequestMappingHandlerMapping.register:547 -Mapped "{[/UserAdmin/findUserAdminByName]}" onto public java.util.List<com.acong.entity.UserAdmin> com.acong.controller.UserAdminController.findUserAdminByName(java.lang.String)
2019-07-10 19:23:39.854 INFO [main]o.s.w.s.m.method.annotation.RequestMappingHandlerMapping.register:547 -Mapped "{[/User/testList]}" onto public java.util.List<java.lang.String> com.acong.controller.UserController.test2()
2019-07-10 19:23:39.855 INFO [main]o.s.w.s.m.method.annotation.RequestMappingHandlerMapping.register:547 -Mapped "{[/User/testMap]}" onto public java.util.Map<java.lang.String, java.lang.String> com.acong.controller.UserController.test1()
2019-07-10 19:23:39.855 INFO [main]o.s.w.s.m.method.annotation.RequestMappingHandlerMapping.register:547 -Mapped "{[/User/queryAll]}" onto public java.util.List<com.acong.entity.User> com.acong.controller.UserController.queryAll()
2019-07-10 19:23:39.855 INFO [main]o.s.w.s.m.method.annotation.RequestMappingHandlerMapping.register:547 -Mapped "{[/User/testController]}" onto public java.lang.String com.acong.controller.UserController.testController()
2019-07-10 19:23:39.856 INFO [main]o.s.w.s.m.method.annotation.RequestMappingHandlerMapping.register:547 -Mapped "{[/User/findUserById]}" onto public java.util.Map<java.lang.String, java.lang.Object> com.acong.controller.UserController.findUserById(int)
2019-07-10 19:23:39.856 INFO [main]o.s.w.s.m.method.annotation.RequestMappingHandlerMapping.register:547 -Mapped "{[/User/updateUser]}" onto public java.lang.String com.acong.controller.UserController.updateUser()
2019-07-10 19:23:39.856 INFO [main]o.s.w.s.m.method.annotation.RequestMappingHandlerMapping.register:547 -Mapped "{[/User/deleteUserById]}" onto public java.lang.String com.acong.controller.UserController.deleteUserById(int)
2019-07-10 19:23:39.858 INFO [main]o.s.w.s.m.method.annotation.RequestMappingHandlerMapping.register:547 -Mapped "{[/error]}" onto public org.springframework.http.ResponseEntity<java.util.Map<java.lang.String, java.lang.Object>> org.springframework.boot.autoconfigure.web.servlet.error.BasicErrorController.error(javax.servlet.http.HttpServletRequest)
2019-07-10 19:23:39.859 INFO [main]o.s.w.s.m.method.annotation.RequestMappingHandlerMapping.register:547 -Mapped "{[/error],produces=[text/html]}" onto public org.springframework.web.servlet.ModelAndView org.springframework.boot.autoconfigure.web.servlet.error.BasicErrorController.errorHtml(javax.servlet.http.HttpServletRequest,javax.servlet.http.HttpServletResponse)
2019-07-10 19:23:39.886 INFO [main]o.s.web.servlet.handler.SimpleUrlHandlerMapping.registerHandler:373 -Mapped URL path [/webjars/**] onto handler of type [class org.springframework.web.servlet.resource.ResourceHttpRequestHandler]
2019-07-10 19:23:39.886 INFO [main]o.s.web.servlet.handler.SimpleUrlHandlerMapping.registerHandler:373 -Mapped URL path [/**] onto handler of type [class org.springframework.web.servlet.resource.ResourceHttpRequestHandler]
2019-07-10 19:23:40.265 INFO [main]o.s.jmx.export.annotation.AnnotationMBeanExporter.afterSingletonsInstantiated:433 -Registering beans for JMX exposure on startup
2019-07-10 19:23:40.266 INFO [main]o.s.jmx.export.annotation.AnnotationMBeanExporter.autodetect:895 -Bean with name 'dataSource' has been autodetected for JMX exposure
2019-07-10 19:23:40.271 INFO [main]o.s.jmx.export.annotation.AnnotationMBeanExporter.registerBeanInstance:668 -Located MBean 'dataSource': registering with JMX server as MBean [com.zaxxer.hikari:name=dataSource,type=HikariDataSource]
2019-07-10 19:23:40.281 INFO [main]org.apache.coyote.http11.Http11NioProtocol.log:180 -Starting ProtocolHandler ["http-nio-8081"]
2019-07-10 19:23:40.301 INFO [main]org.apache.tomcat.util.net.NioSelectorPool.log:180 -Using a shared selector for servlet write/read
2019-07-10 19:23:40.313 INFO [main]o.s.boot.web.embedded.tomcat.TomcatWebServer.start:206 -Tomcat started on port(s): 8081 (http) with context path ''
2019-07-10 19:23:40.318 INFO [main]com.acong.MainApp.logStarted:59 -Started MainApp in 22.871 seconds (JVM running for 28.359)
2019-07-10 19:23:46.182 INFO [http-nio-8081-exec-1]o.a.catalina.core.ContainerBase.[Tomcat].[localhost].[/].log:180 -Initializing Spring FrameworkServlet 'dispatcherServlet'
2019-07-10 19:23:46.182 INFO [http-nio-8081-exec-1]org.springframework.web.servlet.DispatcherServlet.initServletBean:494 -FrameworkServlet 'dispatcherServlet': initialization started
2019-07-10 19:23:46.203 INFO [http-nio-8081-exec-1]org.springframework.web.servlet.DispatcherServlet.initServletBean:509 -FrameworkServlet 'dispatcherServlet': initialization completed in 21 ms
2019-07-10 19:23:46.261 INFO [http-nio-8081-exec-1]com.zaxxer.hikari.HikariDataSource.getConnection:110 -HikariPool-1 - Starting...
2019-07-10 19:23:46.758 INFO [http-nio-8081-exec-1]com.zaxxer.hikari.HikariDataSource.getConnection:123 -HikariPool-1 - Start completed.
2019-07-10 19:23:46.801 DEBUG[http-nio-8081-exec-1]com.acong.dao.UserAdminDao.updateUserAdmin.debug:159 -==>  Preparing: update useradmin set user_name = ?, user_password = ? WHERE user_id = ? 
2019-07-10 19:23:46.822 DEBUG[http-nio-8081-exec-1]com.acong.dao.UserAdminDao.updateUserAdmin.debug:159 -==> Parameters: zhyn(String), 85885849(String), 1(Integer)
2019-07-10 19:23:46.832 DEBUG[http-nio-8081-exec-1]com.acong.dao.UserAdminDao.updateUserAdmin.debug:159 -<==    Updates: 1
2019-07-10 19:38:02.275 INFO [Thread-48]o.s.b.w.s.c.AnnotationConfigServletWebServerApplicationContext.doClose:993 -Closing org.springframework.boot.web.servlet.context.AnnotationConfigServletWebServerApplicationContext@7fbdb894: startup date [Wed Jul 10 19:23:37 CST 2019]; root of context hierarchy
2019-07-10 19:38:02.294 INFO [Thread-48]o.s.jmx.export.annotation.AnnotationMBeanExporter.destroy:451 -Unregistering JMX-exposed beans on shutdown
2019-07-10 19:38:02.295 INFO [Thread-48]o.s.jmx.export.annotation.AnnotationMBeanExporter.unregisterBeans:183 -Unregistering JMX-exposed beans
2019-07-10 19:38:02.317 INFO [Thread-48]com.zaxxer.hikari.HikariDataSource.close:381 -HikariPool-1 - Shutdown initiated...
2019-07-10 19:38:02.327 INFO [Thread-48]com.zaxxer.hikari.HikariDataSource.close:383 -HikariPool-1 - Shutdown completed.
2019-07-10 20:25:53.640 INFO [main]com.acong.MainApp.logStarting:50 -Starting MainApp on zhaoyanandeMacBook-Pro.local with PID 533 (/Users/zhaoyanan/code/springboot_redis/target/classes started by zhaoyanan in /Users/zhaoyanan/code/springboot_redis)
2019-07-10 20:25:53.647 INFO [main]com.acong.MainApp.logStartupProfileInfo:659 -No active profile set, falling back to default profiles: default
2019-07-10 20:25:53.703 INFO [main]o.s.b.w.s.c.AnnotationConfigServletWebServerApplicationContext.prepareRefresh:590 -Refreshing org.springframework.boot.web.servlet.context.AnnotationConfigServletWebServerApplicationContext@7b8b43c7: startup date [Wed Jul 10 20:25:53 CST 2019]; root of context hierarchy
2019-07-10 20:25:54.365 INFO [main]o.s.d.repository.config.RepositoryConfigurationDelegate.multipleStoresDetected:163 -Multiple Spring Data modules found, entering strict repository configuration mode!
2019-07-10 20:25:54.769 INFO [main]o.s.c.s.PostProcessorRegistrationDelegate$BeanPostProcessorChecker.postProcessAfterInitialization:328 -Bean 'config' of type [com.acong.Config$$EnhancerBySpringCGLIB$$36221429] is not eligible for getting processed by all BeanPostProcessors (for example: not eligible for auto-proxying)
2019-07-10 20:25:54.775 INFO [main]o.s.c.s.PostProcessorRegistrationDelegate$BeanPostProcessorChecker.postProcessAfterInitialization:328 -Bean 'org.springframework.transaction.annotation.ProxyTransactionManagementConfiguration' of type [org.springframework.transaction.annotation.ProxyTransactionManagementConfiguration$$EnhancerBySpringCGLIB$$448f7e4d] is not eligible for getting processed by all BeanPostProcessors (for example: not eligible for auto-proxying)
2019-07-10 20:25:54.809 INFO [main]o.s.c.s.PostProcessorRegistrationDelegate$BeanPostProcessorChecker.postProcessAfterInitialization:328 -Bean 'org.springframework.cache.annotation.ProxyCachingConfiguration' of type [org.springframework.cache.annotation.ProxyCachingConfiguration$$EnhancerBySpringCGLIB$$8da1b46b] is not eligible for getting processed by all BeanPostProcessors (for example: not eligible for auto-proxying)
2019-07-10 20:25:55.147 INFO [main]o.s.boot.web.embedded.tomcat.TomcatWebServer.initialize:91 -Tomcat initialized with port(s): 8081 (http)
2019-07-10 20:25:55.165 INFO [main]org.apache.coyote.http11.Http11NioProtocol.log:180 -Initializing ProtocolHandler ["http-nio-8081"]
2019-07-10 20:25:55.176 INFO [main]org.apache.catalina.core.StandardService.log:180 -Starting service [Tomcat]
2019-07-10 20:25:55.176 INFO [main]org.apache.catalina.core.StandardEngine.log:180 -Starting Servlet Engine: Apache Tomcat/8.5.29
2019-07-10 20:25:55.181 INFO [localhost-startStop-1]org.apache.catalina.core.AprLifecycleListener.log:180 -The APR based Apache Tomcat Native library which allows optimal performance in production environments was not found on the java.library.path: [/Users/zhaoyanan/Library/Java/Extensions:/Library/Java/Extensions:/Network/Library/Java/Extensions:/System/Library/Java/Extensions:/usr/lib/java:.]
2019-07-10 20:25:55.260 INFO [localhost-startStop-1]o.a.catalina.core.ContainerBase.[Tomcat].[localhost].[/].log:180 -Initializing Spring embedded WebApplicationContext
2019-07-10 20:25:55.260 INFO [localhost-startStop-1]org.springframework.web.context.ContextLoader.prepareWebApplicationContext:285 -Root WebApplicationContext: initialization completed in 1557 ms
2019-07-10 20:25:55.388 INFO [localhost-startStop-1]o.s.boot.web.servlet.ServletRegistrationBean.addRegistration:185 -Servlet dispatcherServlet mapped to [/]
2019-07-10 20:25:55.393 INFO [localhost-startStop-1]o.s.boot.web.servlet.FilterRegistrationBean.configure:244 -Mapping filter: 'characterEncodingFilter' to: [/*]
2019-07-10 20:25:55.393 INFO [localhost-startStop-1]o.s.boot.web.servlet.FilterRegistrationBean.configure:244 -Mapping filter: 'hiddenHttpMethodFilter' to: [/*]
2019-07-10 20:25:55.393 INFO [localhost-startStop-1]o.s.boot.web.servlet.FilterRegistrationBean.configure:244 -Mapping filter: 'httpPutFormContentFilter' to: [/*]
2019-07-10 20:25:55.394 INFO [localhost-startStop-1]o.s.boot.web.servlet.FilterRegistrationBean.configure:244 -Mapping filter: 'requestContextFilter' to: [/*]
2019-07-10 20:25:56.325 INFO [main]o.s.web.servlet.handler.SimpleUrlHandlerMapping.registerHandler:373 -Mapped URL path [/**/favicon.ico] onto handler of type [class org.springframework.web.servlet.resource.ResourceHttpRequestHandler]
2019-07-10 20:25:56.597 INFO [main]o.s.w.s.m.method.annotation.RequestMappingHandlerAdapter.initControllerAdviceCache:574 -Looking for @ControllerAdvice: org.springframework.boot.web.servlet.context.AnnotationConfigServletWebServerApplicationContext@7b8b43c7: startup date [Wed Jul 10 20:25:53 CST 2019]; root of context hierarchy
2019-07-10 20:25:56.667 INFO [main]o.s.w.s.m.method.annotation.RequestMappingHandlerMapping.register:547 -Mapped "{[/UserAdmin/queryAll]}" onto public java.util.List<com.acong.entity.UserAdmin> com.acong.controller.UserAdminController.queryAll()
2019-07-10 20:25:56.669 INFO [main]o.s.w.s.m.method.annotation.RequestMappingHandlerMapping.register:547 -Mapped "{[/UserAdmin/findUserAdminById]}" onto public com.acong.entity.UserAdmin com.acong.controller.UserAdminController.findUserAdminById(int)
2019-07-10 20:25:56.669 INFO [main]o.s.w.s.m.method.annotation.RequestMappingHandlerMapping.register:547 -Mapped "{[/UserAdmin/updateUserAdmin]}" onto public java.lang.String com.acong.controller.UserAdminController.updateUserAdmin()
2019-07-10 20:25:56.669 INFO [main]o.s.w.s.m.method.annotation.RequestMappingHandlerMapping.register:547 -Mapped "{[/UserAdmin/insertUserAdmin]}" onto public java.lang.String com.acong.controller.UserAdminController.insertUserAdmin()
2019-07-10 20:25:56.670 INFO [main]o.s.w.s.m.method.annotation.RequestMappingHandlerMapping.register:547 -Mapped "{[/UserAdmin/deleteById]}" onto public java.lang.String com.acong.controller.UserAdminController.deleteById(int)
2019-07-10 20:25:56.670 INFO [main]o.s.w.s.m.method.annotation.RequestMappingHandlerMapping.register:547 -Mapped "{[/UserAdmin/findUserAdminByName]}" onto public java.util.List<com.acong.entity.UserAdmin> com.acong.controller.UserAdminController.findUserAdminByName(java.lang.String)
2019-07-10 20:25:56.672 INFO [main]o.s.w.s.m.method.annotation.RequestMappingHandlerMapping.register:547 -Mapped "{[/User/testList]}" onto public java.util.List<java.lang.String> com.acong.controller.UserController.test2()
2019-07-10 20:25:56.672 INFO [main]o.s.w.s.m.method.annotation.RequestMappingHandlerMapping.register:547 -Mapped "{[/User/testMap]}" onto public java.util.Map<java.lang.String, java.lang.String> com.acong.controller.UserController.test1()
2019-07-10 20:25:56.672 INFO [main]o.s.w.s.m.method.annotation.RequestMappingHandlerMapping.register:547 -Mapped "{[/User/queryAll]}" onto public java.util.List<com.acong.entity.User> com.acong.controller.UserController.queryAll()
2019-07-10 20:25:56.673 INFO [main]o.s.w.s.m.method.annotation.RequestMappingHandlerMapping.register:547 -Mapped "{[/User/testController]}" onto public java.lang.String com.acong.controller.UserController.testController()
2019-07-10 20:25:56.673 INFO [main]o.s.w.s.m.method.annotation.RequestMappingHandlerMapping.register:547 -Mapped "{[/User/findUserById]}" onto public java.util.Map<java.lang.String, java.lang.Object> com.acong.controller.UserController.findUserById(int)
2019-07-10 20:25:56.673 INFO [main]o.s.w.s.m.method.annotation.RequestMappingHandlerMapping.register:547 -Mapped "{[/User/updateUser]}" onto public java.lang.String com.acong.controller.UserController.updateUser()
2019-07-10 20:25:56.674 INFO [main]o.s.w.s.m.method.annotation.RequestMappingHandlerMapping.register:547 -Mapped "{[/User/deleteUserById]}" onto public java.lang.String com.acong.controller.UserController.deleteUserById(int)
2019-07-10 20:25:56.676 INFO [main]o.s.w.s.m.method.annotation.RequestMappingHandlerMapping.register:547 -Mapped "{[/error]}" onto public org.springframework.http.ResponseEntity<java.util.Map<java.lang.String, java.lang.Object>> org.springframework.boot.autoconfigure.web.servlet.error.BasicErrorController.error(javax.servlet.http.HttpServletRequest)
2019-07-10 20:25:56.676 INFO [main]o.s.w.s.m.method.annotation.RequestMappingHandlerMapping.register:547 -Mapped "{[/error],produces=[text/html]}" onto public org.springframework.web.servlet.ModelAndView org.springframework.boot.autoconfigure.web.servlet.error.BasicErrorController.errorHtml(javax.servlet.http.HttpServletRequest,javax.servlet.http.HttpServletResponse)
2019-07-10 20:25:56.702 INFO [main]o.s.web.servlet.handler.SimpleUrlHandlerMapping.registerHandler:373 -Mapped URL path [/webjars/**] onto handler of type [class org.springframework.web.servlet.resource.ResourceHttpRequestHandler]
2019-07-10 20:25:56.703 INFO [main]o.s.web.servlet.handler.SimpleUrlHandlerMapping.registerHandler:373 -Mapped URL path [/**] onto handler of type [class org.springframework.web.servlet.resource.ResourceHttpRequestHandler]
2019-07-10 20:25:57.182 INFO [main]o.s.jmx.export.annotation.AnnotationMBeanExporter.afterSingletonsInstantiated:433 -Registering beans for JMX exposure on startup
2019-07-10 20:25:57.184 INFO [main]o.s.jmx.export.annotation.AnnotationMBeanExporter.autodetect:895 -Bean with name 'dataSource' has been autodetected for JMX exposure
2019-07-10 20:25:57.190 INFO [main]o.s.jmx.export.annotation.AnnotationMBeanExporter.registerBeanInstance:668 -Located MBean 'dataSource': registering with JMX server as MBean [com.zaxxer.hikari:name=dataSource,type=HikariDataSource]
2019-07-10 20:25:57.204 INFO [main]org.apache.coyote.http11.Http11NioProtocol.log:180 -Starting ProtocolHandler ["http-nio-8081"]
2019-07-10 20:25:57.229 INFO [main]org.apache.tomcat.util.net.NioSelectorPool.log:180 -Using a shared selector for servlet write/read
2019-07-10 20:25:57.245 INFO [main]o.s.boot.web.embedded.tomcat.TomcatWebServer.start:206 -Tomcat started on port(s): 8081 (http) with context path ''
2019-07-10 20:25:57.250 INFO [main]com.acong.MainApp.logStarted:59 -Started MainApp in 24.183 seconds (JVM running for 30.728)
2019-07-10 20:26:07.137 INFO [http-nio-8081-exec-1]o.a.catalina.core.ContainerBase.[Tomcat].[localhost].[/].log:180 -Initializing Spring FrameworkServlet 'dispatcherServlet'
2019-07-10 20:26:07.137 INFO [http-nio-8081-exec-1]org.springframework.web.servlet.DispatcherServlet.initServletBean:494 -FrameworkServlet 'dispatcherServlet': initialization started
2019-07-10 20:26:07.159 INFO [http-nio-8081-exec-1]org.springframework.web.servlet.DispatcherServlet.initServletBean:509 -FrameworkServlet 'dispatcherServlet': initialization completed in 22 ms
2019-07-10 20:26:07.200 INFO [http-nio-8081-exec-1]com.zaxxer.hikari.HikariDataSource.getConnection:110 -HikariPool-1 - Starting...
2019-07-10 20:27:28.713 INFO [http-nio-8081-exec-5]com.zaxxer.hikari.HikariDataSource.getConnection:110 -HikariPool-1 - Starting...
2019-07-10 20:27:29.369 INFO [http-nio-8081-exec-5]com.zaxxer.hikari.HikariDataSource.getConnection:123 -HikariPool-1 - Start completed.
2019-07-10 20:27:29.450 DEBUG[http-nio-8081-exec-5]com.acong.dao.UserAdminDao.updateUserAdmin.debug:159 -==>  Preparing: update useradmin set user_name = ?, user_password = ? WHERE user_id = ? 
2019-07-10 20:27:29.477 DEBUG[http-nio-8081-exec-5]com.acong.dao.UserAdminDao.updateUserAdmin.debug:159 -==> Parameters: zhyn(String), 85885849(String), 1(Integer)
2019-07-10 20:27:29.498 DEBUG[http-nio-8081-exec-5]com.acong.dao.UserAdminDao.updateUserAdmin.debug:159 -<==    Updates: 1
2019-07-10 22:05:57.439 WARN [HikariPool-1 housekeeper]com.zaxxer.hikari.pool.HikariPool.run:756 -HikariPool-1 - Thread starvation or clock leap detected (housekeeper delta=1h36m27s948ms).
2019-07-10 22:38:44.806 INFO [Thread-51]o.s.b.w.s.c.AnnotationConfigServletWebServerApplicationContext.doClose:993 -Closing org.springframework.boot.web.servlet.context.AnnotationConfigServletWebServerApplicationContext@7b8b43c7: startup date [Wed Jul 10 20:25:53 CST 2019]; root of context hierarchy
2019-07-10 22:38:44.810 INFO [Thread-51]o.s.jmx.export.annotation.AnnotationMBeanExporter.destroy:451 -Unregistering JMX-exposed beans on shutdown
2019-07-10 22:38:44.811 INFO [Thread-51]o.s.jmx.export.annotation.AnnotationMBeanExporter.unregisterBeans:183 -Unregistering JMX-exposed beans
2019-07-10 22:38:44.839 INFO [Thread-51]com.zaxxer.hikari.HikariDataSource.close:381 -HikariPool-1 - Shutdown initiated...
2019-07-10 22:38:44.851 INFO [Thread-51]com.zaxxer.hikari.HikariDataSource.close:383 -HikariPool-1 - Shutdown completed.
2019-07-10 22:39:24.519 INFO [main]com.acong.MainApp.logStarting:50 -Starting MainApp on zhaoyanandeMacBook-Pro.local with PID 699 (/Users/zhaoyanan/code/springboot_redis/target/classes started by zhaoyanan in /Users/zhaoyanan/code/springboot_redis)
2019-07-10 22:39:24.523 INFO [main]com.acong.MainApp.logStartupProfileInfo:659 -No active profile set, falling back to default profiles: default
2019-07-10 22:39:24.556 INFO [main]o.s.b.w.s.c.AnnotationConfigServletWebServerApplicationContext.prepareRefresh:590 -Refreshing org.springframework.boot.web.servlet.context.AnnotationConfigServletWebServerApplicationContext@3e6f3f28: startup date [Wed Jul 10 22:39:24 CST 2019]; root of context hierarchy
2019-07-10 22:39:24.994 INFO [main]o.s.d.repository.config.RepositoryConfigurationDelegate.multipleStoresDetected:163 -Multiple Spring Data modules found, entering strict repository configuration mode!
2019-07-10 22:39:25.297 INFO [main]o.s.c.s.PostProcessorRegistrationDelegate$BeanPostProcessorChecker.postProcessAfterInitialization:328 -Bean 'config' of type [com.acong.Config$$EnhancerBySpringCGLIB$$58a4f749] is not eligible for getting processed by all BeanPostProcessors (for example: not eligible for auto-proxying)
2019-07-10 22:39:25.303 INFO [main]o.s.c.s.PostProcessorRegistrationDelegate$BeanPostProcessorChecker.postProcessAfterInitialization:328 -Bean 'org.springframework.transaction.annotation.ProxyTransactionManagementConfiguration' of type [org.springframework.transaction.annotation.ProxyTransactionManagementConfiguration$$EnhancerBySpringCGLIB$$6712616d] is not eligible for getting processed by all BeanPostProcessors (for example: not eligible for auto-proxying)
2019-07-10 22:39:25.332 INFO [main]o.s.c.s.PostProcessorRegistrationDelegate$BeanPostProcessorChecker.postProcessAfterInitialization:328 -Bean 'org.springframework.cache.annotation.ProxyCachingConfiguration' of type [org.springframework.cache.annotation.ProxyCachingConfiguration$$EnhancerBySpringCGLIB$$b024978b] is not eligible for getting processed by all BeanPostProcessors (for example: not eligible for auto-proxying)
2019-07-10 22:39:25.589 INFO [main]o.s.boot.web.embedded.tomcat.TomcatWebServer.initialize:91 -Tomcat initialized with port(s): 8081 (http)
2019-07-10 22:39:25.601 INFO [main]org.apache.coyote.http11.Http11NioProtocol.log:180 -Initializing ProtocolHandler ["http-nio-8081"]
2019-07-10 22:39:25.609 INFO [main]org.apache.catalina.core.StandardService.log:180 -Starting service [Tomcat]
2019-07-10 22:39:25.609 INFO [main]org.apache.catalina.core.StandardEngine.log:180 -Starting Servlet Engine: Apache Tomcat/8.5.29
2019-07-10 22:39:25.614 INFO [localhost-startStop-1]org.apache.catalina.core.AprLifecycleListener.log:180 -The APR based Apache Tomcat Native library which allows optimal performance in production environments was not found on the java.library.path: [/Users/zhaoyanan/Library/Java/Extensions:/Library/Java/Extensions:/Network/Library/Java/Extensions:/System/Library/Java/Extensions:/usr/lib/java:.]
2019-07-10 22:39:25.676 INFO [localhost-startStop-1]o.a.catalina.core.ContainerBase.[Tomcat].[localhost].[/].log:180 -Initializing Spring embedded WebApplicationContext
2019-07-10 22:39:25.677 INFO [localhost-startStop-1]org.springframework.web.context.ContextLoader.prepareWebApplicationContext:285 -Root WebApplicationContext: initialization completed in 1121 ms
2019-07-10 22:39:25.784 INFO [localhost-startStop-1]o.s.boot.web.servlet.ServletRegistrationBean.addRegistration:185 -Servlet dispatcherServlet mapped to [/]
2019-07-10 22:39:25.787 INFO [localhost-startStop-1]o.s.boot.web.servlet.FilterRegistrationBean.configure:244 -Mapping filter: 'characterEncodingFilter' to: [/*]
2019-07-10 22:39:25.788 INFO [localhost-startStop-1]o.s.boot.web.servlet.FilterRegistrationBean.configure:244 -Mapping filter: 'hiddenHttpMethodFilter' to: [/*]
2019-07-10 22:39:25.788 INFO [localhost-startStop-1]o.s.boot.web.servlet.FilterRegistrationBean.configure:244 -Mapping filter: 'httpPutFormContentFilter' to: [/*]
2019-07-10 22:39:25.788 INFO [localhost-startStop-1]o.s.boot.web.servlet.FilterRegistrationBean.configure:244 -Mapping filter: 'requestContextFilter' to: [/*]
2019-07-10 22:39:26.421 INFO [main]o.s.web.servlet.handler.SimpleUrlHandlerMapping.registerHandler:373 -Mapped URL path [/**/favicon.ico] onto handler of type [class org.springframework.web.servlet.resource.ResourceHttpRequestHandler]
2019-07-10 22:39:26.622 INFO [main]o.s.w.s.m.method.annotation.RequestMappingHandlerAdapter.initControllerAdviceCache:574 -Looking for @ControllerAdvice: org.springframework.boot.web.servlet.context.AnnotationConfigServletWebServerApplicationContext@3e6f3f28: startup date [Wed Jul 10 22:39:24 CST 2019]; root of context hierarchy
2019-07-10 22:39:26.677 INFO [main]o.s.w.s.m.method.annotation.RequestMappingHandlerMapping.register:547 -Mapped "{[/UserAdmin/queryAll]}" onto public java.util.List<com.acong.entity.UserAdmin> com.acong.controller.UserAdminController.queryAll()
2019-07-10 22:39:26.679 INFO [main]o.s.w.s.m.method.annotation.RequestMappingHandlerMapping.register:547 -Mapped "{[/UserAdmin/findUserAdminById]}" onto public com.acong.entity.UserAdmin com.acong.controller.UserAdminController.findUserAdminById(int)
2019-07-10 22:39:26.679 INFO [main]o.s.w.s.m.method.annotation.RequestMappingHandlerMapping.register:547 -Mapped "{[/UserAdmin/updateUserAdmin]}" onto public java.lang.String com.acong.controller.UserAdminController.updateUserAdmin()
2019-07-10 22:39:26.680 INFO [main]o.s.w.s.m.method.annotation.RequestMappingHandlerMapping.register:547 -Mapped "{[/UserAdmin/insertUserAdmin]}" onto public java.lang.String com.acong.controller.UserAdminController.insertUserAdmin()
2019-07-10 22:39:26.680 INFO [main]o.s.w.s.m.method.annotation.RequestMappingHandlerMapping.register:547 -Mapped "{[/UserAdmin/deleteById]}" onto public java.lang.String com.acong.controller.UserAdminController.deleteById(int)
2019-07-10 22:39:26.680 INFO [main]o.s.w.s.m.method.annotation.RequestMappingHandlerMapping.register:547 -Mapped "{[/UserAdmin/findUserAdminByName]}" onto public java.util.List<com.acong.entity.UserAdmin> com.acong.controller.UserAdminController.findUserAdminByName(java.lang.String)
2019-07-10 22:39:26.682 INFO [main]o.s.w.s.m.method.annotation.RequestMappingHandlerMapping.register:547 -Mapped "{[/User/testMap]}" onto public java.util.Map<java.lang.String, java.lang.String> com.acong.controller.UserController.test1()
2019-07-10 22:39:26.682 INFO [main]o.s.w.s.m.method.annotation.RequestMappingHandlerMapping.register:547 -Mapped "{[/User/testList]}" onto public java.util.List<java.lang.String> com.acong.controller.UserController.test2()
2019-07-10 22:39:26.683 INFO [main]o.s.w.s.m.method.annotation.RequestMappingHandlerMapping.register:547 -Mapped "{[/User/queryAll]}" onto public java.util.List<com.acong.entity.User> com.acong.controller.UserController.queryAll()
2019-07-10 22:39:26.683 INFO [main]o.s.w.s.m.method.annotation.RequestMappingHandlerMapping.register:547 -Mapped "{[/User/testController]}" onto public java.lang.String com.acong.controller.UserController.testController()
2019-07-10 22:39:26.683 INFO [main]o.s.w.s.m.method.annotation.RequestMappingHandlerMapping.register:547 -Mapped "{[/User/findUserById]}" onto public java.util.Map<java.lang.String, java.lang.Object> com.acong.controller.UserController.findUserById(int)
2019-07-10 22:39:26.684 INFO [main]o.s.w.s.m.method.annotation.RequestMappingHandlerMapping.register:547 -Mapped "{[/User/updateUser]}" onto public java.lang.String com.acong.controller.UserController.updateUser()
2019-07-10 22:39:26.684 INFO [main]o.s.w.s.m.method.annotation.RequestMappingHandlerMapping.register:547 -Mapped "{[/User/deleteUserById]}" onto public java.lang.String com.acong.controller.UserController.deleteUserById(int)
2019-07-10 22:39:26.686 INFO [main]o.s.w.s.m.method.annotation.RequestMappingHandlerMapping.register:547 -Mapped "{[/error]}" onto public org.springframework.http.ResponseEntity<java.util.Map<java.lang.String, java.lang.Object>> org.springframework.boot.autoconfigure.web.servlet.error.BasicErrorController.error(javax.servlet.http.HttpServletRequest)
2019-07-10 22:39:26.687 INFO [main]o.s.w.s.m.method.annotation.RequestMappingHandlerMapping.register:547 -Mapped "{[/error],produces=[text/html]}" onto public org.springframework.web.servlet.ModelAndView org.springframework.boot.autoconfigure.web.servlet.error.BasicErrorController.errorHtml(javax.servlet.http.HttpServletRequest,javax.servlet.http.HttpServletResponse)
2019-07-10 22:39:26.715 INFO [main]o.s.web.servlet.handler.SimpleUrlHandlerMapping.registerHandler:373 -Mapped URL path [/webjars/**] onto handler of type [class org.springframework.web.servlet.resource.ResourceHttpRequestHandler]
2019-07-10 22:39:26.715 INFO [main]o.s.web.servlet.handler.SimpleUrlHandlerMapping.registerHandler:373 -Mapped URL path [/**] onto handler of type [class org.springframework.web.servlet.resource.ResourceHttpRequestHandler]
2019-07-10 22:39:27.124 INFO [main]o.s.jmx.export.annotation.AnnotationMBeanExporter.afterSingletonsInstantiated:433 -Registering beans for JMX exposure on startup
2019-07-10 22:39:27.125 INFO [main]o.s.jmx.export.annotation.AnnotationMBeanExporter.autodetect:895 -Bean with name 'dataSource' has been autodetected for JMX exposure
2019-07-10 22:39:27.131 INFO [main]o.s.jmx.export.annotation.AnnotationMBeanExporter.registerBeanInstance:668 -Located MBean 'dataSource': registering with JMX server as MBean [com.zaxxer.hikari:name=dataSource,type=HikariDataSource]
2019-07-10 22:39:27.141 INFO [main]org.apache.coyote.http11.Http11NioProtocol.log:180 -Starting ProtocolHandler ["http-nio-8081"]
2019-07-10 22:39:27.161 INFO [main]org.apache.tomcat.util.net.NioSelectorPool.log:180 -Using a shared selector for servlet write/read
2019-07-10 22:39:27.175 INFO [main]o.s.boot.web.embedded.tomcat.TomcatWebServer.start:206 -Tomcat started on port(s): 8081 (http) with context path ''
2019-07-10 22:39:27.180 INFO [main]com.acong.MainApp.logStarted:59 -Started MainApp in 23.083 seconds (JVM running for 28.793)
2019-07-10 22:39:42.107 INFO [http-nio-8081-exec-1]o.a.catalina.core.ContainerBase.[Tomcat].[localhost].[/].log:180 -Initializing Spring FrameworkServlet 'dispatcherServlet'
2019-07-10 22:39:42.107 INFO [http-nio-8081-exec-1]org.springframework.web.servlet.DispatcherServlet.initServletBean:494 -FrameworkServlet 'dispatcherServlet': initialization started
2019-07-10 22:39:42.124 INFO [http-nio-8081-exec-1]org.springframework.web.servlet.DispatcherServlet.initServletBean:509 -FrameworkServlet 'dispatcherServlet': initialization completed in 16 ms
2019-07-10 22:39:42.177 INFO [http-nio-8081-exec-1]com.zaxxer.hikari.HikariDataSource.getConnection:110 -HikariPool-1 - Starting...
2019-07-10 22:39:42.821 INFO [http-nio-8081-exec-1]com.zaxxer.hikari.HikariDataSource.getConnection:123 -HikariPool-1 - Start completed.
2019-07-10 22:39:42.871 DEBUG[http-nio-8081-exec-1]com.acong.dao.UserAdminDao.updateUserAdmin.debug:159 -==>  Preparing: update useradmin set user_name = ?, user_password = ? WHERE user_id = ? 
2019-07-10 22:39:42.894 DEBUG[http-nio-8081-exec-1]com.acong.dao.UserAdminDao.updateUserAdmin.debug:159 -==> Parameters: zhyn(String), 85885849(String), 1(Integer)
2019-07-10 22:39:42.919 DEBUG[http-nio-8081-exec-1]com.acong.dao.UserAdminDao.updateUserAdmin.debug:159 -<==    Updates: 1
