2019-06-21 16:01:15.918 INFO [main]com.acong.MainApp.logStarting:50 -Starting MainApp on zhaoyanandeMacBook-Pro.local with PID 3526 (/Users/zhaoyanan/code/springboot_redis/target/classes started by zhaoyanan in /Users/zhaoyanan/code/springboot_redis)
2019-06-21 16:01:15.923 INFO [main]com.acong.MainApp.logStartupProfileInfo:659 -No active profile set, falling back to default profiles: default
2019-06-21 16:01:15.970 INFO [main]o.s.b.w.s.c.AnnotationConfigServletWebServerApplicationContext.prepareRefresh:590 -Refreshing org.springframework.boot.web.servlet.context.AnnotationConfigServletWebServerApplicationContext@488d1cd7: startup date [Fri Jun 21 16:01:15 CST 2019]; root of context hierarchy
2019-06-21 16:01:16.573 INFO [main]o.s.d.repository.config.RepositoryConfigurationDelegate.multipleStoresDetected:163 -Multiple Spring Data modules found, entering strict repository configuration mode!
2019-06-21 16:01:16.949 INFO [main]o.s.c.s.PostProcessorRegistrationDelegate$BeanPostProcessorChecker.postProcessAfterInitialization:328 -Bean 'org.springframework.transaction.annotation.ProxyTransactionManagementConfiguration' of type [org.springframework.transaction.annotation.ProxyTransactionManagementConfiguration$$EnhancerBySpringCGLIB$$79adaa2d] is not eligible for getting processed by all BeanPostProcessors (for example: not eligible for auto-proxying)
2019-06-21 16:01:17.246 INFO [main]o.s.boot.web.embedded.tomcat.TomcatWebServer.initialize:91 -Tomcat initialized with port(s): 8081 (http)
2019-06-21 16:01:17.263 INFO [main]org.apache.coyote.http11.Http11NioProtocol.log:180 -Initializing ProtocolHandler ["http-nio-8081"]
2019-06-21 16:01:17.275 INFO [main]org.apache.catalina.core.StandardService.log:180 -Starting service [Tomcat]
2019-06-21 16:01:17.276 INFO [main]org.apache.catalina.core.StandardEngine.log:180 -Starting Servlet Engine: Apache Tomcat/8.5.29
2019-06-21 16:01:17.283 INFO [localhost-startStop-1]org.apache.catalina.core.AprLifecycleListener.log:180 -The APR based Apache Tomcat Native library which allows optimal performance in production environments was not found on the java.library.path: [/Users/zhaoyanan/Library/Java/Extensions:/Library/Java/Extensions:/Network/Library/Java/Extensions:/System/Library/Java/Extensions:/usr/lib/java:.]
2019-06-21 16:01:17.382 INFO [localhost-startStop-1]o.a.catalina.core.ContainerBase.[Tomcat].[localhost].[/].log:180 -Initializing Spring embedded WebApplicationContext
2019-06-21 16:01:17.383 INFO [localhost-startStop-1]org.springframework.web.context.ContextLoader.prepareWebApplicationContext:285 -Root WebApplicationContext: initialization completed in 1413 ms
2019-06-21 16:01:17.504 INFO [localhost-startStop-1]o.s.boot.web.servlet.ServletRegistrationBean.addRegistration:185 -Servlet dispatcherServlet mapped to [/]
2019-06-21 16:01:17.510 INFO [localhost-startStop-1]o.s.boot.web.servlet.FilterRegistrationBean.configure:244 -Mapping filter: 'characterEncodingFilter' to: [/*]
2019-06-21 16:01:17.513 INFO [localhost-startStop-1]o.s.boot.web.servlet.FilterRegistrationBean.configure:244 -Mapping filter: 'hiddenHttpMethodFilter' to: [/*]
2019-06-21 16:01:17.516 INFO [localhost-startStop-1]o.s.boot.web.servlet.FilterRegistrationBean.configure:244 -Mapping filter: 'httpPutFormContentFilter' to: [/*]
2019-06-21 16:01:17.517 INFO [localhost-startStop-1]o.s.boot.web.servlet.FilterRegistrationBean.configure:244 -Mapping filter: 'requestContextFilter' to: [/*]
2019-06-21 16:01:18.338 INFO [main]o.s.web.servlet.handler.SimpleUrlHandlerMapping.registerHandler:373 -Mapped URL path [/**/favicon.ico] onto handler of type [class org.springframework.web.servlet.resource.ResourceHttpRequestHandler]
2019-06-21 16:01:18.569 INFO [main]o.s.w.s.m.method.annotation.RequestMappingHandlerAdapter.initControllerAdviceCache:574 -Looking for @ControllerAdvice: org.springframework.boot.web.servlet.context.AnnotationConfigServletWebServerApplicationContext@488d1cd7: startup date [Fri Jun 21 16:01:15 CST 2019]; root of context hierarchy
2019-06-21 16:01:18.627 INFO [main]o.s.w.s.m.method.annotation.RequestMappingHandlerMapping.register:547 -Mapped "{[/UserAdmin/queryAll]}" onto public java.util.List<com.acong.entity.UserAdmin> com.acong.controller.UserAdminController.queryAll()
2019-06-21 16:01:18.629 INFO [main]o.s.w.s.m.method.annotation.RequestMappingHandlerMapping.register:547 -Mapped "{[/UserAdmin/findUserAdminById]}" onto public com.acong.entity.UserAdmin com.acong.controller.UserAdminController.findUserAdminById(int)
2019-06-21 16:01:18.630 INFO [main]o.s.w.s.m.method.annotation.RequestMappingHandlerMapping.register:547 -Mapped "{[/UserAdmin/updateUserAdmin]}" onto public java.lang.String com.acong.controller.UserAdminController.updateUserAdmin()
2019-06-21 16:01:18.630 INFO [main]o.s.w.s.m.method.annotation.RequestMappingHandlerMapping.register:547 -Mapped "{[/UserAdmin/insertUserAdmin]}" onto public java.lang.String com.acong.controller.UserAdminController.insertUserAdmin()
2019-06-21 16:01:18.630 INFO [main]o.s.w.s.m.method.annotation.RequestMappingHandlerMapping.register:547 -Mapped "{[/UserAdmin/deleteById]}" onto public java.lang.String com.acong.controller.UserAdminController.deleteById(int)
2019-06-21 16:01:18.633 INFO [main]o.s.w.s.m.method.annotation.RequestMappingHandlerMapping.register:547 -Mapped "{[/User/testList]}" onto public java.util.List<java.lang.String> com.acong.controller.UserController.test2()
2019-06-21 16:01:18.633 INFO [main]o.s.w.s.m.method.annotation.RequestMappingHandlerMapping.register:547 -Mapped "{[/User/testMap]}" onto public java.util.Map<java.lang.String, java.lang.String> com.acong.controller.UserController.test1()
2019-06-21 16:01:18.634 INFO [main]o.s.w.s.m.method.annotation.RequestMappingHandlerMapping.register:547 -Mapped "{[/User/testController]}" onto public java.lang.String com.acong.controller.UserController.testController()
2019-06-21 16:01:18.634 INFO [main]o.s.w.s.m.method.annotation.RequestMappingHandlerMapping.register:547 -Mapped "{[/User/queryAll]}" onto public java.util.List<com.acong.entity.User> com.acong.controller.UserController.queryAll()
2019-06-21 16:01:18.634 INFO [main]o.s.w.s.m.method.annotation.RequestMappingHandlerMapping.register:547 -Mapped "{[/User/findUserById]}" onto public java.util.Map<java.lang.String, java.lang.Object> com.acong.controller.UserController.findUserById(int)
2019-06-21 16:01:18.635 INFO [main]o.s.w.s.m.method.annotation.RequestMappingHandlerMapping.register:547 -Mapped "{[/User/updateUser]}" onto public java.lang.String com.acong.controller.UserController.updateUser()
2019-06-21 16:01:18.635 INFO [main]o.s.w.s.m.method.annotation.RequestMappingHandlerMapping.register:547 -Mapped "{[/User/deleteUserById]}" onto public java.lang.String com.acong.controller.UserController.deleteUserById(int)
2019-06-21 16:01:18.637 INFO [main]o.s.w.s.m.method.annotation.RequestMappingHandlerMapping.register:547 -Mapped "{[/error]}" onto public org.springframework.http.ResponseEntity<java.util.Map<java.lang.String, java.lang.Object>> org.springframework.boot.autoconfigure.web.servlet.error.BasicErrorController.error(javax.servlet.http.HttpServletRequest)
2019-06-21 16:01:18.638 INFO [main]o.s.w.s.m.method.annotation.RequestMappingHandlerMapping.register:547 -Mapped "{[/error],produces=[text/html]}" onto public org.springframework.web.servlet.ModelAndView org.springframework.boot.autoconfigure.web.servlet.error.BasicErrorController.errorHtml(javax.servlet.http.HttpServletRequest,javax.servlet.http.HttpServletResponse)
2019-06-21 16:01:18.662 INFO [main]o.s.web.servlet.handler.SimpleUrlHandlerMapping.registerHandler:373 -Mapped URL path [/webjars/**] onto handler of type [class org.springframework.web.servlet.resource.ResourceHttpRequestHandler]
2019-06-21 16:01:18.662 INFO [main]o.s.web.servlet.handler.SimpleUrlHandlerMapping.registerHandler:373 -Mapped URL path [/**] onto handler of type [class org.springframework.web.servlet.resource.ResourceHttpRequestHandler]
2019-06-21 16:01:19.084 INFO [main]o.s.jmx.export.annotation.AnnotationMBeanExporter.afterSingletonsInstantiated:433 -Registering beans for JMX exposure on startup
2019-06-21 16:01:19.085 INFO [main]o.s.jmx.export.annotation.AnnotationMBeanExporter.autodetect:895 -Bean with name 'dataSource' has been autodetected for JMX exposure
2019-06-21 16:01:19.091 INFO [main]o.s.jmx.export.annotation.AnnotationMBeanExporter.registerBeanInstance:668 -Located MBean 'dataSource': registering with JMX server as MBean [com.zaxxer.hikari:name=dataSource,type=HikariDataSource]
2019-06-21 16:01:19.103 INFO [main]org.apache.coyote.http11.Http11NioProtocol.log:180 -Starting ProtocolHandler ["http-nio-8081"]
2019-06-21 16:01:19.127 INFO [main]org.apache.tomcat.util.net.NioSelectorPool.log:180 -Using a shared selector for servlet write/read
2019-06-21 16:01:19.142 INFO [main]o.s.boot.web.embedded.tomcat.TomcatWebServer.start:206 -Tomcat started on port(s): 8081 (http) with context path ''
2019-06-21 16:01:19.146 INFO [main]com.acong.MainApp.logStarted:59 -Started MainApp in 23.774 seconds (JVM running for 30.288)
2019-06-21 16:01:39.628 INFO [http-nio-8081-exec-1]o.a.catalina.core.ContainerBase.[Tomcat].[localhost].[/].log:180 -Initializing Spring FrameworkServlet 'dispatcherServlet'
2019-06-21 16:01:39.628 INFO [http-nio-8081-exec-1]org.springframework.web.servlet.DispatcherServlet.initServletBean:494 -FrameworkServlet 'dispatcherServlet': initialization started
2019-06-21 16:01:39.652 INFO [http-nio-8081-exec-1]org.springframework.web.servlet.DispatcherServlet.initServletBean:509 -FrameworkServlet 'dispatcherServlet': initialization completed in 24 ms
2019-06-21 16:19:46.984 INFO [Thread-50]o.s.b.w.s.c.AnnotationConfigServletWebServerApplicationContext.doClose:993 -Closing org.springframework.boot.web.servlet.context.AnnotationConfigServletWebServerApplicationContext@488d1cd7: startup date [Fri Jun 21 16:01:15 CST 2019]; root of context hierarchy
2019-06-21 16:19:46.992 INFO [Thread-50]o.s.jmx.export.annotation.AnnotationMBeanExporter.destroy:451 -Unregistering JMX-exposed beans on shutdown
2019-06-21 16:19:46.993 INFO [Thread-50]o.s.jmx.export.annotation.AnnotationMBeanExporter.unregisterBeans:183 -Unregistering JMX-exposed beans
2019-06-21 16:20:26.555 INFO [main]com.acong.MainApp.logStarting:50 -Starting MainApp on zhaoyanandeMacBook-Pro.local with PID 3666 (/Users/zhaoyanan/code/springboot_redis/target/classes started by zhaoyanan in /Users/zhaoyanan/code/springboot_redis)
2019-06-21 16:20:26.559 INFO [main]com.acong.MainApp.logStartupProfileInfo:659 -No active profile set, falling back to default profiles: default
2019-06-21 16:20:26.591 INFO [main]o.s.b.w.s.c.AnnotationConfigServletWebServerApplicationContext.prepareRefresh:590 -Refreshing org.springframework.boot.web.servlet.context.AnnotationConfigServletWebServerApplicationContext@babafc2: startup date [Fri Jun 21 16:20:26 CST 2019]; root of context hierarchy
2019-06-21 16:20:27.004 INFO [main]o.s.d.repository.config.RepositoryConfigurationDelegate.multipleStoresDetected:163 -Multiple Spring Data modules found, entering strict repository configuration mode!
2019-06-21 16:20:27.301 INFO [main]o.s.c.s.PostProcessorRegistrationDelegate$BeanPostProcessorChecker.postProcessAfterInitialization:328 -Bean 'org.springframework.transaction.annotation.ProxyTransactionManagementConfiguration' of type [org.springframework.transaction.annotation.ProxyTransactionManagementConfiguration$$EnhancerBySpringCGLIB$$5956af82] is not eligible for getting processed by all BeanPostProcessors (for example: not eligible for auto-proxying)
2019-06-21 16:20:27.541 INFO [main]o.s.boot.web.embedded.tomcat.TomcatWebServer.initialize:91 -Tomcat initialized with port(s): 8081 (http)
2019-06-21 16:20:27.555 INFO [main]org.apache.coyote.http11.Http11NioProtocol.log:180 -Initializing ProtocolHandler ["http-nio-8081"]
2019-06-21 16:20:27.563 INFO [main]org.apache.catalina.core.StandardService.log:180 -Starting service [Tomcat]
2019-06-21 16:20:27.564 INFO [main]org.apache.catalina.core.StandardEngine.log:180 -Starting Servlet Engine: Apache Tomcat/8.5.29
2019-06-21 16:20:27.568 INFO [localhost-startStop-1]org.apache.catalina.core.AprLifecycleListener.log:180 -The APR based Apache Tomcat Native library which allows optimal performance in production environments was not found on the java.library.path: [/Users/zhaoyanan/Library/Java/Extensions:/Library/Java/Extensions:/Network/Library/Java/Extensions:/System/Library/Java/Extensions:/usr/lib/java:.]
2019-06-21 16:20:27.657 INFO [localhost-startStop-1]o.a.catalina.core.ContainerBase.[Tomcat].[localhost].[/].log:180 -Initializing Spring embedded WebApplicationContext
2019-06-21 16:20:27.658 INFO [localhost-startStop-1]org.springframework.web.context.ContextLoader.prepareWebApplicationContext:285 -Root WebApplicationContext: initialization completed in 1067 ms
2019-06-21 16:20:27.777 INFO [localhost-startStop-1]o.s.boot.web.servlet.ServletRegistrationBean.addRegistration:185 -Servlet dispatcherServlet mapped to [/]
2019-06-21 16:20:27.783 INFO [localhost-startStop-1]o.s.boot.web.servlet.FilterRegistrationBean.configure:244 -Mapping filter: 'characterEncodingFilter' to: [/*]
2019-06-21 16:20:27.784 INFO [localhost-startStop-1]o.s.boot.web.servlet.FilterRegistrationBean.configure:244 -Mapping filter: 'hiddenHttpMethodFilter' to: [/*]
2019-06-21 16:20:27.784 INFO [localhost-startStop-1]o.s.boot.web.servlet.FilterRegistrationBean.configure:244 -Mapping filter: 'httpPutFormContentFilter' to: [/*]
2019-06-21 16:20:27.784 INFO [localhost-startStop-1]o.s.boot.web.servlet.FilterRegistrationBean.configure:244 -Mapping filter: 'requestContextFilter' to: [/*]
2019-06-21 16:20:28.410 INFO [main]o.s.web.servlet.handler.SimpleUrlHandlerMapping.registerHandler:373 -Mapped URL path [/**/favicon.ico] onto handler of type [class org.springframework.web.servlet.resource.ResourceHttpRequestHandler]
2019-06-21 16:20:28.607 INFO [main]o.s.w.s.m.method.annotation.RequestMappingHandlerAdapter.initControllerAdviceCache:574 -Looking for @ControllerAdvice: org.springframework.boot.web.servlet.context.AnnotationConfigServletWebServerApplicationContext@babafc2: startup date [Fri Jun 21 16:20:26 CST 2019]; root of context hierarchy
2019-06-21 16:20:28.660 INFO [main]o.s.w.s.m.method.annotation.RequestMappingHandlerMapping.register:547 -Mapped "{[/UserAdmin/queryAll]}" onto public java.util.List<com.acong.entity.UserAdmin> com.acong.controller.UserAdminController.queryAll()
2019-06-21 16:20:28.662 INFO [main]o.s.w.s.m.method.annotation.RequestMappingHandlerMapping.register:547 -Mapped "{[/UserAdmin/findUserAdminById]}" onto public com.acong.entity.UserAdmin com.acong.controller.UserAdminController.findUserAdminById(int)
2019-06-21 16:20:28.662 INFO [main]o.s.w.s.m.method.annotation.RequestMappingHandlerMapping.register:547 -Mapped "{[/UserAdmin/updateUserAdmin]}" onto public java.lang.String com.acong.controller.UserAdminController.updateUserAdmin()
2019-06-21 16:20:28.663 INFO [main]o.s.w.s.m.method.annotation.RequestMappingHandlerMapping.register:547 -Mapped "{[/UserAdmin/insertUserAdmin]}" onto public java.lang.String com.acong.controller.UserAdminController.insertUserAdmin()
2019-06-21 16:20:28.663 INFO [main]o.s.w.s.m.method.annotation.RequestMappingHandlerMapping.register:547 -Mapped "{[/UserAdmin/deleteById]}" onto public java.lang.String com.acong.controller.UserAdminController.deleteById(int)
2019-06-21 16:20:28.665 INFO [main]o.s.w.s.m.method.annotation.RequestMappingHandlerMapping.register:547 -Mapped "{[/User/queryAll]}" onto public java.util.List<com.acong.entity.User> com.acong.controller.UserController.queryAll()
2019-06-21 16:20:28.665 INFO [main]o.s.w.s.m.method.annotation.RequestMappingHandlerMapping.register:547 -Mapped "{[/User/testList]}" onto public java.util.List<java.lang.String> com.acong.controller.UserController.test2()
2019-06-21 16:20:28.665 INFO [main]o.s.w.s.m.method.annotation.RequestMappingHandlerMapping.register:547 -Mapped "{[/User/testMap]}" onto public java.util.Map<java.lang.String, java.lang.String> com.acong.controller.UserController.test1()
2019-06-21 16:20:28.666 INFO [main]o.s.w.s.m.method.annotation.RequestMappingHandlerMapping.register:547 -Mapped "{[/User/testController]}" onto public java.lang.String com.acong.controller.UserController.testController()
2019-06-21 16:20:28.666 INFO [main]o.s.w.s.m.method.annotation.RequestMappingHandlerMapping.register:547 -Mapped "{[/User/findUserById]}" onto public java.util.Map<java.lang.String, java.lang.Object> com.acong.controller.UserController.findUserById(int)
2019-06-21 16:20:28.666 INFO [main]o.s.w.s.m.method.annotation.RequestMappingHandlerMapping.register:547 -Mapped "{[/User/updateUser]}" onto public java.lang.String com.acong.controller.UserController.updateUser()
2019-06-21 16:20:28.667 INFO [main]o.s.w.s.m.method.annotation.RequestMappingHandlerMapping.register:547 -Mapped "{[/User/deleteUserById]}" onto public java.lang.String com.acong.controller.UserController.deleteUserById(int)
2019-06-21 16:20:28.669 INFO [main]o.s.w.s.m.method.annotation.RequestMappingHandlerMapping.register:547 -Mapped "{[/error]}" onto public org.springframework.http.ResponseEntity<java.util.Map<java.lang.String, java.lang.Object>> org.springframework.boot.autoconfigure.web.servlet.error.BasicErrorController.error(javax.servlet.http.HttpServletRequest)
2019-06-21 16:20:28.669 INFO [main]o.s.w.s.m.method.annotation.RequestMappingHandlerMapping.register:547 -Mapped "{[/error],produces=[text/html]}" onto public org.springframework.web.servlet.ModelAndView org.springframework.boot.autoconfigure.web.servlet.error.BasicErrorController.errorHtml(javax.servlet.http.HttpServletRequest,javax.servlet.http.HttpServletResponse)
2019-06-21 16:20:28.693 INFO [main]o.s.web.servlet.handler.SimpleUrlHandlerMapping.registerHandler:373 -Mapped URL path [/webjars/**] onto handler of type [class org.springframework.web.servlet.resource.ResourceHttpRequestHandler]
2019-06-21 16:20:28.693 INFO [main]o.s.web.servlet.handler.SimpleUrlHandlerMapping.registerHandler:373 -Mapped URL path [/**] onto handler of type [class org.springframework.web.servlet.resource.ResourceHttpRequestHandler]
2019-06-21 16:20:29.084 INFO [main]o.s.jmx.export.annotation.AnnotationMBeanExporter.afterSingletonsInstantiated:433 -Registering beans for JMX exposure on startup
2019-06-21 16:20:29.085 INFO [main]o.s.jmx.export.annotation.AnnotationMBeanExporter.autodetect:895 -Bean with name 'dataSource' has been autodetected for JMX exposure
2019-06-21 16:20:29.091 INFO [main]o.s.jmx.export.annotation.AnnotationMBeanExporter.registerBeanInstance:668 -Located MBean 'dataSource': registering with JMX server as MBean [com.zaxxer.hikari:name=dataSource,type=HikariDataSource]
2019-06-21 16:20:29.101 INFO [main]org.apache.coyote.http11.Http11NioProtocol.log:180 -Starting ProtocolHandler ["http-nio-8081"]
2019-06-21 16:20:29.123 INFO [main]org.apache.tomcat.util.net.NioSelectorPool.log:180 -Using a shared selector for servlet write/read
2019-06-21 16:20:29.135 INFO [main]o.s.boot.web.embedded.tomcat.TomcatWebServer.start:206 -Tomcat started on port(s): 8081 (http) with context path ''
2019-06-21 16:20:29.139 INFO [main]com.acong.MainApp.logStarted:59 -Started MainApp in 22.995 seconds (JVM running for 28.739)
2019-06-21 16:20:44.976 INFO [http-nio-8081-exec-1]o.a.catalina.core.ContainerBase.[Tomcat].[localhost].[/].log:180 -Initializing Spring FrameworkServlet 'dispatcherServlet'
2019-06-21 16:20:44.976 INFO [http-nio-8081-exec-1]org.springframework.web.servlet.DispatcherServlet.initServletBean:494 -FrameworkServlet 'dispatcherServlet': initialization started
2019-06-21 16:20:44.998 INFO [http-nio-8081-exec-1]org.springframework.web.servlet.DispatcherServlet.initServletBean:509 -FrameworkServlet 'dispatcherServlet': initialization completed in 21 ms
2019-06-21 16:21:29.328 INFO [http-nio-8081-exec-3]io.lettuce.core.EpollProvider.info:101 -Starting without optional epoll library
2019-06-21 16:21:29.330 INFO [http-nio-8081-exec-3]io.lettuce.core.KqueueProvider.info:101 -Starting without optional kqueue library
2019-06-21 16:21:34.487 INFO [http-nio-8081-exec-3]com.zaxxer.hikari.HikariDataSource.getConnection:110 -HikariPool-1 - Starting...
2019-06-21 16:21:35.195 INFO [http-nio-8081-exec-3]com.zaxxer.hikari.HikariDataSource.getConnection:123 -HikariPool-1 - Start completed.
2019-06-21 16:21:35.205 DEBUG[http-nio-8081-exec-3]com.acong.dao.UserDao.findUserById.debug:159 -==>  Preparing: select * from user where uid = ? 
2019-06-21 16:21:35.223 DEBUG[http-nio-8081-exec-3]com.acong.dao.UserDao.findUserById.debug:159 -==> Parameters: 1(Integer)
2019-06-21 16:21:35.279 DEBUG[http-nio-8081-exec-3]com.acong.dao.UserDao.findUserById.debug:159 -<==      Total: 1
2019-06-21 16:39:15.534 INFO [Thread-49]o.s.b.w.s.c.AnnotationConfigServletWebServerApplicationContext.doClose:993 -Closing org.springframework.boot.web.servlet.context.AnnotationConfigServletWebServerApplicationContext@babafc2: startup date [Fri Jun 21 16:20:26 CST 2019]; root of context hierarchy
2019-06-21 16:39:15.547 INFO [Thread-49]o.s.jmx.export.annotation.AnnotationMBeanExporter.destroy:451 -Unregistering JMX-exposed beans on shutdown
2019-06-21 16:39:15.551 INFO [Thread-49]o.s.jmx.export.annotation.AnnotationMBeanExporter.unregisterBeans:183 -Unregistering JMX-exposed beans
2019-06-21 16:39:16.686 INFO [Thread-49]com.zaxxer.hikari.HikariDataSource.close:381 -HikariPool-1 - Shutdown initiated...
2019-06-21 16:39:16.699 INFO [Thread-49]com.zaxxer.hikari.HikariDataSource.close:383 -HikariPool-1 - Shutdown completed.
2019-06-21 16:39:55.989 INFO [main]com.acong.MainApp.logStarting:50 -Starting MainApp on zhaoyanandeMacBook-Pro.local with PID 3812 (/Users/zhaoyanan/code/springboot_redis/target/classes started by zhaoyanan in /Users/zhaoyanan/code/springboot_redis)
2019-06-21 16:39:55.994 INFO [main]com.acong.MainApp.logStartupProfileInfo:659 -No active profile set, falling back to default profiles: default
2019-06-21 16:39:56.029 INFO [main]o.s.b.w.s.c.AnnotationConfigServletWebServerApplicationContext.prepareRefresh:590 -Refreshing org.springframework.boot.web.servlet.context.AnnotationConfigServletWebServerApplicationContext@20ca951f: startup date [Fri Jun 21 16:39:56 CST 2019]; root of context hierarchy
2019-06-21 16:39:56.440 INFO [main]o.s.d.repository.config.RepositoryConfigurationDelegate.multipleStoresDetected:163 -Multiple Spring Data modules found, entering strict repository configuration mode!
2019-06-21 16:39:56.732 INFO [main]o.s.c.s.PostProcessorRegistrationDelegate$BeanPostProcessorChecker.postProcessAfterInitialization:328 -Bean 'org.springframework.transaction.annotation.ProxyTransactionManagementConfiguration' of type [org.springframework.transaction.annotation.ProxyTransactionManagementConfiguration$$EnhancerBySpringCGLIB$$4098dc36] is not eligible for getting processed by all BeanPostProcessors (for example: not eligible for auto-proxying)
2019-06-21 16:39:56.971 INFO [main]o.s.boot.web.embedded.tomcat.TomcatWebServer.initialize:91 -Tomcat initialized with port(s): 8081 (http)
2019-06-21 16:39:56.984 INFO [main]org.apache.coyote.http11.Http11NioProtocol.log:180 -Initializing ProtocolHandler ["http-nio-8081"]
2019-06-21 16:39:56.993 INFO [main]org.apache.catalina.core.StandardService.log:180 -Starting service [Tomcat]
2019-06-21 16:39:56.993 INFO [main]org.apache.catalina.core.StandardEngine.log:180 -Starting Servlet Engine: Apache Tomcat/8.5.29
2019-06-21 16:39:56.997 INFO [localhost-startStop-1]org.apache.catalina.core.AprLifecycleListener.log:180 -The APR based Apache Tomcat Native library which allows optimal performance in production environments was not found on the java.library.path: [/Users/zhaoyanan/Library/Java/Extensions:/Library/Java/Extensions:/Network/Library/Java/Extensions:/System/Library/Java/Extensions:/usr/lib/java:.]
2019-06-21 16:39:57.091 INFO [localhost-startStop-1]o.a.catalina.core.ContainerBase.[Tomcat].[localhost].[/].log:180 -Initializing Spring embedded WebApplicationContext
2019-06-21 16:39:57.091 INFO [localhost-startStop-1]org.springframework.web.context.ContextLoader.prepareWebApplicationContext:285 -Root WebApplicationContext: initialization completed in 1062 ms
2019-06-21 16:39:57.199 INFO [localhost-startStop-1]o.s.boot.web.servlet.ServletRegistrationBean.addRegistration:185 -Servlet dispatcherServlet mapped to [/]
2019-06-21 16:39:57.208 INFO [localhost-startStop-1]o.s.boot.web.servlet.FilterRegistrationBean.configure:244 -Mapping filter: 'characterEncodingFilter' to: [/*]
2019-06-21 16:39:57.208 INFO [localhost-startStop-1]o.s.boot.web.servlet.FilterRegistrationBean.configure:244 -Mapping filter: 'hiddenHttpMethodFilter' to: [/*]
2019-06-21 16:39:57.208 INFO [localhost-startStop-1]o.s.boot.web.servlet.FilterRegistrationBean.configure:244 -Mapping filter: 'httpPutFormContentFilter' to: [/*]
2019-06-21 16:39:57.208 INFO [localhost-startStop-1]o.s.boot.web.servlet.FilterRegistrationBean.configure:244 -Mapping filter: 'requestContextFilter' to: [/*]
2019-06-21 16:39:57.875 INFO [main]o.s.web.servlet.handler.SimpleUrlHandlerMapping.registerHandler:373 -Mapped URL path [/**/favicon.ico] onto handler of type [class org.springframework.web.servlet.resource.ResourceHttpRequestHandler]
2019-06-21 16:39:58.099 INFO [main]o.s.w.s.m.method.annotation.RequestMappingHandlerAdapter.initControllerAdviceCache:574 -Looking for @ControllerAdvice: org.springframework.boot.web.servlet.context.AnnotationConfigServletWebServerApplicationContext@20ca951f: startup date [Fri Jun 21 16:39:56 CST 2019]; root of context hierarchy
2019-06-21 16:39:58.148 INFO [main]o.s.w.s.m.method.annotation.RequestMappingHandlerMapping.register:547 -Mapped "{[/UserAdmin/queryAll]}" onto public java.util.List<com.acong.entity.UserAdmin> com.acong.controller.UserAdminController.queryAll()
2019-06-21 16:39:58.150 INFO [main]o.s.w.s.m.method.annotation.RequestMappingHandlerMapping.register:547 -Mapped "{[/UserAdmin/findUserAdminById]}" onto public com.acong.entity.UserAdmin com.acong.controller.UserAdminController.findUserAdminById(int)
2019-06-21 16:39:58.151 INFO [main]o.s.w.s.m.method.annotation.RequestMappingHandlerMapping.register:547 -Mapped "{[/UserAdmin/updateUserAdmin]}" onto public java.lang.String com.acong.controller.UserAdminController.updateUserAdmin()
2019-06-21 16:39:58.151 INFO [main]o.s.w.s.m.method.annotation.RequestMappingHandlerMapping.register:547 -Mapped "{[/UserAdmin/insertUserAdmin]}" onto public java.lang.String com.acong.controller.UserAdminController.insertUserAdmin()
2019-06-21 16:39:58.152 INFO [main]o.s.w.s.m.method.annotation.RequestMappingHandlerMapping.register:547 -Mapped "{[/UserAdmin/deleteById]}" onto public java.lang.String com.acong.controller.UserAdminController.deleteById(int)
2019-06-21 16:39:58.154 INFO [main]o.s.w.s.m.method.annotation.RequestMappingHandlerMapping.register:547 -Mapped "{[/User/testMap]}" onto public java.util.Map<java.lang.String, java.lang.String> com.acong.controller.UserController.test1()
2019-06-21 16:39:58.154 INFO [main]o.s.w.s.m.method.annotation.RequestMappingHandlerMapping.register:547 -Mapped "{[/User/queryAll]}" onto public java.util.List<com.acong.entity.User> com.acong.controller.UserController.queryAll()
2019-06-21 16:39:58.155 INFO [main]o.s.w.s.m.method.annotation.RequestMappingHandlerMapping.register:547 -Mapped "{[/User/testList]}" onto public java.util.List<java.lang.String> com.acong.controller.UserController.test2()
2019-06-21 16:39:58.155 INFO [main]o.s.w.s.m.method.annotation.RequestMappingHandlerMapping.register:547 -Mapped "{[/User/testController]}" onto public java.lang.String com.acong.controller.UserController.testController()
2019-06-21 16:39:58.155 INFO [main]o.s.w.s.m.method.annotation.RequestMappingHandlerMapping.register:547 -Mapped "{[/User/findUserById]}" onto public java.util.Map<java.lang.String, java.lang.Object> com.acong.controller.UserController.findUserById(int)
2019-06-21 16:39:58.156 INFO [main]o.s.w.s.m.method.annotation.RequestMappingHandlerMapping.register:547 -Mapped "{[/User/updateUser]}" onto public java.lang.String com.acong.controller.UserController.updateUser()
2019-06-21 16:39:58.156 INFO [main]o.s.w.s.m.method.annotation.RequestMappingHandlerMapping.register:547 -Mapped "{[/User/deleteUserById]}" onto public java.lang.String com.acong.controller.UserController.deleteUserById(int)
2019-06-21 16:39:58.158 INFO [main]o.s.w.s.m.method.annotation.RequestMappingHandlerMapping.register:547 -Mapped "{[/error]}" onto public org.springframework.http.ResponseEntity<java.util.Map<java.lang.String, java.lang.Object>> org.springframework.boot.autoconfigure.web.servlet.error.BasicErrorController.error(javax.servlet.http.HttpServletRequest)
2019-06-21 16:39:58.159 INFO [main]o.s.w.s.m.method.annotation.RequestMappingHandlerMapping.register:547 -Mapped "{[/error],produces=[text/html]}" onto public org.springframework.web.servlet.ModelAndView org.springframework.boot.autoconfigure.web.servlet.error.BasicErrorController.errorHtml(javax.servlet.http.HttpServletRequest,javax.servlet.http.HttpServletResponse)
2019-06-21 16:39:58.188 INFO [main]o.s.web.servlet.handler.SimpleUrlHandlerMapping.registerHandler:373 -Mapped URL path [/webjars/**] onto handler of type [class org.springframework.web.servlet.resource.ResourceHttpRequestHandler]
2019-06-21 16:39:58.188 INFO [main]o.s.web.servlet.handler.SimpleUrlHandlerMapping.registerHandler:373 -Mapped URL path [/**] onto handler of type [class org.springframework.web.servlet.resource.ResourceHttpRequestHandler]
2019-06-21 16:39:58.764 INFO [main]o.s.jmx.export.annotation.AnnotationMBeanExporter.afterSingletonsInstantiated:433 -Registering beans for JMX exposure on startup
2019-06-21 16:39:58.765 INFO [main]o.s.jmx.export.annotation.AnnotationMBeanExporter.autodetect:895 -Bean with name 'dataSource' has been autodetected for JMX exposure
2019-06-21 16:39:58.771 INFO [main]o.s.jmx.export.annotation.AnnotationMBeanExporter.registerBeanInstance:668 -Located MBean 'dataSource': registering with JMX server as MBean [com.zaxxer.hikari:name=dataSource,type=HikariDataSource]
2019-06-21 16:39:58.782 INFO [main]org.apache.coyote.http11.Http11NioProtocol.log:180 -Starting ProtocolHandler ["http-nio-8081"]
2019-06-21 16:39:58.804 INFO [main]org.apache.tomcat.util.net.NioSelectorPool.log:180 -Using a shared selector for servlet write/read
2019-06-21 16:39:58.818 INFO [main]o.s.boot.web.embedded.tomcat.TomcatWebServer.start:206 -Tomcat started on port(s): 8081 (http) with context path ''
2019-06-21 16:39:58.824 INFO [main]com.acong.MainApp.logStarted:59 -Started MainApp in 23.239 seconds (JVM running for 28.882)
2019-06-21 16:44:47.088 INFO [http-nio-8081-exec-1]o.a.catalina.core.ContainerBase.[Tomcat].[localhost].[/].log:180 -Initializing Spring FrameworkServlet 'dispatcherServlet'
2019-06-21 16:44:47.089 INFO [http-nio-8081-exec-1]org.springframework.web.servlet.DispatcherServlet.initServletBean:494 -FrameworkServlet 'dispatcherServlet': initialization started
2019-06-21 16:44:47.105 INFO [http-nio-8081-exec-1]org.springframework.web.servlet.DispatcherServlet.initServletBean:509 -FrameworkServlet 'dispatcherServlet': initialization completed in 16 ms
2019-06-21 16:44:47.213 INFO [http-nio-8081-exec-1]io.lettuce.core.EpollProvider.info:101 -Starting without optional epoll library
2019-06-21 16:44:47.215 INFO [http-nio-8081-exec-1]io.lettuce.core.KqueueProvider.info:101 -Starting without optional kqueue library
2019-06-21 16:44:52.374 INFO [http-nio-8081-exec-1]com.zaxxer.hikari.HikariDataSource.getConnection:110 -HikariPool-1 - Starting...
2019-06-21 16:44:53.152 INFO [http-nio-8081-exec-1]com.zaxxer.hikari.HikariDataSource.getConnection:123 -HikariPool-1 - Start completed.
2019-06-21 16:44:53.162 DEBUG[http-nio-8081-exec-1]com.acong.dao.UserAdminDao.findUserAdminById.debug:159 -==>  Preparing: select * from useradmin where user_id = ? 
2019-06-21 16:44:53.178 DEBUG[http-nio-8081-exec-1]com.acong.dao.UserAdminDao.findUserAdminById.debug:159 -==> Parameters: 1(Integer)
2019-06-21 16:44:53.221 DEBUG[http-nio-8081-exec-1]com.acong.dao.UserAdminDao.findUserAdminById.debug:159 -<==      Total: 1
2019-06-21 18:17:16.495 INFO [Thread-49]o.s.b.w.s.c.AnnotationConfigServletWebServerApplicationContext.doClose:993 -Closing org.springframework.boot.web.servlet.context.AnnotationConfigServletWebServerApplicationContext@20ca951f: startup date [Fri Jun 21 16:39:56 CST 2019]; root of context hierarchy
2019-06-21 18:17:16.512 INFO [Thread-49]o.s.jmx.export.annotation.AnnotationMBeanExporter.destroy:451 -Unregistering JMX-exposed beans on shutdown
2019-06-21 18:17:16.514 INFO [Thread-49]o.s.jmx.export.annotation.AnnotationMBeanExporter.unregisterBeans:183 -Unregistering JMX-exposed beans
2019-06-21 18:17:17.650 INFO [Thread-49]com.zaxxer.hikari.HikariDataSource.close:381 -HikariPool-1 - Shutdown initiated...
2019-06-21 18:17:17.656 INFO [Thread-49]com.zaxxer.hikari.HikariDataSource.close:383 -HikariPool-1 - Shutdown completed.
2019-06-21 18:17:57.237 INFO [main]com.acong.MainApp.logStarting:50 -Starting MainApp on zhaoyanandeMacBook-Pro.local with PID 4586 (/Users/zhaoyanan/code/springboot_redis/target/classes started by zhaoyanan in /Users/zhaoyanan/code/springboot_redis)
2019-06-21 18:17:57.241 INFO [main]com.acong.MainApp.logStartupProfileInfo:659 -No active profile set, falling back to default profiles: default
2019-06-21 18:17:57.272 INFO [main]o.s.b.w.s.c.AnnotationConfigServletWebServerApplicationContext.prepareRefresh:590 -Refreshing org.springframework.boot.web.servlet.context.AnnotationConfigServletWebServerApplicationContext@3e74829: startup date [Fri Jun 21 18:17:57 CST 2019]; root of context hierarchy
2019-06-21 18:17:57.681 INFO [main]o.s.d.repository.config.RepositoryConfigurationDelegate.multipleStoresDetected:163 -Multiple Spring Data modules found, entering strict repository configuration mode!
2019-06-21 18:17:57.967 INFO [main]o.s.c.s.PostProcessorRegistrationDelegate$BeanPostProcessorChecker.postProcessAfterInitialization:328 -Bean 'org.springframework.transaction.annotation.ProxyTransactionManagementConfiguration' of type [org.springframework.transaction.annotation.ProxyTransactionManagementConfiguration$$EnhancerBySpringCGLIB$$7bfa6936] is not eligible for getting processed by all BeanPostProcessors (for example: not eligible for auto-proxying)
2019-06-21 18:17:58.202 INFO [main]o.s.boot.web.embedded.tomcat.TomcatWebServer.initialize:91 -Tomcat initialized with port(s): 8081 (http)
2019-06-21 18:17:58.214 INFO [main]org.apache.coyote.http11.Http11NioProtocol.log:180 -Initializing ProtocolHandler ["http-nio-8081"]
2019-06-21 18:17:58.223 INFO [main]org.apache.catalina.core.StandardService.log:180 -Starting service [Tomcat]
2019-06-21 18:17:58.224 INFO [main]org.apache.catalina.core.StandardEngine.log:180 -Starting Servlet Engine: Apache Tomcat/8.5.29
2019-06-21 18:17:58.228 INFO [localhost-startStop-1]org.apache.catalina.core.AprLifecycleListener.log:180 -The APR based Apache Tomcat Native library which allows optimal performance in production environments was not found on the java.library.path: [/Users/zhaoyanan/Library/Java/Extensions:/Library/Java/Extensions:/Network/Library/Java/Extensions:/System/Library/Java/Extensions:/usr/lib/java:.]
2019-06-21 18:17:58.314 INFO [localhost-startStop-1]o.a.catalina.core.ContainerBase.[Tomcat].[localhost].[/].log:180 -Initializing Spring embedded WebApplicationContext
2019-06-21 18:17:58.315 INFO [localhost-startStop-1]org.springframework.web.context.ContextLoader.prepareWebApplicationContext:285 -Root WebApplicationContext: initialization completed in 1043 ms
2019-06-21 18:17:58.405 INFO [localhost-startStop-1]o.s.boot.web.servlet.ServletRegistrationBean.addRegistration:185 -Servlet dispatcherServlet mapped to [/]
2019-06-21 18:17:58.414 INFO [localhost-startStop-1]o.s.boot.web.servlet.FilterRegistrationBean.configure:244 -Mapping filter: 'characterEncodingFilter' to: [/*]
2019-06-21 18:17:58.414 INFO [localhost-startStop-1]o.s.boot.web.servlet.FilterRegistrationBean.configure:244 -Mapping filter: 'hiddenHttpMethodFilter' to: [/*]
2019-06-21 18:17:58.414 INFO [localhost-startStop-1]o.s.boot.web.servlet.FilterRegistrationBean.configure:244 -Mapping filter: 'httpPutFormContentFilter' to: [/*]
2019-06-21 18:17:58.415 INFO [localhost-startStop-1]o.s.boot.web.servlet.FilterRegistrationBean.configure:244 -Mapping filter: 'requestContextFilter' to: [/*]
2019-06-21 18:17:58.991 INFO [main]o.s.web.servlet.handler.SimpleUrlHandlerMapping.registerHandler:373 -Mapped URL path [/**/favicon.ico] onto handler of type [class org.springframework.web.servlet.resource.ResourceHttpRequestHandler]
2019-06-21 18:17:59.176 INFO [main]o.s.w.s.m.method.annotation.RequestMappingHandlerAdapter.initControllerAdviceCache:574 -Looking for @ControllerAdvice: org.springframework.boot.web.servlet.context.AnnotationConfigServletWebServerApplicationContext@3e74829: startup date [Fri Jun 21 18:17:57 CST 2019]; root of context hierarchy
2019-06-21 18:17:59.228 INFO [main]o.s.w.s.m.method.annotation.RequestMappingHandlerMapping.register:547 -Mapped "{[/UserAdmin/queryAll]}" onto public java.util.List<com.acong.entity.UserAdmin> com.acong.controller.UserAdminController.queryAll()
2019-06-21 18:17:59.230 INFO [main]o.s.w.s.m.method.annotation.RequestMappingHandlerMapping.register:547 -Mapped "{[/UserAdmin/findUserAdminById]}" onto public com.acong.entity.UserAdmin com.acong.controller.UserAdminController.findUserAdminById(int)
2019-06-21 18:17:59.231 INFO [main]o.s.w.s.m.method.annotation.RequestMappingHandlerMapping.register:547 -Mapped "{[/UserAdmin/updateUserAdmin]}" onto public java.lang.String com.acong.controller.UserAdminController.updateUserAdmin()
2019-06-21 18:17:59.231 INFO [main]o.s.w.s.m.method.annotation.RequestMappingHandlerMapping.register:547 -Mapped "{[/UserAdmin/insertUserAdmin]}" onto public java.lang.String com.acong.controller.UserAdminController.insertUserAdmin()
2019-06-21 18:17:59.231 INFO [main]o.s.w.s.m.method.annotation.RequestMappingHandlerMapping.register:547 -Mapped "{[/UserAdmin/deleteById]}" onto public java.lang.String com.acong.controller.UserAdminController.deleteById(int)
2019-06-21 18:17:59.233 INFO [main]o.s.w.s.m.method.annotation.RequestMappingHandlerMapping.register:547 -Mapped "{[/User/testMap]}" onto public java.util.Map<java.lang.String, java.lang.String> com.acong.controller.UserController.test1()
2019-06-21 18:17:59.233 INFO [main]o.s.w.s.m.method.annotation.RequestMappingHandlerMapping.register:547 -Mapped "{[/User/queryAll]}" onto public java.util.List<com.acong.entity.User> com.acong.controller.UserController.queryAll()
2019-06-21 18:17:59.233 INFO [main]o.s.w.s.m.method.annotation.RequestMappingHandlerMapping.register:547 -Mapped "{[/User/testController]}" onto public java.lang.String com.acong.controller.UserController.testController()
2019-06-21 18:17:59.234 INFO [main]o.s.w.s.m.method.annotation.RequestMappingHandlerMapping.register:547 -Mapped "{[/User/findUserById]}" onto public java.util.Map<java.lang.String, java.lang.Object> com.acong.controller.UserController.findUserById(int)
2019-06-21 18:17:59.234 INFO [main]o.s.w.s.m.method.annotation.RequestMappingHandlerMapping.register:547 -Mapped "{[/User/updateUser]}" onto public java.lang.String com.acong.controller.UserController.updateUser()
2019-06-21 18:17:59.234 INFO [main]o.s.w.s.m.method.annotation.RequestMappingHandlerMapping.register:547 -Mapped "{[/User/deleteUserById]}" onto public java.lang.String com.acong.controller.UserController.deleteUserById(int)
2019-06-21 18:17:59.235 INFO [main]o.s.w.s.m.method.annotation.RequestMappingHandlerMapping.register:547 -Mapped "{[/User/testList]}" onto public java.util.List<java.lang.String> com.acong.controller.UserController.test2()
2019-06-21 18:17:59.237 INFO [main]o.s.w.s.m.method.annotation.RequestMappingHandlerMapping.register:547 -Mapped "{[/error]}" onto public org.springframework.http.ResponseEntity<java.util.Map<java.lang.String, java.lang.Object>> org.springframework.boot.autoconfigure.web.servlet.error.BasicErrorController.error(javax.servlet.http.HttpServletRequest)
2019-06-21 18:17:59.237 INFO [main]o.s.w.s.m.method.annotation.RequestMappingHandlerMapping.register:547 -Mapped "{[/error],produces=[text/html]}" onto public org.springframework.web.servlet.ModelAndView org.springframework.boot.autoconfigure.web.servlet.error.BasicErrorController.errorHtml(javax.servlet.http.HttpServletRequest,javax.servlet.http.HttpServletResponse)
2019-06-21 18:17:59.260 INFO [main]o.s.web.servlet.handler.SimpleUrlHandlerMapping.registerHandler:373 -Mapped URL path [/webjars/**] onto handler of type [class org.springframework.web.servlet.resource.ResourceHttpRequestHandler]
2019-06-21 18:17:59.260 INFO [main]o.s.web.servlet.handler.SimpleUrlHandlerMapping.registerHandler:373 -Mapped URL path [/**] onto handler of type [class org.springframework.web.servlet.resource.ResourceHttpRequestHandler]
2019-06-21 18:17:59.630 INFO [main]o.s.jmx.export.annotation.AnnotationMBeanExporter.afterSingletonsInstantiated:433 -Registering beans for JMX exposure on startup
2019-06-21 18:17:59.632 INFO [main]o.s.jmx.export.annotation.AnnotationMBeanExporter.autodetect:895 -Bean with name 'dataSource' has been autodetected for JMX exposure
2019-06-21 18:17:59.637 INFO [main]o.s.jmx.export.annotation.AnnotationMBeanExporter.registerBeanInstance:668 -Located MBean 'dataSource': registering with JMX server as MBean [com.zaxxer.hikari:name=dataSource,type=HikariDataSource]
2019-06-21 18:17:59.646 INFO [main]org.apache.coyote.http11.Http11NioProtocol.log:180 -Starting ProtocolHandler ["http-nio-8081"]
2019-06-21 18:17:59.667 INFO [main]org.apache.tomcat.util.net.NioSelectorPool.log:180 -Using a shared selector for servlet write/read
2019-06-21 18:17:59.679 INFO [main]o.s.boot.web.embedded.tomcat.TomcatWebServer.start:206 -Tomcat started on port(s): 8081 (http) with context path ''
2019-06-21 18:17:59.683 INFO [main]com.acong.MainApp.logStarted:59 -Started MainApp in 22.828 seconds (JVM running for 28.488)
2019-06-21 18:18:13.637 INFO [http-nio-8081-exec-1]o.a.catalina.core.ContainerBase.[Tomcat].[localhost].[/].log:180 -Initializing Spring FrameworkServlet 'dispatcherServlet'
2019-06-21 18:18:13.638 INFO [http-nio-8081-exec-1]org.springframework.web.servlet.DispatcherServlet.initServletBean:494 -FrameworkServlet 'dispatcherServlet': initialization started
2019-06-21 18:18:13.655 INFO [http-nio-8081-exec-1]org.springframework.web.servlet.DispatcherServlet.initServletBean:509 -FrameworkServlet 'dispatcherServlet': initialization completed in 17 ms
2019-06-21 18:18:13.759 INFO [http-nio-8081-exec-1]io.lettuce.core.EpollProvider.info:101 -Starting without optional epoll library
2019-06-21 18:18:13.760 INFO [http-nio-8081-exec-1]io.lettuce.core.KqueueProvider.info:101 -Starting without optional kqueue library
2019-06-21 18:18:18.908 INFO [http-nio-8081-exec-1]com.zaxxer.hikari.HikariDataSource.getConnection:110 -HikariPool-1 - Starting...
2019-06-21 18:18:19.421 INFO [http-nio-8081-exec-1]com.zaxxer.hikari.HikariDataSource.getConnection:123 -HikariPool-1 - Start completed.
2019-06-21 18:18:19.433 DEBUG[http-nio-8081-exec-1]com.acong.dao.UserDao.findUserById.debug:159 -==>  Preparing: select * from user where uid = ? 
2019-06-21 18:18:19.453 DEBUG[http-nio-8081-exec-1]com.acong.dao.UserDao.findUserById.debug:159 -==> Parameters: 1(Integer)
2019-06-21 18:18:19.482 DEBUG[http-nio-8081-exec-1]com.acong.dao.UserDao.findUserById.debug:159 -<==      Total: 1
2019-06-21 18:18:27.614 DEBUG[http-nio-8081-exec-3]com.acong.dao.UserDao.findUserById.debug:159 -==>  Preparing: select * from user where uid = ? 
2019-06-21 18:18:27.614 DEBUG[http-nio-8081-exec-3]com.acong.dao.UserDao.findUserById.debug:159 -==> Parameters: 1(Integer)
2019-06-21 18:18:27.622 DEBUG[http-nio-8081-exec-3]com.acong.dao.UserDao.findUserById.debug:159 -<==      Total: 1
2019-06-21 18:18:28.606 DEBUG[http-nio-8081-exec-5]com.acong.dao.UserDao.findUserById.debug:159 -==>  Preparing: select * from user where uid = ? 
2019-06-21 18:18:28.607 DEBUG[http-nio-8081-exec-5]com.acong.dao.UserDao.findUserById.debug:159 -==> Parameters: 1(Integer)
2019-06-21 18:18:28.612 DEBUG[http-nio-8081-exec-5]com.acong.dao.UserDao.findUserById.debug:159 -<==      Total: 1
2019-06-21 18:18:45.074 DEBUG[http-nio-8081-exec-7]com.acong.dao.UserDao.findUserById.debug:159 -==>  Preparing: select * from user where uid = ? 
2019-06-21 18:18:45.075 DEBUG[http-nio-8081-exec-7]com.acong.dao.UserDao.findUserById.debug:159 -==> Parameters: 1(Integer)
2019-06-21 18:18:45.082 DEBUG[http-nio-8081-exec-7]com.acong.dao.UserDao.findUserById.debug:159 -<==      Total: 1
2019-06-21 18:22:52.742 INFO [Thread-48]o.s.b.w.s.c.AnnotationConfigServletWebServerApplicationContext.doClose:993 -Closing org.springframework.boot.web.servlet.context.AnnotationConfigServletWebServerApplicationContext@3e74829: startup date [Fri Jun 21 18:17:57 CST 2019]; root of context hierarchy
2019-06-21 18:22:52.745 INFO [Thread-48]o.s.jmx.export.annotation.AnnotationMBeanExporter.destroy:451 -Unregistering JMX-exposed beans on shutdown
2019-06-21 18:22:52.745 INFO [Thread-48]o.s.jmx.export.annotation.AnnotationMBeanExporter.unregisterBeans:183 -Unregistering JMX-exposed beans
2019-06-21 18:22:53.869 INFO [Thread-48]com.zaxxer.hikari.HikariDataSource.close:381 -HikariPool-1 - Shutdown initiated...
2019-06-21 18:22:53.877 INFO [Thread-48]com.zaxxer.hikari.HikariDataSource.close:383 -HikariPool-1 - Shutdown completed.
2019-06-21 18:23:33.142 INFO [main]com.acong.MainApp.logStarting:50 -Starting MainApp on zhaoyanandeMacBook-Pro.local with PID 4637 (/Users/zhaoyanan/code/springboot_redis/target/classes started by zhaoyanan in /Users/zhaoyanan/code/springboot_redis)
2019-06-21 18:23:33.146 INFO [main]com.acong.MainApp.logStartupProfileInfo:659 -No active profile set, falling back to default profiles: default
2019-06-21 18:23:33.178 INFO [main]o.s.b.w.s.c.AnnotationConfigServletWebServerApplicationContext.prepareRefresh:590 -Refreshing org.springframework.boot.web.servlet.context.AnnotationConfigServletWebServerApplicationContext@7aaca91a: startup date [Fri Jun 21 18:23:33 CST 2019]; root of context hierarchy
2019-06-21 18:23:33.572 INFO [main]o.s.d.repository.config.RepositoryConfigurationDelegate.multipleStoresDetected:163 -Multiple Spring Data modules found, entering strict repository configuration mode!
2019-06-21 18:23:33.848 INFO [main]o.s.c.s.PostProcessorRegistrationDelegate$BeanPostProcessorChecker.postProcessAfterInitialization:328 -Bean 'org.springframework.transaction.annotation.ProxyTransactionManagementConfiguration' of type [org.springframework.transaction.annotation.ProxyTransactionManagementConfiguration$$EnhancerBySpringCGLIB$$ad64dacd] is not eligible for getting processed by all BeanPostProcessors (for example: not eligible for auto-proxying)
2019-06-21 18:23:34.081 INFO [main]o.s.boot.web.embedded.tomcat.TomcatWebServer.initialize:91 -Tomcat initialized with port(s): 8081 (http)
2019-06-21 18:23:34.093 INFO [main]org.apache.coyote.http11.Http11NioProtocol.log:180 -Initializing ProtocolHandler ["http-nio-8081"]
2019-06-21 18:23:34.101 INFO [main]org.apache.catalina.core.StandardService.log:180 -Starting service [Tomcat]
2019-06-21 18:23:34.102 INFO [main]org.apache.catalina.core.StandardEngine.log:180 -Starting Servlet Engine: Apache Tomcat/8.5.29
2019-06-21 18:23:34.106 INFO [localhost-startStop-1]org.apache.catalina.core.AprLifecycleListener.log:180 -The APR based Apache Tomcat Native library which allows optimal performance in production environments was not found on the java.library.path: [/Users/zhaoyanan/Library/Java/Extensions:/Library/Java/Extensions:/Network/Library/Java/Extensions:/System/Library/Java/Extensions:/usr/lib/java:.]
2019-06-21 18:23:34.179 INFO [localhost-startStop-1]o.a.catalina.core.ContainerBase.[Tomcat].[localhost].[/].log:180 -Initializing Spring embedded WebApplicationContext
2019-06-21 18:23:34.179 INFO [localhost-startStop-1]org.springframework.web.context.ContextLoader.prepareWebApplicationContext:285 -Root WebApplicationContext: initialization completed in 1001 ms
2019-06-21 18:23:34.271 INFO [localhost-startStop-1]o.s.boot.web.servlet.ServletRegistrationBean.addRegistration:185 -Servlet dispatcherServlet mapped to [/]
2019-06-21 18:23:34.274 INFO [localhost-startStop-1]o.s.boot.web.servlet.FilterRegistrationBean.configure:244 -Mapping filter: 'characterEncodingFilter' to: [/*]
2019-06-21 18:23:34.275 INFO [localhost-startStop-1]o.s.boot.web.servlet.FilterRegistrationBean.configure:244 -Mapping filter: 'hiddenHttpMethodFilter' to: [/*]
2019-06-21 18:23:34.275 INFO [localhost-startStop-1]o.s.boot.web.servlet.FilterRegistrationBean.configure:244 -Mapping filter: 'httpPutFormContentFilter' to: [/*]
2019-06-21 18:23:34.275 INFO [localhost-startStop-1]o.s.boot.web.servlet.FilterRegistrationBean.configure:244 -Mapping filter: 'requestContextFilter' to: [/*]
2019-06-21 18:23:34.860 INFO [main]o.s.web.servlet.handler.SimpleUrlHandlerMapping.registerHandler:373 -Mapped URL path [/**/favicon.ico] onto handler of type [class org.springframework.web.servlet.resource.ResourceHttpRequestHandler]
2019-06-21 18:23:35.048 INFO [main]o.s.w.s.m.method.annotation.RequestMappingHandlerAdapter.initControllerAdviceCache:574 -Looking for @ControllerAdvice: org.springframework.boot.web.servlet.context.AnnotationConfigServletWebServerApplicationContext@7aaca91a: startup date [Fri Jun 21 18:23:33 CST 2019]; root of context hierarchy
2019-06-21 18:23:35.100 INFO [main]o.s.w.s.m.method.annotation.RequestMappingHandlerMapping.register:547 -Mapped "{[/UserAdmin/queryAll]}" onto public java.util.List<com.acong.entity.UserAdmin> com.acong.controller.UserAdminController.queryAll()
2019-06-21 18:23:35.102 INFO [main]o.s.w.s.m.method.annotation.RequestMappingHandlerMapping.register:547 -Mapped "{[/UserAdmin/findUserAdminById]}" onto public com.acong.entity.UserAdmin com.acong.controller.UserAdminController.findUserAdminById(int)
2019-06-21 18:23:35.103 INFO [main]o.s.w.s.m.method.annotation.RequestMappingHandlerMapping.register:547 -Mapped "{[/UserAdmin/updateUserAdmin]}" onto public java.lang.String com.acong.controller.UserAdminController.updateUserAdmin()
2019-06-21 18:23:35.103 INFO [main]o.s.w.s.m.method.annotation.RequestMappingHandlerMapping.register:547 -Mapped "{[/UserAdmin/insertUserAdmin]}" onto public java.lang.String com.acong.controller.UserAdminController.insertUserAdmin()
2019-06-21 18:23:35.103 INFO [main]o.s.w.s.m.method.annotation.RequestMappingHandlerMapping.register:547 -Mapped "{[/UserAdmin/deleteById]}" onto public java.lang.String com.acong.controller.UserAdminController.deleteById(int)
2019-06-21 18:23:35.105 INFO [main]o.s.w.s.m.method.annotation.RequestMappingHandlerMapping.register:547 -Mapped "{[/User/queryAll]}" onto public java.util.List<com.acong.entity.User> com.acong.controller.UserController.queryAll()
2019-06-21 18:23:35.105 INFO [main]o.s.w.s.m.method.annotation.RequestMappingHandlerMapping.register:547 -Mapped "{[/User/testList]}" onto public java.util.List<java.lang.String> com.acong.controller.UserController.test2()
2019-06-21 18:23:35.106 INFO [main]o.s.w.s.m.method.annotation.RequestMappingHandlerMapping.register:547 -Mapped "{[/User/testController]}" onto public java.lang.String com.acong.controller.UserController.testController()
2019-06-21 18:23:35.106 INFO [main]o.s.w.s.m.method.annotation.RequestMappingHandlerMapping.register:547 -Mapped "{[/User/findUserById]}" onto public java.util.Map<java.lang.String, java.lang.Object> com.acong.controller.UserController.findUserById(int)
2019-06-21 18:23:35.106 INFO [main]o.s.w.s.m.method.annotation.RequestMappingHandlerMapping.register:547 -Mapped "{[/User/testMap]}" onto public java.util.Map<java.lang.String, java.lang.String> com.acong.controller.UserController.test1()
2019-06-21 18:23:35.107 INFO [main]o.s.w.s.m.method.annotation.RequestMappingHandlerMapping.register:547 -Mapped "{[/User/updateUser]}" onto public java.lang.String com.acong.controller.UserController.updateUser()
2019-06-21 18:23:35.107 INFO [main]o.s.w.s.m.method.annotation.RequestMappingHandlerMapping.register:547 -Mapped "{[/User/deleteUserById]}" onto public java.lang.String com.acong.controller.UserController.deleteUserById(int)
2019-06-21 18:23:35.109 INFO [main]o.s.w.s.m.method.annotation.RequestMappingHandlerMapping.register:547 -Mapped "{[/error]}" onto public org.springframework.http.ResponseEntity<java.util.Map<java.lang.String, java.lang.Object>> org.springframework.boot.autoconfigure.web.servlet.error.BasicErrorController.error(javax.servlet.http.HttpServletRequest)
2019-06-21 18:23:35.110 INFO [main]o.s.w.s.m.method.annotation.RequestMappingHandlerMapping.register:547 -Mapped "{[/error],produces=[text/html]}" onto public org.springframework.web.servlet.ModelAndView org.springframework.boot.autoconfigure.web.servlet.error.BasicErrorController.errorHtml(javax.servlet.http.HttpServletRequest,javax.servlet.http.HttpServletResponse)
2019-06-21 18:23:35.133 INFO [main]o.s.web.servlet.handler.SimpleUrlHandlerMapping.registerHandler:373 -Mapped URL path [/webjars/**] onto handler of type [class org.springframework.web.servlet.resource.ResourceHttpRequestHandler]
2019-06-21 18:23:35.133 INFO [main]o.s.web.servlet.handler.SimpleUrlHandlerMapping.registerHandler:373 -Mapped URL path [/**] onto handler of type [class org.springframework.web.servlet.resource.ResourceHttpRequestHandler]
2019-06-21 18:23:35.501 INFO [main]o.s.jmx.export.annotation.AnnotationMBeanExporter.afterSingletonsInstantiated:433 -Registering beans for JMX exposure on startup
2019-06-21 18:23:35.502 INFO [main]o.s.jmx.export.annotation.AnnotationMBeanExporter.autodetect:895 -Bean with name 'dataSource' has been autodetected for JMX exposure
2019-06-21 18:23:35.507 INFO [main]o.s.jmx.export.annotation.AnnotationMBeanExporter.registerBeanInstance:668 -Located MBean 'dataSource': registering with JMX server as MBean [com.zaxxer.hikari:name=dataSource,type=HikariDataSource]
2019-06-21 18:23:35.517 INFO [main]org.apache.coyote.http11.Http11NioProtocol.log:180 -Starting ProtocolHandler ["http-nio-8081"]
2019-06-21 18:23:35.538 INFO [main]org.apache.tomcat.util.net.NioSelectorPool.log:180 -Using a shared selector for servlet write/read
2019-06-21 18:23:35.550 INFO [main]o.s.boot.web.embedded.tomcat.TomcatWebServer.start:206 -Tomcat started on port(s): 8081 (http) with context path ''
2019-06-21 18:23:35.555 INFO [main]com.acong.MainApp.logStarted:59 -Started MainApp in 22.789 seconds (JVM running for 28.451)
2019-06-21 18:23:48.431 INFO [http-nio-8081-exec-1]o.a.catalina.core.ContainerBase.[Tomcat].[localhost].[/].log:180 -Initializing Spring FrameworkServlet 'dispatcherServlet'
2019-06-21 18:23:48.431 INFO [http-nio-8081-exec-1]org.springframework.web.servlet.DispatcherServlet.initServletBean:494 -FrameworkServlet 'dispatcherServlet': initialization started
2019-06-21 18:23:48.452 INFO [http-nio-8081-exec-1]org.springframework.web.servlet.DispatcherServlet.initServletBean:509 -FrameworkServlet 'dispatcherServlet': initialization completed in 20 ms
2019-06-21 18:23:48.582 INFO [http-nio-8081-exec-1]io.lettuce.core.EpollProvider.info:101 -Starting without optional epoll library
2019-06-21 18:23:48.584 INFO [http-nio-8081-exec-1]io.lettuce.core.KqueueProvider.info:101 -Starting without optional kqueue library
2019-06-21 18:23:53.743 INFO [http-nio-8081-exec-1]com.zaxxer.hikari.HikariDataSource.getConnection:110 -HikariPool-1 - Starting...
2019-06-21 18:23:55.296 INFO [http-nio-8081-exec-1]com.zaxxer.hikari.HikariDataSource.getConnection:123 -HikariPool-1 - Start completed.
2019-06-21 18:23:55.304 DEBUG[http-nio-8081-exec-1]com.acong.dao.UserDao.findUserById.debug:159 -==>  Preparing: select * from user where uid = ? 
2019-06-21 18:23:55.322 DEBUG[http-nio-8081-exec-1]com.acong.dao.UserDao.findUserById.debug:159 -==> Parameters: 1(Integer)
2019-06-21 18:23:55.340 DEBUG[http-nio-8081-exec-1]com.acong.dao.UserDao.findUserById.debug:159 -<==      Total: 1
2019-06-21 18:27:57.420 INFO [Thread-48]o.s.b.w.s.c.AnnotationConfigServletWebServerApplicationContext.doClose:993 -Closing org.springframework.boot.web.servlet.context.AnnotationConfigServletWebServerApplicationContext@7aaca91a: startup date [Fri Jun 21 18:23:33 CST 2019]; root of context hierarchy
2019-06-21 18:27:57.424 INFO [Thread-48]o.s.jmx.export.annotation.AnnotationMBeanExporter.destroy:451 -Unregistering JMX-exposed beans on shutdown
2019-06-21 18:27:57.425 INFO [Thread-48]o.s.jmx.export.annotation.AnnotationMBeanExporter.unregisterBeans:183 -Unregistering JMX-exposed beans
2019-06-21 18:27:58.552 INFO [Thread-48]com.zaxxer.hikari.HikariDataSource.close:381 -HikariPool-1 - Shutdown initiated...
2019-06-21 18:27:58.572 INFO [Thread-48]com.zaxxer.hikari.HikariDataSource.close:383 -HikariPool-1 - Shutdown completed.
2019-06-21 18:28:36.980 INFO [main]com.acong.MainApp.logStarting:50 -Starting MainApp on zhaoyanandeMacBook-Pro.local with PID 4679 (/Users/zhaoyanan/code/springboot_redis/target/classes started by zhaoyanan in /Users/zhaoyanan/code/springboot_redis)
2019-06-21 18:28:36.986 INFO [main]com.acong.MainApp.logStartupProfileInfo:659 -No active profile set, falling back to default profiles: default
2019-06-21 18:28:37.021 INFO [main]o.s.b.w.s.c.AnnotationConfigServletWebServerApplicationContext.prepareRefresh:590 -Refreshing org.springframework.boot.web.servlet.context.AnnotationConfigServletWebServerApplicationContext@50de186c: startup date [Fri Jun 21 18:28:37 CST 2019]; root of context hierarchy
2019-06-21 18:28:37.479 INFO [main]o.s.d.repository.config.RepositoryConfigurationDelegate.multipleStoresDetected:163 -Multiple Spring Data modules found, entering strict repository configuration mode!
2019-06-21 18:28:37.793 INFO [main]o.s.c.s.PostProcessorRegistrationDelegate$BeanPostProcessorChecker.postProcessAfterInitialization:328 -Bean 'org.springframework.transaction.annotation.ProxyTransactionManagementConfiguration' of type [org.springframework.transaction.annotation.ProxyTransactionManagementConfiguration$$EnhancerBySpringCGLIB$$c361dd8c] is not eligible for getting processed by all BeanPostProcessors (for example: not eligible for auto-proxying)
2019-06-21 18:28:38.064 INFO [main]o.s.boot.web.embedded.tomcat.TomcatWebServer.initialize:91 -Tomcat initialized with port(s): 8081 (http)
2019-06-21 18:28:38.080 INFO [main]org.apache.coyote.http11.Http11NioProtocol.log:180 -Initializing ProtocolHandler ["http-nio-8081"]
2019-06-21 18:28:38.090 INFO [main]org.apache.catalina.core.StandardService.log:180 -Starting service [Tomcat]
2019-06-21 18:28:38.090 INFO [main]org.apache.catalina.core.StandardEngine.log:180 -Starting Servlet Engine: Apache Tomcat/8.5.29
2019-06-21 18:28:38.095 INFO [localhost-startStop-1]org.apache.catalina.core.AprLifecycleListener.log:180 -The APR based Apache Tomcat Native library which allows optimal performance in production environments was not found on the java.library.path: [/Users/zhaoyanan/Library/Java/Extensions:/Library/Java/Extensions:/Network/Library/Java/Extensions:/System/Library/Java/Extensions:/usr/lib/java:.]
2019-06-21 18:28:38.195 INFO [localhost-startStop-1]o.a.catalina.core.ContainerBase.[Tomcat].[localhost].[/].log:180 -Initializing Spring embedded WebApplicationContext
2019-06-21 18:28:38.195 INFO [localhost-startStop-1]org.springframework.web.context.ContextLoader.prepareWebApplicationContext:285 -Root WebApplicationContext: initialization completed in 1174 ms
2019-06-21 18:28:38.335 INFO [localhost-startStop-1]o.s.boot.web.servlet.ServletRegistrationBean.addRegistration:185 -Servlet dispatcherServlet mapped to [/]
2019-06-21 18:28:38.339 INFO [localhost-startStop-1]o.s.boot.web.servlet.FilterRegistrationBean.configure:244 -Mapping filter: 'characterEncodingFilter' to: [/*]
2019-06-21 18:28:38.340 INFO [localhost-startStop-1]o.s.boot.web.servlet.FilterRegistrationBean.configure:244 -Mapping filter: 'hiddenHttpMethodFilter' to: [/*]
2019-06-21 18:28:38.340 INFO [localhost-startStop-1]o.s.boot.web.servlet.FilterRegistrationBean.configure:244 -Mapping filter: 'httpPutFormContentFilter' to: [/*]
2019-06-21 18:28:38.340 INFO [localhost-startStop-1]o.s.boot.web.servlet.FilterRegistrationBean.configure:244 -Mapping filter: 'requestContextFilter' to: [/*]
2019-06-21 18:28:38.966 INFO [main]o.s.web.servlet.handler.SimpleUrlHandlerMapping.registerHandler:373 -Mapped URL path [/**/favicon.ico] onto handler of type [class org.springframework.web.servlet.resource.ResourceHttpRequestHandler]
2019-06-21 18:28:39.202 INFO [main]o.s.w.s.m.method.annotation.RequestMappingHandlerAdapter.initControllerAdviceCache:574 -Looking for @ControllerAdvice: org.springframework.boot.web.servlet.context.AnnotationConfigServletWebServerApplicationContext@50de186c: startup date [Fri Jun 21 18:28:37 CST 2019]; root of context hierarchy
2019-06-21 18:28:39.270 INFO [main]o.s.w.s.m.method.annotation.RequestMappingHandlerMapping.register:547 -Mapped "{[/UserAdmin/queryAll]}" onto public java.util.List<com.acong.entity.UserAdmin> com.acong.controller.UserAdminController.queryAll()
2019-06-21 18:28:39.272 INFO [main]o.s.w.s.m.method.annotation.RequestMappingHandlerMapping.register:547 -Mapped "{[/UserAdmin/findUserAdminById]}" onto public com.acong.entity.UserAdmin com.acong.controller.UserAdminController.findUserAdminById(int)
2019-06-21 18:28:39.273 INFO [main]o.s.w.s.m.method.annotation.RequestMappingHandlerMapping.register:547 -Mapped "{[/UserAdmin/updateUserAdmin]}" onto public java.lang.String com.acong.controller.UserAdminController.updateUserAdmin()
2019-06-21 18:28:39.273 INFO [main]o.s.w.s.m.method.annotation.RequestMappingHandlerMapping.register:547 -Mapped "{[/UserAdmin/insertUserAdmin]}" onto public java.lang.String com.acong.controller.UserAdminController.insertUserAdmin()
2019-06-21 18:28:39.274 INFO [main]o.s.w.s.m.method.annotation.RequestMappingHandlerMapping.register:547 -Mapped "{[/UserAdmin/deleteById]}" onto public java.lang.String com.acong.controller.UserAdminController.deleteById(int)
2019-06-21 18:28:39.280 INFO [main]o.s.w.s.m.method.annotation.RequestMappingHandlerMapping.register:547 -Mapped "{[/User/testMap]}" onto public java.util.Map<java.lang.String, java.lang.String> com.acong.controller.UserController.test1()
2019-06-21 18:28:39.281 INFO [main]o.s.w.s.m.method.annotation.RequestMappingHandlerMapping.register:547 -Mapped "{[/User/testList]}" onto public java.util.List<java.lang.String> com.acong.controller.UserController.test2()
2019-06-21 18:28:39.281 INFO [main]o.s.w.s.m.method.annotation.RequestMappingHandlerMapping.register:547 -Mapped "{[/User/queryAll]}" onto public java.util.List<com.acong.entity.User> com.acong.controller.UserController.queryAll()
2019-06-21 18:28:39.281 INFO [main]o.s.w.s.m.method.annotation.RequestMappingHandlerMapping.register:547 -Mapped "{[/User/testController]}" onto public java.lang.String com.acong.controller.UserController.testController()
2019-06-21 18:28:39.282 INFO [main]o.s.w.s.m.method.annotation.RequestMappingHandlerMapping.register:547 -Mapped "{[/User/findUserById]}" onto public java.util.Map<java.lang.String, java.lang.Object> com.acong.controller.UserController.findUserById(int)
2019-06-21 18:28:39.282 INFO [main]o.s.w.s.m.method.annotation.RequestMappingHandlerMapping.register:547 -Mapped "{[/User/updateUser]}" onto public java.lang.String com.acong.controller.UserController.updateUser()
2019-06-21 18:28:39.283 INFO [main]o.s.w.s.m.method.annotation.RequestMappingHandlerMapping.register:547 -Mapped "{[/User/deleteUserById]}" onto public java.lang.String com.acong.controller.UserController.deleteUserById(int)
2019-06-21 18:28:39.285 INFO [main]o.s.w.s.m.method.annotation.RequestMappingHandlerMapping.register:547 -Mapped "{[/error]}" onto public org.springframework.http.ResponseEntity<java.util.Map<java.lang.String, java.lang.Object>> org.springframework.boot.autoconfigure.web.servlet.error.BasicErrorController.error(javax.servlet.http.HttpServletRequest)
2019-06-21 18:28:39.285 INFO [main]o.s.w.s.m.method.annotation.RequestMappingHandlerMapping.register:547 -Mapped "{[/error],produces=[text/html]}" onto public org.springframework.web.servlet.ModelAndView org.springframework.boot.autoconfigure.web.servlet.error.BasicErrorController.errorHtml(javax.servlet.http.HttpServletRequest,javax.servlet.http.HttpServletResponse)
2019-06-21 18:28:39.312 INFO [main]o.s.web.servlet.handler.SimpleUrlHandlerMapping.registerHandler:373 -Mapped URL path [/webjars/**] onto handler of type [class org.springframework.web.servlet.resource.ResourceHttpRequestHandler]
2019-06-21 18:28:39.312 INFO [main]o.s.web.servlet.handler.SimpleUrlHandlerMapping.registerHandler:373 -Mapped URL path [/**] onto handler of type [class org.springframework.web.servlet.resource.ResourceHttpRequestHandler]
2019-06-21 18:28:39.698 INFO [main]o.s.jmx.export.annotation.AnnotationMBeanExporter.afterSingletonsInstantiated:433 -Registering beans for JMX exposure on startup
2019-06-21 18:28:39.700 INFO [main]o.s.jmx.export.annotation.AnnotationMBeanExporter.autodetect:895 -Bean with name 'dataSource' has been autodetected for JMX exposure
2019-06-21 18:28:39.706 INFO [main]o.s.jmx.export.annotation.AnnotationMBeanExporter.registerBeanInstance:668 -Located MBean 'dataSource': registering with JMX server as MBean [com.zaxxer.hikari:name=dataSource,type=HikariDataSource]
2019-06-21 18:28:39.716 INFO [main]org.apache.coyote.http11.Http11NioProtocol.log:180 -Starting ProtocolHandler ["http-nio-8081"]
2019-06-21 18:28:39.737 INFO [main]org.apache.tomcat.util.net.NioSelectorPool.log:180 -Using a shared selector for servlet write/read
2019-06-21 18:28:39.751 INFO [main]o.s.boot.web.embedded.tomcat.TomcatWebServer.start:206 -Tomcat started on port(s): 8081 (http) with context path ''
2019-06-21 18:28:39.756 INFO [main]com.acong.MainApp.logStarted:59 -Started MainApp in 23.174 seconds (JVM running for 28.869)
2019-06-21 18:28:43.923 INFO [http-nio-8081-exec-1]o.a.catalina.core.ContainerBase.[Tomcat].[localhost].[/].log:180 -Initializing Spring FrameworkServlet 'dispatcherServlet'
2019-06-21 18:28:43.923 INFO [http-nio-8081-exec-1]org.springframework.web.servlet.DispatcherServlet.initServletBean:494 -FrameworkServlet 'dispatcherServlet': initialization started
2019-06-21 18:28:43.937 INFO [http-nio-8081-exec-1]org.springframework.web.servlet.DispatcherServlet.initServletBean:509 -FrameworkServlet 'dispatcherServlet': initialization completed in 14 ms
2019-06-21 18:28:44.040 INFO [http-nio-8081-exec-1]io.lettuce.core.EpollProvider.info:101 -Starting without optional epoll library
2019-06-21 18:28:44.041 INFO [http-nio-8081-exec-1]io.lettuce.core.KqueueProvider.info:101 -Starting without optional kqueue library
2019-06-21 18:28:49.177 INFO [http-nio-8081-exec-1]com.zaxxer.hikari.HikariDataSource.getConnection:110 -HikariPool-1 - Starting...
2019-06-21 18:28:49.701 INFO [http-nio-8081-exec-1]com.zaxxer.hikari.HikariDataSource.getConnection:123 -HikariPool-1 - Start completed.
2019-06-21 18:28:49.709 DEBUG[http-nio-8081-exec-1]com.acong.dao.UserAdminDao.findUserAdminById.debug:159 -==>  Preparing: select * from useradmin where user_id = ? 
2019-06-21 18:28:49.726 DEBUG[http-nio-8081-exec-1]com.acong.dao.UserAdminDao.findUserAdminById.debug:159 -==> Parameters: 1(Integer)
2019-06-21 18:28:49.745 DEBUG[http-nio-8081-exec-1]com.acong.dao.UserAdminDao.findUserAdminById.debug:159 -<==      Total: 1
2019-06-21 18:43:31.461 INFO [Thread-49]o.s.b.w.s.c.AnnotationConfigServletWebServerApplicationContext.doClose:993 -Closing org.springframework.boot.web.servlet.context.AnnotationConfigServletWebServerApplicationContext@50de186c: startup date [Fri Jun 21 18:28:37 CST 2019]; root of context hierarchy
2019-06-21 18:43:31.465 INFO [Thread-49]o.s.jmx.export.annotation.AnnotationMBeanExporter.destroy:451 -Unregistering JMX-exposed beans on shutdown
2019-06-21 18:43:31.466 INFO [Thread-49]o.s.jmx.export.annotation.AnnotationMBeanExporter.unregisterBeans:183 -Unregistering JMX-exposed beans
2019-06-21 18:43:32.596 INFO [Thread-49]com.zaxxer.hikari.HikariDataSource.close:381 -HikariPool-1 - Shutdown initiated...
2019-06-21 18:43:32.604 INFO [Thread-49]com.zaxxer.hikari.HikariDataSource.close:383 -HikariPool-1 - Shutdown completed.
