2019-06-26 13:59:22.781 INFO [main]com.acong.MainApp.logStarting:50 -Starting MainApp on zhaoyanandeMacBook-Pro.local with PID 891 (/Users/zhaoyanan/code/springboot_redis/target/classes started by zhaoyanan in /Users/zhaoyanan/code/springboot_redis)
2019-06-26 13:59:22.787 INFO [main]com.acong.MainApp.logStartupProfileInfo:659 -No active profile set, falling back to default profiles: default
2019-06-26 13:59:22.835 INFO [main]o.s.b.w.s.c.AnnotationConfigServletWebServerApplicationContext.prepareRefresh:590 -Refreshing org.springframework.boot.web.servlet.context.AnnotationConfigServletWebServerApplicationContext@2141a12: startup date [Wed Jun 26 13:59:22 CST 2019]; root of context hierarchy
2019-06-26 13:59:23.441 INFO [main]o.s.d.repository.config.RepositoryConfigurationDelegate.multipleStoresDetected:163 -Multiple Spring Data modules found, entering strict repository configuration mode!
2019-06-26 13:59:23.818 INFO [main]o.s.c.s.PostProcessorRegistrationDelegate$BeanPostProcessorChecker.postProcessAfterInitialization:328 -Bean 'config' of type [com.acong.Config$$EnhancerBySpringCGLIB$$8eb8fdcb] is not eligible for getting processed by all BeanPostProcessors (for example: not eligible for auto-proxying)
2019-06-26 13:59:23.825 INFO [main]o.s.c.s.PostProcessorRegistrationDelegate$BeanPostProcessorChecker.postProcessAfterInitialization:328 -Bean 'org.springframework.transaction.annotation.ProxyTransactionManagementConfiguration' of type [org.springframework.transaction.annotation.ProxyTransactionManagementConfiguration$$EnhancerBySpringCGLIB$$9d2667ef] is not eligible for getting processed by all BeanPostProcessors (for example: not eligible for auto-proxying)
2019-06-26 13:59:23.859 INFO [main]o.s.c.s.PostProcessorRegistrationDelegate$BeanPostProcessorChecker.postProcessAfterInitialization:328 -Bean 'org.springframework.cache.annotation.ProxyCachingConfiguration' of type [org.springframework.cache.annotation.ProxyCachingConfiguration$$EnhancerBySpringCGLIB$$e6389e0d] is not eligible for getting processed by all BeanPostProcessors (for example: not eligible for auto-proxying)
2019-06-26 13:59:24.191 INFO [main]o.s.boot.web.embedded.tomcat.TomcatWebServer.initialize:91 -Tomcat initialized with port(s): 8081 (http)
2019-06-26 13:59:24.208 INFO [main]org.apache.coyote.http11.Http11NioProtocol.log:180 -Initializing ProtocolHandler ["http-nio-8081"]
2019-06-26 13:59:24.219 INFO [main]org.apache.catalina.core.StandardService.log:180 -Starting service [Tomcat]
2019-06-26 13:59:24.219 INFO [main]org.apache.catalina.core.StandardEngine.log:180 -Starting Servlet Engine: Apache Tomcat/8.5.29
2019-06-26 13:59:24.225 INFO [localhost-startStop-1]org.apache.catalina.core.AprLifecycleListener.log:180 -The APR based Apache Tomcat Native library which allows optimal performance in production environments was not found on the java.library.path: [/Users/zhaoyanan/Library/Java/Extensions:/Library/Java/Extensions:/Network/Library/Java/Extensions:/System/Library/Java/Extensions:/usr/lib/java:.]
2019-06-26 13:59:24.310 INFO [localhost-startStop-1]o.a.catalina.core.ContainerBase.[Tomcat].[localhost].[/].log:180 -Initializing Spring embedded WebApplicationContext
2019-06-26 13:59:24.310 INFO [localhost-startStop-1]org.springframework.web.context.ContextLoader.prepareWebApplicationContext:285 -Root WebApplicationContext: initialization completed in 1475 ms
2019-06-26 13:59:24.417 INFO [localhost-startStop-1]o.s.boot.web.servlet.ServletRegistrationBean.addRegistration:185 -Servlet dispatcherServlet mapped to [/]
2019-06-26 13:59:24.421 INFO [localhost-startStop-1]o.s.boot.web.servlet.FilterRegistrationBean.configure:244 -Mapping filter: 'characterEncodingFilter' to: [/*]
2019-06-26 13:59:24.422 INFO [localhost-startStop-1]o.s.boot.web.servlet.FilterRegistrationBean.configure:244 -Mapping filter: 'hiddenHttpMethodFilter' to: [/*]
2019-06-26 13:59:24.422 INFO [localhost-startStop-1]o.s.boot.web.servlet.FilterRegistrationBean.configure:244 -Mapping filter: 'httpPutFormContentFilter' to: [/*]
2019-06-26 13:59:24.422 INFO [localhost-startStop-1]o.s.boot.web.servlet.FilterRegistrationBean.configure:244 -Mapping filter: 'requestContextFilter' to: [/*]
2019-06-26 13:59:25.263 INFO [main]o.s.web.servlet.handler.SimpleUrlHandlerMapping.registerHandler:373 -Mapped URL path [/**/favicon.ico] onto handler of type [class org.springframework.web.servlet.resource.ResourceHttpRequestHandler]
2019-06-26 13:59:25.503 INFO [main]o.s.w.s.m.method.annotation.RequestMappingHandlerAdapter.initControllerAdviceCache:574 -Looking for @ControllerAdvice: org.springframework.boot.web.servlet.context.AnnotationConfigServletWebServerApplicationContext@2141a12: startup date [Wed Jun 26 13:59:22 CST 2019]; root of context hierarchy
2019-06-26 13:59:25.571 INFO [main]o.s.w.s.m.method.annotation.RequestMappingHandlerMapping.register:547 -Mapped "{[/UserAdmin/queryAll]}" onto public java.util.List<com.acong.entity.UserAdmin> com.acong.controller.UserAdminController.queryAll()
2019-06-26 13:59:25.573 INFO [main]o.s.w.s.m.method.annotation.RequestMappingHandlerMapping.register:547 -Mapped "{[/UserAdmin/findUserAdminById]}" onto public com.acong.entity.UserAdmin com.acong.controller.UserAdminController.findUserAdminById(int)
2019-06-26 13:59:25.574 INFO [main]o.s.w.s.m.method.annotation.RequestMappingHandlerMapping.register:547 -Mapped "{[/UserAdmin/updateUserAdmin]}" onto public java.lang.String com.acong.controller.UserAdminController.updateUserAdmin()
2019-06-26 13:59:25.574 INFO [main]o.s.w.s.m.method.annotation.RequestMappingHandlerMapping.register:547 -Mapped "{[/UserAdmin/insertUserAdmin]}" onto public java.lang.String com.acong.controller.UserAdminController.insertUserAdmin()
2019-06-26 13:59:25.575 INFO [main]o.s.w.s.m.method.annotation.RequestMappingHandlerMapping.register:547 -Mapped "{[/UserAdmin/deleteById]}" onto public java.lang.String com.acong.controller.UserAdminController.deleteById(int)
2019-06-26 13:59:25.575 INFO [main]o.s.w.s.m.method.annotation.RequestMappingHandlerMapping.register:547 -Mapped "{[/UserAdmin/findUserAdminByName]}" onto public java.util.List<com.acong.entity.UserAdmin> com.acong.controller.UserAdminController.findUserAdminByName(java.lang.String)
2019-06-26 13:59:25.577 INFO [main]o.s.w.s.m.method.annotation.RequestMappingHandlerMapping.register:547 -Mapped "{[/User/testMap]}" onto public java.util.Map<java.lang.String, java.lang.String> com.acong.controller.UserController.test1()
2019-06-26 13:59:25.578 INFO [main]o.s.w.s.m.method.annotation.RequestMappingHandlerMapping.register:547 -Mapped "{[/User/testList]}" onto public java.util.List<java.lang.String> com.acong.controller.UserController.test2()
2019-06-26 13:59:25.579 INFO [main]o.s.w.s.m.method.annotation.RequestMappingHandlerMapping.register:547 -Mapped "{[/User/queryAll]}" onto public java.util.List<com.acong.entity.User> com.acong.controller.UserController.queryAll()
2019-06-26 13:59:25.579 INFO [main]o.s.w.s.m.method.annotation.RequestMappingHandlerMapping.register:547 -Mapped "{[/User/testController]}" onto public java.lang.String com.acong.controller.UserController.testController()
2019-06-26 13:59:25.580 INFO [main]o.s.w.s.m.method.annotation.RequestMappingHandlerMapping.register:547 -Mapped "{[/User/findUserById]}" onto public java.util.Map<java.lang.String, java.lang.Object> com.acong.controller.UserController.findUserById(int)
2019-06-26 13:59:25.580 INFO [main]o.s.w.s.m.method.annotation.RequestMappingHandlerMapping.register:547 -Mapped "{[/User/updateUser]}" onto public java.lang.String com.acong.controller.UserController.updateUser()
2019-06-26 13:59:25.581 INFO [main]o.s.w.s.m.method.annotation.RequestMappingHandlerMapping.register:547 -Mapped "{[/User/deleteUserById]}" onto public java.lang.String com.acong.controller.UserController.deleteUserById(int)
2019-06-26 13:59:25.583 INFO [main]o.s.w.s.m.method.annotation.RequestMappingHandlerMapping.register:547 -Mapped "{[/error]}" onto public org.springframework.http.ResponseEntity<java.util.Map<java.lang.String, java.lang.Object>> org.springframework.boot.autoconfigure.web.servlet.error.BasicErrorController.error(javax.servlet.http.HttpServletRequest)
2019-06-26 13:59:25.584 INFO [main]o.s.w.s.m.method.annotation.RequestMappingHandlerMapping.register:547 -Mapped "{[/error],produces=[text/html]}" onto public org.springframework.web.servlet.ModelAndView org.springframework.boot.autoconfigure.web.servlet.error.BasicErrorController.errorHtml(javax.servlet.http.HttpServletRequest,javax.servlet.http.HttpServletResponse)
2019-06-26 13:59:25.612 INFO [main]o.s.web.servlet.handler.SimpleUrlHandlerMapping.registerHandler:373 -Mapped URL path [/webjars/**] onto handler of type [class org.springframework.web.servlet.resource.ResourceHttpRequestHandler]
2019-06-26 13:59:25.612 INFO [main]o.s.web.servlet.handler.SimpleUrlHandlerMapping.registerHandler:373 -Mapped URL path [/**] onto handler of type [class org.springframework.web.servlet.resource.ResourceHttpRequestHandler]
2019-06-26 13:59:26.046 INFO [main]o.s.jmx.export.annotation.AnnotationMBeanExporter.afterSingletonsInstantiated:433 -Registering beans for JMX exposure on startup
2019-06-26 13:59:26.048 INFO [main]o.s.jmx.export.annotation.AnnotationMBeanExporter.autodetect:895 -Bean with name 'dataSource' has been autodetected for JMX exposure
2019-06-26 13:59:26.053 INFO [main]o.s.jmx.export.annotation.AnnotationMBeanExporter.registerBeanInstance:668 -Located MBean 'dataSource': registering with JMX server as MBean [com.zaxxer.hikari:name=dataSource,type=HikariDataSource]
2019-06-26 13:59:26.067 INFO [main]org.apache.coyote.http11.Http11NioProtocol.log:180 -Starting ProtocolHandler ["http-nio-8081"]
2019-06-26 13:59:26.089 INFO [main]org.apache.tomcat.util.net.NioSelectorPool.log:180 -Using a shared selector for servlet write/read
2019-06-26 13:59:26.104 INFO [main]o.s.boot.web.embedded.tomcat.TomcatWebServer.start:206 -Tomcat started on port(s): 8081 (http) with context path ''
2019-06-26 13:59:26.108 INFO [main]com.acong.MainApp.logStarted:59 -Started MainApp in 23.863 seconds (JVM running for 30.295)
2019-06-26 13:59:40.605 INFO [http-nio-8081-exec-1]o.a.catalina.core.ContainerBase.[Tomcat].[localhost].[/].log:180 -Initializing Spring FrameworkServlet 'dispatcherServlet'
2019-06-26 13:59:40.606 INFO [http-nio-8081-exec-1]org.springframework.web.servlet.DispatcherServlet.initServletBean:494 -FrameworkServlet 'dispatcherServlet': initialization started
2019-06-26 13:59:40.630 INFO [http-nio-8081-exec-1]org.springframework.web.servlet.DispatcherServlet.initServletBean:509 -FrameworkServlet 'dispatcherServlet': initialization completed in 24 ms
2019-06-26 13:59:40.684 INFO [http-nio-8081-exec-1]com.zaxxer.hikari.HikariDataSource.getConnection:110 -HikariPool-1 - Starting...
2019-06-26 13:59:41.403 INFO [http-nio-8081-exec-1]com.zaxxer.hikari.HikariDataSource.getConnection:123 -HikariPool-1 - Start completed.
2019-06-26 13:59:41.412 DEBUG[http-nio-8081-exec-1]com.acong.dao.UserAdminDao.queryAll.debug:159 -==>  Preparing: select * from useradmin 
2019-06-26 13:59:41.431 DEBUG[http-nio-8081-exec-1]com.acong.dao.UserAdminDao.queryAll.debug:159 -==> Parameters: 
2019-06-26 13:59:41.456 DEBUG[http-nio-8081-exec-1]com.acong.dao.UserAdminDao.queryAll.debug:159 -<==      Total: 8
2019-06-26 14:00:18.461 INFO [http-nio-8081-exec-3]io.lettuce.core.EpollProvider.info:101 -Starting without optional epoll library
2019-06-26 14:00:18.463 INFO [http-nio-8081-exec-3]io.lettuce.core.KqueueProvider.info:101 -Starting without optional kqueue library
2019-06-26 14:00:23.608 DEBUG[http-nio-8081-exec-3]com.acong.dao.UserAdminDao.findUserAdminById.debug:159 -==>  Preparing: select * from useradmin where user_id = ? 
2019-06-26 14:00:23.609 DEBUG[http-nio-8081-exec-3]com.acong.dao.UserAdminDao.findUserAdminById.debug:159 -==> Parameters: 1(Integer)
2019-06-26 14:00:23.614 DEBUG[http-nio-8081-exec-3]com.acong.dao.UserAdminDao.findUserAdminById.debug:159 -<==      Total: 1
2019-06-26 14:01:57.717 DEBUG[http-nio-8081-exec-6]com.acong.dao.UserAdminDao.findUserAdminByName.debug:159 -==>  Preparing: select * from useradmin where user_name = ? 
2019-06-26 14:01:57.718 DEBUG[http-nio-8081-exec-6]com.acong.dao.UserAdminDao.findUserAdminByName.debug:159 -==> Parameters: zhyn(String)
2019-06-26 14:01:57.725 DEBUG[http-nio-8081-exec-6]com.acong.dao.UserAdminDao.findUserAdminByName.debug:159 -<==      Total: 8
2019-06-26 19:36:52.874 INFO [Thread-50]o.s.b.w.s.c.AnnotationConfigServletWebServerApplicationContext.doClose:993 -Closing org.springframework.boot.web.servlet.context.AnnotationConfigServletWebServerApplicationContext@2141a12: startup date [Wed Jun 26 13:59:22 CST 2019]; root of context hierarchy
2019-06-26 19:36:52.922 INFO [Thread-50]o.s.jmx.export.annotation.AnnotationMBeanExporter.destroy:451 -Unregistering JMX-exposed beans on shutdown
2019-06-26 19:36:52.924 INFO [Thread-50]o.s.jmx.export.annotation.AnnotationMBeanExporter.unregisterBeans:183 -Unregistering JMX-exposed beans
2019-06-26 19:36:54.162 INFO [Thread-50]com.zaxxer.hikari.HikariDataSource.close:381 -HikariPool-1 - Shutdown initiated...
2019-06-26 19:36:54.168 INFO [Thread-50]com.zaxxer.hikari.HikariDataSource.close:383 -HikariPool-1 - Shutdown completed.
