2019-06-11 23:19:07.592 INFO [main]com.acong.MainApp.logStarting:50 -Starting MainApp on zhaoyanandeMacBook-Pro.local with PID 943 (/Users/zhaoyanan/code/springboot_redis/target/classes started by zhaoyanan in /Users/zhaoyanan/code/springboot_redis)
2019-06-11 23:19:07.598 INFO [main]com.acong.MainApp.logStartupProfileInfo:659 -No active profile set, falling back to default profiles: default
2019-06-11 23:19:07.651 INFO [main]o.s.b.w.s.c.AnnotationConfigServletWebServerApplicationContext.prepareRefresh:590 -Refreshing org.springframework.boot.web.servlet.context.AnnotationConfigServletWebServerApplicationContext@6057aebb: startup date [Tue Jun 11 23:19:07 CST 2019]; root of context hierarchy
2019-06-11 23:19:08.272 INFO [main]o.s.d.repository.config.RepositoryConfigurationDelegate.multipleStoresDetected:163 -Multiple Spring Data modules found, entering strict repository configuration mode!
2019-06-11 23:19:08.689 INFO [main]o.s.c.s.PostProcessorRegistrationDelegate$BeanPostProcessorChecker.postProcessAfterInitialization:328 -Bean 'org.springframework.transaction.annotation.ProxyTransactionManagementConfiguration' of type [org.springframework.transaction.annotation.ProxyTransactionManagementConfiguration$$EnhancerBySpringCGLIB$$8fee97f6] is not eligible for getting processed by all BeanPostProcessors (for example: not eligible for auto-proxying)
2019-06-11 23:19:08.999 INFO [main]o.s.boot.web.embedded.tomcat.TomcatWebServer.initialize:91 -Tomcat initialized with port(s): 8081 (http)
2019-06-11 23:19:09.018 INFO [main]org.apache.coyote.http11.Http11NioProtocol.log:180 -Initializing ProtocolHandler ["http-nio-8081"]
2019-06-11 23:19:09.031 INFO [main]org.apache.catalina.core.StandardService.log:180 -Starting service [Tomcat]
2019-06-11 23:19:09.031 INFO [main]org.apache.catalina.core.StandardEngine.log:180 -Starting Servlet Engine: Apache Tomcat/8.5.29
2019-06-11 23:19:09.044 INFO [localhost-startStop-1]org.apache.catalina.core.AprLifecycleListener.log:180 -The APR based Apache Tomcat Native library which allows optimal performance in production environments was not found on the java.library.path: [/Users/zhaoyanan/Library/Java/Extensions:/Library/Java/Extensions:/Network/Library/Java/Extensions:/System/Library/Java/Extensions:/usr/lib/java:.]
2019-06-11 23:19:09.159 INFO [localhost-startStop-1]o.a.catalina.core.ContainerBase.[Tomcat].[localhost].[/].log:180 -Initializing Spring embedded WebApplicationContext
2019-06-11 23:19:09.159 INFO [localhost-startStop-1]org.springframework.web.context.ContextLoader.prepareWebApplicationContext:285 -Root WebApplicationContext: initialization completed in 1509 ms
2019-06-11 23:19:09.294 INFO [localhost-startStop-1]o.s.boot.web.servlet.ServletRegistrationBean.addRegistration:185 -Servlet dispatcherServlet mapped to [/]
2019-06-11 23:19:09.299 INFO [localhost-startStop-1]o.s.boot.web.servlet.FilterRegistrationBean.configure:244 -Mapping filter: 'characterEncodingFilter' to: [/*]
2019-06-11 23:19:09.300 INFO [localhost-startStop-1]o.s.boot.web.servlet.FilterRegistrationBean.configure:244 -Mapping filter: 'hiddenHttpMethodFilter' to: [/*]
2019-06-11 23:19:09.300 INFO [localhost-startStop-1]o.s.boot.web.servlet.FilterRegistrationBean.configure:244 -Mapping filter: 'httpPutFormContentFilter' to: [/*]
2019-06-11 23:19:09.300 INFO [localhost-startStop-1]o.s.boot.web.servlet.FilterRegistrationBean.configure:244 -Mapping filter: 'requestContextFilter' to: [/*]
2019-06-11 23:19:10.115 INFO [main]o.s.web.servlet.handler.SimpleUrlHandlerMapping.registerHandler:373 -Mapped URL path [/**/favicon.ico] onto handler of type [class org.springframework.web.servlet.resource.ResourceHttpRequestHandler]
2019-06-11 23:19:10.365 INFO [main]o.s.w.s.m.method.annotation.RequestMappingHandlerAdapter.initControllerAdviceCache:574 -Looking for @ControllerAdvice: org.springframework.boot.web.servlet.context.AnnotationConfigServletWebServerApplicationContext@6057aebb: startup date [Tue Jun 11 23:19:07 CST 2019]; root of context hierarchy
2019-06-11 23:19:10.430 INFO [main]o.s.w.s.m.method.annotation.RequestMappingHandlerMapping.register:547 -Mapped "{[/test/testController]}" onto public java.lang.String com.acong.controller.TestController.testController()
2019-06-11 23:19:10.431 INFO [main]o.s.w.s.m.method.annotation.RequestMappingHandlerMapping.register:547 -Mapped "{[/test/queryAll]}" onto public java.util.List<com.acong.entity.User> com.acong.controller.TestController.queryAll()
2019-06-11 23:19:10.433 INFO [main]o.s.w.s.m.method.annotation.RequestMappingHandlerMapping.register:547 -Mapped "{[/test/findUserById]}" onto public java.util.Map<java.lang.String, java.lang.Object> com.acong.controller.TestController.findUserById(int)
2019-06-11 23:19:10.433 INFO [main]o.s.w.s.m.method.annotation.RequestMappingHandlerMapping.register:547 -Mapped "{[/test/updateUser]}" onto public java.lang.String com.acong.controller.TestController.updateUser()
2019-06-11 23:19:10.433 INFO [main]o.s.w.s.m.method.annotation.RequestMappingHandlerMapping.register:547 -Mapped "{[/test/deleteUserById]}" onto public java.lang.String com.acong.controller.TestController.deleteUserById(int)
2019-06-11 23:19:10.435 INFO [main]o.s.w.s.m.method.annotation.RequestMappingHandlerMapping.register:547 -Mapped "{[/error]}" onto public org.springframework.http.ResponseEntity<java.util.Map<java.lang.String, java.lang.Object>> org.springframework.boot.autoconfigure.web.servlet.error.BasicErrorController.error(javax.servlet.http.HttpServletRequest)
2019-06-11 23:19:10.436 INFO [main]o.s.w.s.m.method.annotation.RequestMappingHandlerMapping.register:547 -Mapped "{[/error],produces=[text/html]}" onto public org.springframework.web.servlet.ModelAndView org.springframework.boot.autoconfigure.web.servlet.error.BasicErrorController.errorHtml(javax.servlet.http.HttpServletRequest,javax.servlet.http.HttpServletResponse)
2019-06-11 23:19:10.469 INFO [main]o.s.web.servlet.handler.SimpleUrlHandlerMapping.registerHandler:373 -Mapped URL path [/webjars/**] onto handler of type [class org.springframework.web.servlet.resource.ResourceHttpRequestHandler]
2019-06-11 23:19:10.470 INFO [main]o.s.web.servlet.handler.SimpleUrlHandlerMapping.registerHandler:373 -Mapped URL path [/**] onto handler of type [class org.springframework.web.servlet.resource.ResourceHttpRequestHandler]
2019-06-11 23:19:10.873 INFO [main]o.s.jmx.export.annotation.AnnotationMBeanExporter.afterSingletonsInstantiated:433 -Registering beans for JMX exposure on startup
2019-06-11 23:19:10.874 INFO [main]o.s.jmx.export.annotation.AnnotationMBeanExporter.autodetect:895 -Bean with name 'dataSource' has been autodetected for JMX exposure
2019-06-11 23:19:10.880 INFO [main]o.s.jmx.export.annotation.AnnotationMBeanExporter.registerBeanInstance:668 -Located MBean 'dataSource': registering with JMX server as MBean [com.zaxxer.hikari:name=dataSource,type=HikariDataSource]
2019-06-11 23:19:10.894 INFO [main]org.apache.coyote.http11.Http11NioProtocol.log:180 -Starting ProtocolHandler ["http-nio-8081"]
2019-06-11 23:19:10.917 INFO [main]org.apache.tomcat.util.net.NioSelectorPool.log:180 -Using a shared selector for servlet write/read
2019-06-11 23:19:10.933 INFO [main]o.s.boot.web.embedded.tomcat.TomcatWebServer.start:206 -Tomcat started on port(s): 8081 (http) with context path ''
2019-06-11 23:19:10.938 INFO [main]com.acong.MainApp.logStarted:59 -Started MainApp in 23.931 seconds (JVM running for 30.487)
2019-06-11 23:46:16.882 INFO [Thread-50]o.s.b.w.s.c.AnnotationConfigServletWebServerApplicationContext.doClose:993 -Closing org.springframework.boot.web.servlet.context.AnnotationConfigServletWebServerApplicationContext@6057aebb: startup date [Tue Jun 11 23:19:07 CST 2019]; root of context hierarchy
2019-06-11 23:46:16.977 INFO [Thread-50]o.s.jmx.export.annotation.AnnotationMBeanExporter.destroy:451 -Unregistering JMX-exposed beans on shutdown
2019-06-11 23:46:16.978 INFO [Thread-50]o.s.jmx.export.annotation.AnnotationMBeanExporter.unregisterBeans:183 -Unregistering JMX-exposed beans
